<?xml version="1.0" encoding="utf-8"?>
<CoverageSession xmlns:xsd="http://www.w3.org/2001/XMLSchema" xmlns:xsi="http://www.w3.org/2001/XMLSchema-instance" Version="0.0.0.0">
  <Summary numSequencePoints="148" visitedSequencePoints="122" numBranchPoints="0" visitedBranchPoints="0" sequenceCoverage="82.43" branchCoverage="0.0" maxCyclomaticComplexity="7" minCyclomaticComplexity="1" maxCrapScore="13.02" minCrapScore="1" visitedClasses="6" numClasses="6" visitedMethods="15" numMethods="15" />
  <Modules>
    <Module>
      <Summary numSequencePoints="135" visitedSequencePoints="109" numBranchPoints="0" visitedBranchPoints="0" sequenceCoverage="80.74" branchCoverage="0.0" maxCyclomaticComplexity="7" minCyclomaticComplexity="1" maxCrapScore="13.02" minCrapScore="1" visitedClasses="4" numClasses="4" visitedMethods="13" numMethods="13" />
      <ModuleTime>0001-01-01T00:00:00</ModuleTime>
      <ModuleName>Scripts</ModuleName>
      <Files>
        <File uid="1" fullPath="/Users/hamzz/Development/holoway/HoloWay/Assets/Assets/Code/Scripts/Character/CharacterMovementScript.cs" />
        <File uid="2" fullPath="/Users/hamzz/Development/holoway/HoloWay/Assets/Assets/Code/Scripts/Character/CharacterNetworkScript.cs" />
        <File uid="3" fullPath="/Users/hamzz/Development/holoway/HoloWay/Assets/Assets/Code/Scripts/Globals/GlobalAudioSettings.cs" />
        <File uid="4" fullPath="/Users/hamzz/Development/holoway/HoloWay/Assets/Assets/Code/Scripts/Globals/GlobalGameSettings.cs" />
        <File uid="5" fullPath="/Users/hamzz/Development/holoway/HoloWay/Assets/Assets/Code/Scripts/Globals/GlobalGameStates.cs" />
        <File uid="6" fullPath="/Users/hamzz/Development/holoway/HoloWay/Assets/Assets/Code/Scripts/Globals/GlobalGameStrings.cs" />
        <File uid="7" fullPath="/Users/hamzz/Development/holoway/HoloWay/Assets/Assets/Code/Scripts/Globals/GlobalNetworkSettings.cs" />
        <File uid="8" fullPath="/Users/hamzz/Development/holoway/HoloWay/Assets/Assets/Code/Scripts/Menu/AvatarModificationMenuLineRender.cs" />
        <File uid="9" fullPath="/Users/hamzz/Development/holoway/HoloWay/Assets/Assets/Code/Scripts/Menu/AvatarModificationMenuScript.cs" />
        <File uid="10" fullPath="/Users/hamzz/Development/holoway/HoloWay/Assets/Assets/Code/Scripts/Menu/JoinRoom.cs" />
        <File uid="11" fullPath="/Users/hamzz/Development/holoway/HoloWay/Assets/Assets/Code/Scripts/Menu/LoginManager.cs" />
        <File uid="12" fullPath="/Users/hamzz/Development/holoway/HoloWay/Assets/Assets/Code/Scripts/Menu/MainMenuScript.cs" />
        <File uid="13" fullPath="/Users/hamzz/Development/holoway/HoloWay/Assets/Assets/Code/Scripts/Menu/ModCameraScript.cs" />
        <File uid="14" fullPath="/Users/hamzz/Development/holoway/HoloWay/Assets/Assets/Code/Scripts/Menu/PauseMenuScript.cs" />
        <File uid="15" fullPath="/Users/hamzz/Development/holoway/HoloWay/Assets/Assets/Code/Scripts/Menu/RoomSelectionMenuScript.cs" />
        <File uid="16" fullPath="/Users/hamzz/Development/holoway/HoloWay/Assets/Assets/Code/Scripts/Menu/SavingPanelBehaviour.cs" />
        <File uid="17" fullPath="/Users/hamzz/Development/holoway/HoloWay/Assets/Assets/Code/Scripts/Menu/SettingsMenuScript.cs" />
        <File uid="18" fullPath="/Users/hamzz/Development/holoway/HoloWay/Assets/Assets/Code/Scripts/Multiplayer/ClientNetworkAnimator.cs" />
        <File uid="19" fullPath="/Users/hamzz/Development/holoway/HoloWay/Assets/Assets/Code/Scripts/Multiplayer/ClientNetworkTransform.cs" />
        <File uid="20" fullPath="/Users/hamzz/Development/holoway/HoloWay/Assets/Assets/Code/Scripts/Multiplayer/NetworkManagerInitializer.cs" />
        <File uid="21" fullPath="/Users/hamzz/Development/holoway/HoloWay/Assets/Assets/Code/Scripts/Multiplayer/ServerSideScript.cs" />
        <File uid="22" fullPath="/Users/hamzz/Development/holoway/HoloWay/Assets/Assets/Code/Scripts/Splash/SplashScreen.cs" />
        <File uid="23" fullPath="/Users/hamzz/Development/holoway/HoloWay/Assets/Assets/Code/Scripts/Utilities/ChangeCameraVIew.cs" />
        <File uid="24" fullPath="/Users/hamzz/Development/holoway/HoloWay/Assets/Assets/Code/Scripts/Utilities/ChangeScene.cs" />
        <File uid="25" fullPath="/Users/hamzz/Development/holoway/HoloWay/Assets/Assets/Code/Scripts/Utilities/CommonMenuUtilities.cs" />
        <File uid="26" fullPath="/Users/hamzz/Development/holoway/HoloWay/Assets/Assets/Code/Scripts/Utilities/LoginSession.cs" />
        <File uid="27" fullPath="/Users/hamzz/Development/holoway/HoloWay/Assets/Assets/Code/Scripts/Utilities/Logout.cs" />
        <File uid="28" fullPath="/Users/hamzz/Development/holoway/HoloWay/Assets/Assets/Code/Scripts/Utilities/PlatformCameraInitializer.cs" />
        <File uid="29" fullPath="/Users/hamzz/Development/holoway/HoloWay/Assets/Assets/Code/Scripts/Utilities/Quit.cs" />
        <File uid="30" fullPath="/Users/hamzz/Development/holoway/HoloWay/Assets/Assets/Code/Scripts/Voice/UserEventHandler.cs" />
        <File uid="31" fullPath="/Users/hamzz/Development/holoway/HoloWay/Assets/Assets/Code/Scripts/Voice/VoiceHandler.cs" />
        <File uid="32" fullPath="/Users/hamzz/Development/holoway/HoloWay/Assets/Assets/Code/Scripts/Whiteboard/DrawPoints.cs" />
        <File uid="33" fullPath="/Users/hamzz/Development/holoway/HoloWay/Assets/Assets/Code/Scripts/Whiteboard/MovePoint.cs" />
        <File uid="34" fullPath="/Users/hamzz/Development/holoway/HoloWay/Assets/Assets/Code/Scripts/HolowayAPI/GetQueryCreator.cs" />
        <File uid="35" fullPath="/Users/hamzz/Development/holoway/HoloWay/Assets/Assets/Code/Scripts/HolowayAPI/HolowayAPI.cs" />
      </Files>
      <Classes>
        <Class>
          <Summary numSequencePoints="31" visitedSequencePoints="31" numBranchPoints="0" visitedBranchPoints="0" sequenceCoverage="100.0" branchCoverage="0.0" maxCyclomaticComplexity="5" minCyclomaticComplexity="1" maxCrapScore="5" minCrapScore="1" visitedClasses="1" numClasses="1" visitedMethods="3" numMethods="3" />
          <FullName>AvatarModificationMenuLineRender</FullName>
          <Methods>
            <Method visited="true" cyclomaticComplexity="5" nPathComplexity="0" sequenceCoverage="100.0" branchCoverage="0" crapScore="5" isConstructor="false" isStatic="false" isGetter="false" isSetter="false">
              <Summary numSequencePoints="19" visitedSequencePoints="19" numBranchPoints="0" visitedBranchPoints="0" sequenceCoverage="100.0" branchCoverage="0" maxCyclomaticComplexity="5" minCyclomaticComplexity="5" maxCrapScore="5" minCrapScore="5" visitedClasses="0" numClasses="0" visitedMethods="1" numMethods="1" />
              <MetadataToken>100663344</MetadataToken>
              <Name>System.Void AvatarModificationMenuLineRender::Start()</Name>
              <FileRef uid="8" />
              <SequencePoints>
                <SequencePoint vc="4" uspid="10928" ordinal="0" offset="0" sl="17" sc="5" el="17" ec="5" bec="0" bev="0" fileid="8">
                  <TrackedMethodRefs>
                    <TrackedMethodRef uid="0" vc="4" />
                  </TrackedMethodRefs>
                </SequencePoint>
                <SequencePoint vc="4" uspid="10929" ordinal="0" offset="1" sl="18" sc="9" el="18" ec="9" bec="0" bev="0" fileid="8">
                  <TrackedMethodRefs>
                    <TrackedMethodRef uid="0" vc="4" />
                  </TrackedMethodRefs>
                </SequencePoint>
                <SequencePoint vc="4" uspid="10930" ordinal="0" offset="17" sl="19" sc="9" el="19" ec="9" bec="0" bev="0" fileid="8">
                  <TrackedMethodRefs>
                    <TrackedMethodRef uid="0" vc="4" />
                  </TrackedMethodRefs>
                </SequencePoint>
                <SequencePoint vc="4" uspid="10931" ordinal="0" offset="18" sl="20" sc="13" el="20" ec="13" bec="0" bev="0" fileid="8">
                  <TrackedMethodRefs>
                    <TrackedMethodRef uid="0" vc="4" />
                  </TrackedMethodRefs>
                </SequencePoint>
                <SequencePoint vc="4" uspid="10932" ordinal="0" offset="35" sl="21" sc="9" el="21" ec="9" bec="0" bev="0" fileid="8">
                  <TrackedMethodRefs>
                    <TrackedMethodRef uid="0" vc="4" />
                  </TrackedMethodRefs>
                </SequencePoint>
                <SequencePoint vc="4" uspid="10933" ordinal="0" offset="36" sl="22" sc="9" el="22" ec="9" bec="0" bev="0" fileid="8">
                  <TrackedMethodRefs>
                    <TrackedMethodRef uid="0" vc="4" />
                  </TrackedMethodRefs>
                </SequencePoint>
                <SequencePoint vc="4" uspid="10934" ordinal="0" offset="48" sl="23" sc="9" el="23" ec="9" bec="0" bev="0" fileid="8">
                  <TrackedMethodRefs>
                    <TrackedMethodRef uid="0" vc="4" />
                  </TrackedMethodRefs>
                </SequencePoint>
                <SequencePoint vc="4" uspid="10935" ordinal="0" offset="49" sl="23" sc="36" el="23" ec="36" bec="0" bev="0" fileid="8">
                  <TrackedMethodRefs>
                    <TrackedMethodRef uid="0" vc="4" />
                  </TrackedMethodRefs>
                </SequencePoint>
                <SequencePoint vc="16" uspid="10936" ordinal="0" offset="55" sl="23" sc="17" el="23" ec="17" bec="0" bev="0" fileid="8">
                  <TrackedMethodRefs>
                    <TrackedMethodRef uid="0" vc="16" />
                  </TrackedMethodRefs>
                </SequencePoint>
                <SequencePoint vc="16" uspid="10937" ordinal="0" offset="60" sl="24" sc="9" el="24" ec="9" bec="0" bev="0" fileid="8">
                  <TrackedMethodRefs>
                    <TrackedMethodRef uid="0" vc="16" />
                  </TrackedMethodRefs>
                </SequencePoint>
                <SequencePoint vc="16" uspid="10938" ordinal="0" offset="61" sl="25" sc="13" el="25" ec="13" bec="0" bev="0" fileid="8">
                  <TrackedMethodRefs>
                    <TrackedMethodRef uid="0" vc="16" />
                  </TrackedMethodRefs>
                </SequencePoint>
                <SequencePoint vc="16" uspid="10939" ordinal="0" offset="74" sl="26" sc="13" el="26" ec="13" bec="0" bev="0" fileid="8">
                  <TrackedMethodRefs>
                    <TrackedMethodRef uid="0" vc="16" />
                  </TrackedMethodRefs>
                </SequencePoint>
                <SequencePoint vc="4" uspid="10940" ordinal="0" offset="97" sl="26" sc="60" el="26" ec="60" bec="0" bev="0" fileid="8">
                  <TrackedMethodRefs>
                    <TrackedMethodRef uid="0" vc="4" />
                  </TrackedMethodRefs>
                </SequencePoint>
                <SequencePoint vc="16" uspid="10941" ordinal="0" offset="110" sl="27" sc="13" el="27" ec="13" bec="0" bev="0" fileid="8">
                  <TrackedMethodRefs>
                    <TrackedMethodRef uid="0" vc="16" />
                  </TrackedMethodRefs>
                </SequencePoint>
                <SequencePoint vc="4" uspid="10942" ordinal="0" offset="133" sl="27" sc="58" el="27" ec="58" bec="0" bev="0" fileid="8">
                  <TrackedMethodRefs>
                    <TrackedMethodRef uid="0" vc="4" />
                  </TrackedMethodRefs>
                </SequencePoint>
                <SequencePoint vc="16" uspid="10943" ordinal="0" offset="146" sl="28" sc="9" el="28" ec="9" bec="0" bev="0" fileid="8">
                  <TrackedMethodRefs>
                    <TrackedMethodRef uid="0" vc="16" />
                  </TrackedMethodRefs>
                </SequencePoint>
                <SequencePoint vc="20" uspid="10944" ordinal="0" offset="151" sl="23" sc="33" el="23" ec="33" bec="0" bev="0" fileid="8">
                  <TrackedMethodRefs>
                    <TrackedMethodRef uid="0" vc="20" />
                  </TrackedMethodRefs>
                </SequencePoint>
                <SequencePoint vc="4" uspid="10945" ordinal="0" offset="157" sl="29" sc="9" el="29" ec="9" bec="0" bev="0" fileid="8">
                  <TrackedMethodRefs>
                    <TrackedMethodRef uid="0" vc="4" />
                  </TrackedMethodRefs>
                </SequencePoint>
                <SequencePoint vc="4" uspid="10946" ordinal="0" offset="175" sl="30" sc="5" el="30" ec="5" bec="0" bev="0" fileid="8">
                  <TrackedMethodRefs>
                    <TrackedMethodRef uid="0" vc="4" />
                  </TrackedMethodRefs>
                </SequencePoint>
              </SequencePoints>
              <BranchPoints />
            </Method>
            <Method visited="true" cyclomaticComplexity="2" nPathComplexity="0" sequenceCoverage="100.0" branchCoverage="0" crapScore="2" isConstructor="false" isStatic="false" isGetter="false" isSetter="false">
              <Summary numSequencePoints="10" visitedSequencePoints="10" numBranchPoints="0" visitedBranchPoints="0" sequenceCoverage="100.0" branchCoverage="0" maxCyclomaticComplexity="2" minCyclomaticComplexity="2" maxCrapScore="2" minCrapScore="2" visitedClasses="0" numClasses="0" visitedMethods="1" numMethods="1" />
              <MetadataToken>100663345</MetadataToken>
              <Name>System.Void AvatarModificationMenuLineRender::Update()</Name>
              <FileRef uid="8" />
              <SequencePoints>
                <SequencePoint vc="4884" uspid="10947" ordinal="0" offset="0" sl="34" sc="5" el="34" ec="5" bec="0" bev="0" fileid="8">
                  <TrackedMethodRefs>
                    <TrackedMethodRef uid="0" vc="4884" />
                  </TrackedMethodRefs>
                </SequencePoint>
                <SequencePoint vc="4884" uspid="10948" ordinal="0" offset="1" sl="35" sc="9" el="35" ec="9" bec="0" bev="0" fileid="8">
                  <TrackedMethodRefs>
                    <TrackedMethodRef uid="0" vc="4884" />
                  </TrackedMethodRefs>
                </SequencePoint>
                <SequencePoint vc="4884" uspid="10949" ordinal="0" offset="19" sl="36" sc="9" el="36" ec="9" bec="0" bev="0" fileid="8">
                  <TrackedMethodRefs>
                    <TrackedMethodRef uid="0" vc="4884" />
                  </TrackedMethodRefs>
                </SequencePoint>
                <SequencePoint vc="4884" uspid="10950" ordinal="0" offset="37" sl="37" sc="9" el="37" ec="9" bec="0" bev="0" fileid="8">
                  <TrackedMethodRefs>
                    <TrackedMethodRef uid="0" vc="4884" />
                  </TrackedMethodRefs>
                </SequencePoint>
                <SequencePoint vc="4884" uspid="10951" ordinal="0" offset="53" sl="38" sc="9" el="38" ec="9" bec="0" bev="0" fileid="8">
                  <TrackedMethodRefs>
                    <TrackedMethodRef uid="0" vc="4884" />
                  </TrackedMethodRefs>
                </SequencePoint>
                <SequencePoint vc="4884" uspid="10952" ordinal="0" offset="54" sl="39" sc="13" el="39" ec="13" bec="0" bev="0" fileid="8">
                  <TrackedMethodRefs>
                    <TrackedMethodRef uid="0" vc="4884" />
                  </TrackedMethodRefs>
                </SequencePoint>
                <SequencePoint vc="4884" uspid="10953" ordinal="0" offset="87" sl="40" sc="9" el="40" ec="9" bec="0" bev="0" fileid="8">
                  <TrackedMethodRefs>
                    <TrackedMethodRef uid="0" vc="4884" />
                  </TrackedMethodRefs>
                </SequencePoint>
                <SequencePoint vc="4884" uspid="10954" ordinal="0" offset="88" sl="41" sc="9" el="41" ec="9" bec="0" bev="0" fileid="8">
                  <TrackedMethodRefs>
                    <TrackedMethodRef uid="0" vc="4884" />
                  </TrackedMethodRefs>
                </SequencePoint>
                <SequencePoint vc="4884" uspid="10955" ordinal="0" offset="117" sl="42" sc="9" el="42" ec="9" bec="0" bev="0" fileid="8">
                  <TrackedMethodRefs>
                    <TrackedMethodRef uid="0" vc="4884" />
                  </TrackedMethodRefs>
                </SequencePoint>
                <SequencePoint vc="4884" uspid="10956" ordinal="0" offset="146" sl="43" sc="5" el="43" ec="5" bec="0" bev="0" fileid="8">
                  <TrackedMethodRefs>
                    <TrackedMethodRef uid="0" vc="4884" />
                  </TrackedMethodRefs>
                </SequencePoint>
              </SequencePoints>
              <BranchPoints />
            </Method>
            <Method visited="true" cyclomaticComplexity="1" nPathComplexity="0" sequenceCoverage="100.0" branchCoverage="0" crapScore="1" isConstructor="true" isStatic="false" isGetter="false" isSetter="false">
              <Summary numSequencePoints="2" visitedSequencePoints="2" numBranchPoints="0" visitedBranchPoints="0" sequenceCoverage="100.0" branchCoverage="0" maxCyclomaticComplexity="1" minCyclomaticComplexity="1" maxCrapScore="1" minCrapScore="1" visitedClasses="0" numClasses="0" visitedMethods="1" numMethods="1" />
              <MetadataToken>100663346</MetadataToken>
              <Name>AvatarModificationMenuLineRender::AvatarModificationMenuLineRender()</Name>
              <FileRef uid="8" />
              <SequencePoints>
                <SequencePoint vc="6" uspid="10957" ordinal="0" offset="0" sl="13" sc="5" el="13" ec="5" bec="0" bev="0" fileid="8">
                  <TrackedMethodRefs>
                    <TrackedMethodRef uid="0" vc="6" />
                  </TrackedMethodRefs>
                </SequencePoint>
                <SequencePoint vc="6" uspid="10958" ordinal="0" offset="7" sl="14" sc="5" el="14" ec="5" bec="0" bev="0" fileid="8">
                  <TrackedMethodRefs>
                    <TrackedMethodRef uid="0" vc="6" />
                  </TrackedMethodRefs>
                </SequencePoint>
              </SequencePoints>
              <BranchPoints />
            </Method>
          </Methods>
        </Class>
        <Class>
          <Summary numSequencePoints="70" visitedSequencePoints="63" numBranchPoints="0" visitedBranchPoints="0" sequenceCoverage="90.00" branchCoverage="0.0" maxCyclomaticComplexity="7" minCyclomaticComplexity="1" maxCrapScore="7.02" minCrapScore="1" visitedClasses="1" numClasses="1" visitedMethods="6" numMethods="6" />
          <FullName>AvatarModificationMenuScript</FullName>
          <Methods>
            <Method visited="true" cyclomaticComplexity="7" nPathComplexity="0" sequenceCoverage="92.31" branchCoverage="0" crapScore="7.02" isConstructor="false" isStatic="false" isGetter="false" isSetter="false">
              <Summary numSequencePoints="26" visitedSequencePoints="24" numBranchPoints="0" visitedBranchPoints="0" sequenceCoverage="92.31" branchCoverage="0" maxCyclomaticComplexity="7" minCyclomaticComplexity="7" maxCrapScore="7.02" minCrapScore="7.02" visitedClasses="0" numClasses="0" visitedMethods="1" numMethods="1" />
              <MetadataToken>100663347</MetadataToken>
              <Name>System.Void AvatarModificationMenuScript::Start()</Name>
              <FileRef uid="9" />
              <SequencePoints>
                <SequencePoint vc="1" uspid="10959" ordinal="0" offset="0" sl="67" sc="5" el="67" ec="5" bec="0" bev="0" fileid="9">
                  <TrackedMethodRefs>
                    <TrackedMethodRef uid="0" vc="1" />
                  </TrackedMethodRefs>
                </SequencePoint>
                <SequencePoint vc="1" uspid="10960" ordinal="0" offset="1" sl="69" sc="9" el="69" ec="9" bec="0" bev="0" fileid="9">
                  <TrackedMethodRefs>
                    <TrackedMethodRef uid="0" vc="1" />
                  </TrackedMethodRefs>
                </SequencePoint>
                <SequencePoint vc="1" uspid="10961" ordinal="0" offset="18" sl="70" sc="9" el="70" ec="9" bec="0" bev="0" fileid="9">
                  <TrackedMethodRefs>
                    <TrackedMethodRef uid="0" vc="1" />
                  </TrackedMethodRefs>
                </SequencePoint>
                <SequencePoint vc="1" uspid="10962" ordinal="0" offset="35" sl="71" sc="9" el="71" ec="9" bec="0" bev="0" fileid="9">
                  <TrackedMethodRefs>
                    <TrackedMethodRef uid="0" vc="1" />
                  </TrackedMethodRefs>
                </SequencePoint>
                <SequencePoint vc="1" uspid="10963" ordinal="0" offset="52" sl="72" sc="9" el="72" ec="9" bec="0" bev="0" fileid="9">
                  <TrackedMethodRefs>
                    <TrackedMethodRef uid="0" vc="1" />
                  </TrackedMethodRefs>
                </SequencePoint>
                <SequencePoint vc="1" uspid="10964" ordinal="0" offset="65" sl="73" sc="9" el="73" ec="9" bec="0" bev="0" fileid="9">
                  <TrackedMethodRefs>
                    <TrackedMethodRef uid="0" vc="1" />
                  </TrackedMethodRefs>
                </SequencePoint>
                <SequencePoint vc="1" uspid="10965" ordinal="0" offset="78" sl="74" sc="9" el="74" ec="9" bec="0" bev="0" fileid="9">
                  <TrackedMethodRefs>
                    <TrackedMethodRef uid="0" vc="1" />
                  </TrackedMethodRefs>
                </SequencePoint>
                <SequencePoint vc="1" uspid="10966" ordinal="0" offset="88" sl="75" sc="9" el="75" ec="9" bec="0" bev="0" fileid="9">
                  <TrackedMethodRefs>
                    <TrackedMethodRef uid="0" vc="1" />
                  </TrackedMethodRefs>
                </SequencePoint>
                <SequencePoint vc="1" uspid="10967" ordinal="0" offset="89" sl="76" sc="13" el="76" ec="13" bec="0" bev="0" fileid="9">
                  <TrackedMethodRefs>
                    <TrackedMethodRef uid="0" vc="1" />
                  </TrackedMethodRefs>
                </SequencePoint>
                <SequencePoint vc="1" uspid="10968" ordinal="0" offset="114" sl="77" sc="13" el="77" ec="13" bec="0" bev="0" fileid="9">
                  <TrackedMethodRefs>
                    <TrackedMethodRef uid="0" vc="1" />
                  </TrackedMethodRefs>
                </SequencePoint>
                <SequencePoint vc="1" uspid="10969" ordinal="0" offset="139" sl="78" sc="9" el="78" ec="9" bec="0" bev="0" fileid="9">
                  <TrackedMethodRefs>
                    <TrackedMethodRef uid="0" vc="1" />
                  </TrackedMethodRefs>
                </SequencePoint>
                <SequencePoint vc="1" uspid="10970" ordinal="0" offset="140" sl="79" sc="9" el="79" ec="9" bec="0" bev="0" fileid="9">
                  <TrackedMethodRefs>
                    <TrackedMethodRef uid="0" vc="1" />
                  </TrackedMethodRefs>
                </SequencePoint>
                <SequencePoint vc="1" uspid="10971" ordinal="0" offset="162" sl="87" sc="9" el="87" ec="9" bec="0" bev="0" fileid="9">
                  <TrackedMethodRefs>
                    <TrackedMethodRef uid="0" vc="1" />
                  </TrackedMethodRefs>
                </SequencePoint>
                <SequencePoint vc="1" uspid="10972" ordinal="0" offset="173" sl="90" sc="9" el="90" ec="9" bec="0" bev="0" fileid="9">
                  <TrackedMethodRefs>
                    <TrackedMethodRef uid="0" vc="1" />
                  </TrackedMethodRefs>
                </SequencePoint>
                <SequencePoint vc="1" uspid="10973" ordinal="0" offset="181" sl="91" sc="9" el="91" ec="9" bec="0" bev="0" fileid="9">
                  <TrackedMethodRefs>
                    <TrackedMethodRef uid="0" vc="1" />
                  </TrackedMethodRefs>
                </SequencePoint>
                <SequencePoint vc="1" uspid="10974" ordinal="0" offset="182" sl="92" sc="13" el="92" ec="13" bec="0" bev="0" fileid="9">
                  <TrackedMethodRefs>
                    <TrackedMethodRef uid="0" vc="1" />
                  </TrackedMethodRefs>
                </SequencePoint>
                <SequencePoint vc="1" uspid="10975" ordinal="0" offset="216" sl="93" sc="13" el="93" ec="13" bec="0" bev="0" fileid="9">
                  <TrackedMethodRefs>
                    <TrackedMethodRef uid="0" vc="1" />
                  </TrackedMethodRefs>
                </SequencePoint>
                <SequencePoint vc="1" uspid="10976" ordinal="0" offset="217" sl="94" sc="17" el="94" ec="17" bec="0" bev="0" fileid="9">
                  <TrackedMethodRefs>
                    <TrackedMethodRef uid="0" vc="1" />
                  </TrackedMethodRefs>
                </SequencePoint>
                <SequencePoint vc="1" uspid="10977" ordinal="0" offset="234" sl="95" sc="17" el="95" ec="17" bec="0" bev="0" fileid="9">
                  <TrackedMethodRefs>
                    <TrackedMethodRef uid="0" vc="1" />
                  </TrackedMethodRefs>
                </SequencePoint>
                <SequencePoint vc="1" uspid="10978" ordinal="0" offset="249" sl="96" sc="13" el="96" ec="13" bec="0" bev="0" fileid="9">
                  <TrackedMethodRefs>
                    <TrackedMethodRef uid="0" vc="1" />
                  </TrackedMethodRefs>
                </SequencePoint>
                <SequencePoint vc="1" uspid="10979" ordinal="0" offset="250" sl="97" sc="9" el="97" ec="9" bec="0" bev="0" fileid="9">
                  <TrackedMethodRefs>
                    <TrackedMethodRef uid="0" vc="1" />
                  </TrackedMethodRefs>
                </SequencePoint>
                <SequencePoint vc="1" uspid="10980" ordinal="0" offset="251" sl="98" sc="9" el="98" ec="9" bec="0" bev="0" fileid="9">
                  <TrackedMethodRefs>
                    <TrackedMethodRef uid="0" vc="1" />
                  </TrackedMethodRefs>
                </SequencePoint>
                <SequencePoint vc="1" uspid="10981" ordinal="0" offset="286" sl="98" sc="52" el="98" ec="52" bec="0" bev="0" fileid="9">
                  <TrackedMethodRefs>
                    <TrackedMethodRef uid="0" vc="1" />
                  </TrackedMethodRefs>
                </SequencePoint>
                <SequencePoint vc="0" uspid="10982" ordinal="0" offset="301" sl="99" sc="14" el="99" ec="14" bec="0" bev="0" fileid="9">
                  <TrackedMethodRefs>
                    <TrackedMethodRef uid="0" vc="0" />
                  </TrackedMethodRefs>
                </SequencePoint>
                <SequencePoint vc="0" uspid="10983" ordinal="0" offset="336" sl="99" sc="57" el="99" ec="57" bec="0" bev="0" fileid="9">
                  <TrackedMethodRefs>
                    <TrackedMethodRef uid="0" vc="0" />
                  </TrackedMethodRefs>
                </SequencePoint>
                <SequencePoint vc="1" uspid="10984" ordinal="0" offset="349" sl="101" sc="5" el="101" ec="5" bec="0" bev="0" fileid="9">
                  <TrackedMethodRefs>
                    <TrackedMethodRef uid="0" vc="1" />
                  </TrackedMethodRefs>
                </SequencePoint>
              </SequencePoints>
              <BranchPoints />
            </Method>
            <Method visited="true" cyclomaticComplexity="2" nPathComplexity="0" sequenceCoverage="71.43" branchCoverage="0" crapScore="2.09" isConstructor="false" isStatic="false" isGetter="false" isSetter="false">
              <Summary numSequencePoints="7" visitedSequencePoints="5" numBranchPoints="0" visitedBranchPoints="0" sequenceCoverage="71.43" branchCoverage="0" maxCyclomaticComplexity="2" minCyclomaticComplexity="2" maxCrapScore="2.09" minCrapScore="2.09" visitedClasses="0" numClasses="0" visitedMethods="1" numMethods="1" />
              <MetadataToken>100663349</MetadataToken>
              <Name>System.Boolean AvatarModificationMenuScript::GetEscapePressed()</Name>
              <FileRef uid="9" />
              <SequencePoints>
                <SequencePoint vc="1221" uspid="10993" ordinal="0" offset="0" sl="117" sc="5" el="117" ec="5" bec="0" bev="0" fileid="9">
                  <TrackedMethodRefs>
                    <TrackedMethodRef uid="0" vc="1221" />
                  </TrackedMethodRefs>
                </SequencePoint>
                <SequencePoint vc="1221" uspid="10994" ordinal="0" offset="1" sl="118" sc="9" el="118" ec="9" bec="0" bev="0" fileid="9">
                  <TrackedMethodRefs>
                    <TrackedMethodRef uid="0" vc="1221" />
                  </TrackedMethodRefs>
                </SequencePoint>
                <SequencePoint vc="0" uspid="10995" ordinal="0" offset="11" sl="119" sc="9" el="119" ec="9" bec="0" bev="0" fileid="9">
                  <TrackedMethodRefs>
                    <TrackedMethodRef uid="0" vc="0" />
                  </TrackedMethodRefs>
                </SequencePoint>
                <SequencePoint vc="0" uspid="10996" ordinal="0" offset="12" sl="120" sc="13" el="120" ec="13" bec="0" bev="0" fileid="9">
                  <TrackedMethodRefs>
                    <TrackedMethodRef uid="0" vc="0" />
                  </TrackedMethodRefs>
                </SequencePoint>
                <SequencePoint vc="1221" uspid="10997" ordinal="0" offset="16" sl="123" sc="9" el="123" ec="9" bec="0" bev="0" fileid="9">
                  <TrackedMethodRefs>
                    <TrackedMethodRef uid="0" vc="1221" />
                  </TrackedMethodRefs>
                </SequencePoint>
                <SequencePoint vc="1221" uspid="10998" ordinal="0" offset="17" sl="124" sc="13" el="124" ec="13" bec="0" bev="0" fileid="9">
                  <TrackedMethodRefs>
                    <TrackedMethodRef uid="0" vc="1221" />
                  </TrackedMethodRefs>
                </SequencePoint>
                <SequencePoint vc="1221" uspid="10999" ordinal="0" offset="27" sl="126" sc="5" el="126" ec="5" bec="0" bev="0" fileid="9">
                  <TrackedMethodRefs>
                    <TrackedMethodRef uid="0" vc="1221" />
                  </TrackedMethodRefs>
                </SequencePoint>
              </SequencePoints>
              <BranchPoints />
            </Method>
            <Method visited="true" cyclomaticComplexity="6" nPathComplexity="0" sequenceCoverage="83.33" branchCoverage="0" crapScore="6.17" isConstructor="false" isStatic="false" isGetter="false" isSetter="false">
              <Summary numSequencePoints="18" visitedSequencePoints="15" numBranchPoints="0" visitedBranchPoints="0" sequenceCoverage="83.33" branchCoverage="0" maxCyclomaticComplexity="6" minCyclomaticComplexity="6" maxCrapScore="6.17" minCrapScore="6.17" visitedClasses="0" numClasses="0" visitedMethods="1" numMethods="1" />
              <MetadataToken>100663351</MetadataToken>
              <Name>System.Void AvatarModificationMenuScript::Update()</Name>
              <FileRef uid="9" />
              <SequencePoints>
                <SequencePoint vc="1221" uspid="11006" ordinal="0" offset="0" sl="137" sc="5" el="137" ec="5" bec="0" bev="0" fileid="9">
                  <TrackedMethodRefs>
                    <TrackedMethodRef uid="0" vc="1221" />
                  </TrackedMethodRefs>
                </SequencePoint>
                <SequencePoint vc="1221" uspid="11007" ordinal="0" offset="1" sl="138" sc="9" el="138" ec="9" bec="0" bev="0" fileid="9">
                  <TrackedMethodRefs>
                    <TrackedMethodRef uid="0" vc="1221" />
                  </TrackedMethodRefs>
                </SequencePoint>
                <SequencePoint vc="657" uspid="11008" ordinal="0" offset="11" sl="138" sc="29" el="138" ec="29" bec="0" bev="0" fileid="9">
                  <TrackedMethodRefs>
                    <TrackedMethodRef uid="0" vc="657" />
                  </TrackedMethodRefs>
                </SequencePoint>
                <SequencePoint vc="657" uspid="11009" ordinal="0" offset="12" sl="139" sc="13" el="139" ec="13" bec="0" bev="0" fileid="9">
                  <TrackedMethodRefs>
                    <TrackedMethodRef uid="0" vc="657" />
                  </TrackedMethodRefs>
                </SequencePoint>
                <SequencePoint vc="656" uspid="11010" ordinal="0" offset="51" sl="140" sc="13" el="140" ec="13" bec="0" bev="0" fileid="9">
                  <TrackedMethodRefs>
                    <TrackedMethodRef uid="0" vc="656" />
                  </TrackedMethodRefs>
                </SequencePoint>
                <SequencePoint vc="656" uspid="11011" ordinal="0" offset="52" sl="141" sc="17" el="141" ec="17" bec="0" bev="0" fileid="9">
                  <TrackedMethodRefs>
                    <TrackedMethodRef uid="0" vc="656" />
                  </TrackedMethodRefs>
                </SequencePoint>
                <SequencePoint vc="656" uspid="11012" ordinal="0" offset="72" sl="142" sc="17" el="142" ec="17" bec="0" bev="0" fileid="9">
                  <TrackedMethodRefs>
                    <TrackedMethodRef uid="0" vc="656" />
                  </TrackedMethodRefs>
                </SequencePoint>
                <SequencePoint vc="656" uspid="11013" ordinal="0" offset="117" sl="143" sc="13" el="143" ec="13" bec="0" bev="0" fileid="9">
                  <TrackedMethodRefs>
                    <TrackedMethodRef uid="0" vc="656" />
                  </TrackedMethodRefs>
                </SequencePoint>
                <SequencePoint vc="1" uspid="11014" ordinal="0" offset="120" sl="145" sc="13" el="145" ec="13" bec="0" bev="0" fileid="9">
                  <TrackedMethodRefs>
                    <TrackedMethodRef uid="0" vc="1" />
                  </TrackedMethodRefs>
                </SequencePoint>
                <SequencePoint vc="1" uspid="11015" ordinal="0" offset="121" sl="146" sc="17" el="146" ec="17" bec="0" bev="0" fileid="9">
                  <TrackedMethodRefs>
                    <TrackedMethodRef uid="0" vc="1" />
                  </TrackedMethodRefs>
                </SequencePoint>
                <SequencePoint vc="1" uspid="11016" ordinal="0" offset="128" sl="148" sc="13" el="148" ec="13" bec="0" bev="0" fileid="9">
                  <TrackedMethodRefs>
                    <TrackedMethodRef uid="0" vc="1" />
                  </TrackedMethodRefs>
                </SequencePoint>
                <SequencePoint vc="657" uspid="11017" ordinal="0" offset="129" sl="149" sc="9" el="149" ec="9" bec="0" bev="0" fileid="9">
                  <TrackedMethodRefs>
                    <TrackedMethodRef uid="0" vc="657" />
                  </TrackedMethodRefs>
                </SequencePoint>
                <SequencePoint vc="1221" uspid="11018" ordinal="0" offset="130" sl="152" sc="9" el="152" ec="9" bec="0" bev="0" fileid="9">
                  <TrackedMethodRefs>
                    <TrackedMethodRef uid="0" vc="1221" />
                  </TrackedMethodRefs>
                </SequencePoint>
                <SequencePoint vc="1221" uspid="11019" ordinal="0" offset="142" sl="153" sc="9" el="153" ec="9" bec="0" bev="0" fileid="9">
                  <TrackedMethodRefs>
                    <TrackedMethodRef uid="0" vc="1221" />
                  </TrackedMethodRefs>
                </SequencePoint>
                <SequencePoint vc="0" uspid="11020" ordinal="0" offset="163" sl="154" sc="9" el="154" ec="9" bec="0" bev="0" fileid="9">
                  <TrackedMethodRefs>
                    <TrackedMethodRef uid="0" vc="0" />
                  </TrackedMethodRefs>
                </SequencePoint>
                <SequencePoint vc="0" uspid="11021" ordinal="0" offset="164" sl="155" sc="13" el="155" ec="13" bec="0" bev="0" fileid="9">
                  <TrackedMethodRefs>
                    <TrackedMethodRef uid="0" vc="0" />
                  </TrackedMethodRefs>
                </SequencePoint>
                <SequencePoint vc="0" uspid="11022" ordinal="0" offset="171" sl="156" sc="9" el="156" ec="9" bec="0" bev="0" fileid="9">
                  <TrackedMethodRefs>
                    <TrackedMethodRef uid="0" vc="0" />
                  </TrackedMethodRefs>
                </SequencePoint>
                <SequencePoint vc="1221" uspid="11023" ordinal="0" offset="172" sl="157" sc="5" el="157" ec="5" bec="0" bev="0" fileid="9">
                  <TrackedMethodRefs>
                    <TrackedMethodRef uid="0" vc="1221" />
                  </TrackedMethodRefs>
                </SequencePoint>
              </SequencePoints>
              <BranchPoints />
            </Method>
            <Method visited="true" cyclomaticComplexity="1" nPathComplexity="0" sequenceCoverage="100.0" branchCoverage="0" crapScore="1" isConstructor="false" isStatic="false" isGetter="false" isSetter="false">
              <Summary numSequencePoints="7" visitedSequencePoints="7" numBranchPoints="0" visitedBranchPoints="0" sequenceCoverage="100.0" branchCoverage="0" maxCyclomaticComplexity="1" minCyclomaticComplexity="1" maxCrapScore="1" minCrapScore="1" visitedClasses="0" numClasses="0" visitedMethods="1" numMethods="1" />
              <MetadataToken>100663353</MetadataToken>
              <Name>System.Void AvatarModificationMenuScript::FocusCameraToBodyPart(UnityEngine.GameObject)</Name>
              <FileRef uid="9" />
              <SequencePoints>
                <SequencePoint vc="1" uspid="11029" ordinal="0" offset="0" sl="165" sc="5" el="165" ec="5" bec="0" bev="0" fileid="9">
                  <TrackedMethodRefs>
                    <TrackedMethodRef uid="0" vc="1" />
                  </TrackedMethodRefs>
                </SequencePoint>
                <SequencePoint vc="1" uspid="11030" ordinal="0" offset="1" sl="166" sc="9" el="166" ec="9" bec="0" bev="0" fileid="9">
                  <TrackedMethodRefs>
                    <TrackedMethodRef uid="0" vc="1" />
                  </TrackedMethodRefs>
                </SequencePoint>
                <SequencePoint vc="1" uspid="11031" ordinal="0" offset="12" sl="167" sc="9" el="167" ec="9" bec="0" bev="0" fileid="9">
                  <TrackedMethodRefs>
                    <TrackedMethodRef uid="0" vc="1" />
                  </TrackedMethodRefs>
                </SequencePoint>
                <SequencePoint vc="1" uspid="11032" ordinal="0" offset="19" sl="168" sc="9" el="168" ec="9" bec="0" bev="0" fileid="9">
                  <TrackedMethodRefs>
                    <TrackedMethodRef uid="0" vc="1" />
                  </TrackedMethodRefs>
                </SequencePoint>
                <SequencePoint vc="1" uspid="11033" ordinal="0" offset="26" sl="169" sc="9" el="169" ec="9" bec="0" bev="0" fileid="9">
                  <TrackedMethodRefs>
                    <TrackedMethodRef uid="0" vc="1" />
                  </TrackedMethodRefs>
                </SequencePoint>
                <SequencePoint vc="1" uspid="11034" ordinal="0" offset="33" sl="170" sc="9" el="170" ec="9" bec="0" bev="0" fileid="9">
                  <TrackedMethodRefs>
                    <TrackedMethodRef uid="0" vc="1" />
                  </TrackedMethodRefs>
                </SequencePoint>
                <SequencePoint vc="1" uspid="11035" ordinal="0" offset="55" sl="172" sc="5" el="172" ec="5" bec="0" bev="0" fileid="9">
                  <TrackedMethodRefs>
                    <TrackedMethodRef uid="0" vc="1" />
                  </TrackedMethodRefs>
                </SequencePoint>
              </SequencePoints>
              <BranchPoints />
            </Method>
            <Method visited="true" cyclomaticComplexity="1" nPathComplexity="0" sequenceCoverage="100.0" branchCoverage="0" crapScore="1" isConstructor="false" isStatic="false" isGetter="false" isSetter="false">
              <Summary numSequencePoints="3" visitedSequencePoints="3" numBranchPoints="0" visitedBranchPoints="0" sequenceCoverage="100.0" branchCoverage="0" maxCyclomaticComplexity="1" minCyclomaticComplexity="1" maxCrapScore="1" minCrapScore="1" visitedClasses="0" numClasses="0" visitedMethods="1" numMethods="1" />
              <MetadataToken>100663364</MetadataToken>
              <Name>UnityEngine.GameObject AvatarModificationMenuScript::GetCurrentTarget()</Name>
              <FileRef uid="9" />
              <SequencePoints>
                <SequencePoint vc="1" uspid="11130" ordinal="0" offset="0" sl="283" sc="5" el="283" ec="5" bec="0" bev="0" fileid="9">
                  <TrackedMethodRefs>
                    <TrackedMethodRef uid="0" vc="1" />
                  </TrackedMethodRefs>
                </SequencePoint>
                <SequencePoint vc="1" uspid="11131" ordinal="0" offset="1" sl="284" sc="9" el="284" ec="9" bec="0" bev="0" fileid="9">
                  <TrackedMethodRefs>
                    <TrackedMethodRef uid="0" vc="1" />
                  </TrackedMethodRefs>
                </SequencePoint>
                <SequencePoint vc="1" uspid="11132" ordinal="0" offset="10" sl="285" sc="5" el="285" ec="5" bec="0" bev="0" fileid="9">
                  <TrackedMethodRefs>
                    <TrackedMethodRef uid="0" vc="1" />
                  </TrackedMethodRefs>
                </SequencePoint>
              </SequencePoints>
              <BranchPoints />
            </Method>
            <Method visited="true" cyclomaticComplexity="1" nPathComplexity="0" sequenceCoverage="100.0" branchCoverage="0" crapScore="1" isConstructor="true" isStatic="false" isGetter="false" isSetter="false">
              <Summary numSequencePoints="9" visitedSequencePoints="9" numBranchPoints="0" visitedBranchPoints="0" sequenceCoverage="100.0" branchCoverage="0" maxCyclomaticComplexity="1" minCyclomaticComplexity="1" maxCrapScore="1" minCrapScore="1" visitedClasses="0" numClasses="0" visitedMethods="1" numMethods="1" />
              <MetadataToken>100663370</MetadataToken>
              <Name>AvatarModificationMenuScript::AvatarModificationMenuScript()</Name>
              <FileRef uid="9" />
              <SequencePoints>
                <SequencePoint vc="1" uspid="11148" ordinal="0" offset="0" sl="14" sc="5" el="14" ec="5" bec="0" bev="0" fileid="9">
                  <TrackedMethodRefs>
                    <TrackedMethodRef uid="0" vc="1" />
                  </TrackedMethodRefs>
                </SequencePoint>
                <SequencePoint vc="1" uspid="11149" ordinal="0" offset="12" sl="23" sc="5" el="23" ec="5" bec="0" bev="0" fileid="9">
                  <TrackedMethodRefs>
                    <TrackedMethodRef uid="0" vc="1" />
                  </TrackedMethodRefs>
                </SequencePoint>
                <SequencePoint vc="1" uspid="11150" ordinal="0" offset="23" sl="24" sc="5" el="24" ec="5" bec="0" bev="0" fileid="9">
                  <TrackedMethodRefs>
                    <TrackedMethodRef uid="0" vc="1" />
                  </TrackedMethodRefs>
                </SequencePoint>
                <SequencePoint vc="1" uspid="11151" ordinal="0" offset="34" sl="25" sc="5" el="25" ec="5" bec="0" bev="0" fileid="9">
                  <TrackedMethodRefs>
                    <TrackedMethodRef uid="0" vc="1" />
                  </TrackedMethodRefs>
                </SequencePoint>
                <SequencePoint vc="1" uspid="11152" ordinal="0" offset="41" sl="40" sc="5" el="40" ec="5" bec="0" bev="0" fileid="9">
                  <TrackedMethodRefs>
                    <TrackedMethodRef uid="0" vc="1" />
                  </TrackedMethodRefs>
                </SequencePoint>
                <SequencePoint vc="1" uspid="11153" ordinal="0" offset="52" sl="53" sc="5" el="53" ec="5" bec="0" bev="0" fileid="9">
                  <TrackedMethodRefs>
                    <TrackedMethodRef uid="0" vc="1" />
                  </TrackedMethodRefs>
                </SequencePoint>
                <SequencePoint vc="1" uspid="11154" ordinal="0" offset="59" sl="54" sc="5" el="54" ec="5" bec="0" bev="0" fileid="9">
                  <TrackedMethodRefs>
                    <TrackedMethodRef uid="0" vc="1" />
                  </TrackedMethodRefs>
                </SequencePoint>
                <SequencePoint vc="1" uspid="11155" ordinal="0" offset="66" sl="57" sc="5" el="57" ec="5" bec="0" bev="0" fileid="9">
                  <TrackedMethodRefs>
                    <TrackedMethodRef uid="0" vc="1" />
                  </TrackedMethodRefs>
                </SequencePoint>
                <SequencePoint vc="1" uspid="11156" ordinal="0" offset="73" sl="61" sc="5" el="61" ec="5" bec="0" bev="0" fileid="9">
                  <TrackedMethodRefs>
                    <TrackedMethodRef uid="0" vc="1" />
                  </TrackedMethodRefs>
                </SequencePoint>
              </SequencePoints>
              <BranchPoints />
            </Method>
          </Methods>
        </Class>
        <Class>
          <Summary numSequencePoints="31" visitedSequencePoints="12" numBranchPoints="0" visitedBranchPoints="0" sequenceCoverage="38.71" branchCoverage="0.0" maxCyclomaticComplexity="4" minCyclomaticComplexity="1" maxCrapScore="13.02" minCrapScore="1" visitedClasses="1" numClasses="1" visitedMethods="3" numMethods="3" />
          <FullName>ModCameraScript</FullName>
          <Methods>
            <Method visited="true" cyclomaticComplexity="1" nPathComplexity="0" sequenceCoverage="100.0" branchCoverage="0" crapScore="1" isConstructor="false" isStatic="false" isGetter="false" isSetter="false">
              <Summary numSequencePoints="6" visitedSequencePoints="6" numBranchPoints="0" visitedBranchPoints="0" sequenceCoverage="100.0" branchCoverage="0" maxCyclomaticComplexity="1" minCyclomaticComplexity="1" maxCrapScore="1" minCrapScore="1" visitedClasses="0" numClasses="0" visitedMethods="1" numMethods="1" />
              <MetadataToken>100663391</MetadataToken>
              <Name>System.Void ModCameraScript::Start()</Name>
              <FileRef uid="13" />
              <SequencePoints>
                <SequencePoint vc="1" uspid="11270" ordinal="0" offset="0" sl="17" sc="5" el="17" ec="5" bec="0" bev="0" fileid="13">
                  <TrackedMethodRefs>
                    <TrackedMethodRef uid="0" vc="1" />
                  </TrackedMethodRefs>
                </SequencePoint>
                <SequencePoint vc="1" uspid="11271" ordinal="0" offset="1" sl="18" sc="9" el="18" ec="9" bec="0" bev="0" fileid="13">
                  <TrackedMethodRefs>
                    <TrackedMethodRef uid="0" vc="1" />
                  </TrackedMethodRefs>
                </SequencePoint>
                <SequencePoint vc="1" uspid="11272" ordinal="0" offset="13" sl="19" sc="9" el="19" ec="9" bec="0" bev="0" fileid="13">
                  <TrackedMethodRefs>
                    <TrackedMethodRef uid="0" vc="1" />
                  </TrackedMethodRefs>
                </SequencePoint>
                <SequencePoint vc="1" uspid="11273" ordinal="0" offset="24" sl="20" sc="9" el="20" ec="9" bec="0" bev="0" fileid="13">
                  <TrackedMethodRefs>
                    <TrackedMethodRef uid="0" vc="1" />
                  </TrackedMethodRefs>
                </SequencePoint>
                <SequencePoint vc="1" uspid="11274" ordinal="0" offset="52" sl="21" sc="9" el="21" ec="9" bec="0" bev="0" fileid="13">
                  <TrackedMethodRefs>
                    <TrackedMethodRef uid="0" vc="1" />
                  </TrackedMethodRefs>
                </SequencePoint>
                <SequencePoint vc="1" uspid="11275" ordinal="0" offset="64" sl="23" sc="5" el="23" ec="5" bec="0" bev="0" fileid="13">
                  <TrackedMethodRefs>
                    <TrackedMethodRef uid="0" vc="1" />
                  </TrackedMethodRefs>
                </SequencePoint>
              </SequencePoints>
              <BranchPoints />
            </Method>
            <Method visited="true" cyclomaticComplexity="4" nPathComplexity="0" sequenceCoverage="17.39" branchCoverage="0" crapScore="13.02" isConstructor="false" isStatic="false" isGetter="false" isSetter="false">
              <Summary numSequencePoints="23" visitedSequencePoints="4" numBranchPoints="0" visitedBranchPoints="0" sequenceCoverage="17.39" branchCoverage="0" maxCyclomaticComplexity="4" minCyclomaticComplexity="4" maxCrapScore="13.02" minCrapScore="13.02" visitedClasses="0" numClasses="0" visitedMethods="1" numMethods="1" />
              <MetadataToken>100663392</MetadataToken>
              <Name>System.Void ModCameraScript::Update()</Name>
              <FileRef uid="13" />
              <SequencePoints>
                <SequencePoint vc="1221" uspid="11276" ordinal="0" offset="0" sl="27" sc="5" el="27" ec="5" bec="0" bev="0" fileid="13">
                  <TrackedMethodRefs>
                    <TrackedMethodRef uid="0" vc="1221" />
                  </TrackedMethodRefs>
                </SequencePoint>
                <SequencePoint vc="1221" uspid="11277" ordinal="0" offset="1" sl="28" sc="9" el="28" ec="9" bec="0" bev="0" fileid="13">
                  <TrackedMethodRefs>
                    <TrackedMethodRef uid="0" vc="1221" />
                  </TrackedMethodRefs>
                </SequencePoint>
                <SequencePoint vc="0" uspid="11278" ordinal="0" offset="11" sl="29" sc="9" el="29" ec="9" bec="0" bev="0" fileid="13">
                  <TrackedMethodRefs>
                    <TrackedMethodRef uid="0" vc="0" />
                  </TrackedMethodRefs>
                </SequencePoint>
                <SequencePoint vc="0" uspid="11279" ordinal="0" offset="12" sl="30" sc="13" el="30" ec="13" bec="0" bev="0" fileid="13">
                  <TrackedMethodRefs>
                    <TrackedMethodRef uid="0" vc="0" />
                  </TrackedMethodRefs>
                </SequencePoint>
                <SequencePoint vc="0" uspid="11280" ordinal="0" offset="32" sl="31" sc="13" el="31" ec="13" bec="0" bev="0" fileid="13">
                  <TrackedMethodRefs>
                    <TrackedMethodRef uid="0" vc="0" />
                  </TrackedMethodRefs>
                </SequencePoint>
                <SequencePoint vc="0" uspid="11281" ordinal="0" offset="82" sl="32" sc="9" el="32" ec="9" bec="0" bev="0" fileid="13">
                  <TrackedMethodRefs>
                    <TrackedMethodRef uid="0" vc="0" />
                  </TrackedMethodRefs>
                </SequencePoint>
                <SequencePoint vc="1221" uspid="11282" ordinal="0" offset="83" sl="33" sc="9" el="33" ec="9" bec="0" bev="0" fileid="13">
                  <TrackedMethodRefs>
                    <TrackedMethodRef uid="0" vc="1221" />
                  </TrackedMethodRefs>
                </SequencePoint>
                <SequencePoint vc="0" uspid="11283" ordinal="0" offset="97" sl="34" sc="9" el="34" ec="9" bec="0" bev="0" fileid="13">
                  <TrackedMethodRefs>
                    <TrackedMethodRef uid="0" vc="0" />
                  </TrackedMethodRefs>
                </SequencePoint>
                <SequencePoint vc="0" uspid="11284" ordinal="0" offset="98" sl="35" sc="13" el="35" ec="13" bec="0" bev="0" fileid="13">
                  <TrackedMethodRefs>
                    <TrackedMethodRef uid="0" vc="0" />
                  </TrackedMethodRefs>
                </SequencePoint>
                <SequencePoint vc="0" uspid="11285" ordinal="0" offset="109" sl="36" sc="13" el="36" ec="13" bec="0" bev="0" fileid="13">
                  <TrackedMethodRefs>
                    <TrackedMethodRef uid="0" vc="0" />
                  </TrackedMethodRefs>
                </SequencePoint>
                <SequencePoint vc="0" uspid="11286" ordinal="0" offset="119" sl="37" sc="13" el="37" ec="13" bec="0" bev="0" fileid="13">
                  <TrackedMethodRefs>
                    <TrackedMethodRef uid="0" vc="0" />
                  </TrackedMethodRefs>
                </SequencePoint>
                <SequencePoint vc="0" uspid="11287" ordinal="0" offset="120" sl="38" sc="17" el="38" ec="17" bec="0" bev="0" fileid="13">
                  <TrackedMethodRefs>
                    <TrackedMethodRef uid="0" vc="0" />
                  </TrackedMethodRefs>
                </SequencePoint>
                <SequencePoint vc="0" uspid="11288" ordinal="0" offset="127" sl="39" sc="17" el="39" ec="17" bec="0" bev="0" fileid="13">
                  <TrackedMethodRefs>
                    <TrackedMethodRef uid="0" vc="0" />
                  </TrackedMethodRefs>
                </SequencePoint>
                <SequencePoint vc="0" uspid="11289" ordinal="0" offset="170" sl="40" sc="17" el="40" ec="17" bec="0" bev="0" fileid="13">
                  <TrackedMethodRefs>
                    <TrackedMethodRef uid="0" vc="0" />
                  </TrackedMethodRefs>
                </SequencePoint>
                <SequencePoint vc="0" uspid="11290" ordinal="0" offset="182" sl="41" sc="13" el="41" ec="13" bec="0" bev="0" fileid="13">
                  <TrackedMethodRefs>
                    <TrackedMethodRef uid="0" vc="0" />
                  </TrackedMethodRefs>
                </SequencePoint>
                <SequencePoint vc="0" uspid="11291" ordinal="0" offset="185" sl="43" sc="13" el="43" ec="13" bec="0" bev="0" fileid="13">
                  <TrackedMethodRefs>
                    <TrackedMethodRef uid="0" vc="0" />
                  </TrackedMethodRefs>
                </SequencePoint>
                <SequencePoint vc="0" uspid="11292" ordinal="0" offset="186" sl="44" sc="17" el="44" ec="17" bec="0" bev="0" fileid="13">
                  <TrackedMethodRefs>
                    <TrackedMethodRef uid="0" vc="0" />
                  </TrackedMethodRefs>
                </SequencePoint>
                <SequencePoint vc="0" uspid="11293" ordinal="0" offset="193" sl="45" sc="17" el="45" ec="17" bec="0" bev="0" fileid="13">
                  <TrackedMethodRefs>
                    <TrackedMethodRef uid="0" vc="0" />
                  </TrackedMethodRefs>
                </SequencePoint>
                <SequencePoint vc="0" uspid="11294" ordinal="0" offset="236" sl="46" sc="17" el="46" ec="17" bec="0" bev="0" fileid="13">
                  <TrackedMethodRefs>
                    <TrackedMethodRef uid="0" vc="0" />
                  </TrackedMethodRefs>
                </SequencePoint>
                <SequencePoint vc="0" uspid="11295" ordinal="0" offset="248" sl="47" sc="13" el="47" ec="13" bec="0" bev="0" fileid="13">
                  <TrackedMethodRefs>
                    <TrackedMethodRef uid="0" vc="0" />
                  </TrackedMethodRefs>
                </SequencePoint>
                <SequencePoint vc="0" uspid="11296" ordinal="0" offset="249" sl="48" sc="13" el="48" ec="13" bec="0" bev="0" fileid="13">
                  <TrackedMethodRefs>
                    <TrackedMethodRef uid="0" vc="0" />
                  </TrackedMethodRefs>
                </SequencePoint>
                <SequencePoint vc="0" uspid="11297" ordinal="0" offset="256" sl="49" sc="9" el="49" ec="9" bec="0" bev="0" fileid="13">
                  <TrackedMethodRefs>
                    <TrackedMethodRef uid="0" vc="0" />
                  </TrackedMethodRefs>
                </SequencePoint>
                <SequencePoint vc="1221" uspid="11298" ordinal="0" offset="257" sl="50" sc="5" el="50" ec="5" bec="0" bev="0" fileid="13">
                  <TrackedMethodRefs>
                    <TrackedMethodRef uid="0" vc="1221" />
                  </TrackedMethodRefs>
                </SequencePoint>
              </SequencePoints>
              <BranchPoints />
            </Method>
            <Method visited="true" cyclomaticComplexity="1" nPathComplexity="0" sequenceCoverage="100.0" branchCoverage="0" crapScore="1" isConstructor="true" isStatic="false" isGetter="false" isSetter="false">
              <Summary numSequencePoints="2" visitedSequencePoints="2" numBranchPoints="0" visitedBranchPoints="0" sequenceCoverage="100.0" branchCoverage="0" maxCyclomaticComplexity="1" minCyclomaticComplexity="1" maxCrapScore="1" minCrapScore="1" visitedClasses="0" numClasses="0" visitedMethods="1" numMethods="1" />
              <MetadataToken>100663393</MetadataToken>
              <Name>ModCameraScript::ModCameraScript()</Name>
              <FileRef uid="13" />
              <SequencePoints>
                <SequencePoint vc="1" uspid="11299" ordinal="0" offset="0" sl="13" sc="5" el="13" ec="5" bec="0" bev="0" fileid="13">
                  <TrackedMethodRefs>
                    <TrackedMethodRef uid="0" vc="1" />
                  </TrackedMethodRefs>
                </SequencePoint>
                <SequencePoint vc="1" uspid="11300" ordinal="0" offset="7" sl="14" sc="5" el="14" ec="5" bec="0" bev="0" fileid="13">
                  <TrackedMethodRefs>
                    <TrackedMethodRef uid="0" vc="1" />
                  </TrackedMethodRefs>
                </SequencePoint>
              </SequencePoints>
              <BranchPoints />
            </Method>
          </Methods>
        </Class>
        <Class>
          <Summary numSequencePoints="3" visitedSequencePoints="3" numBranchPoints="0" visitedBranchPoints="0" sequenceCoverage="100.0" branchCoverage="0.0" maxCyclomaticComplexity="1" minCyclomaticComplexity="1" maxCrapScore="1" minCrapScore="1" visitedClasses="1" numClasses="1" visitedMethods="1" numMethods="1" />
          <FullName>SavingPanelBehaviour</FullName>
          <Methods>
            <Method visited="true" cyclomaticComplexity="1" nPathComplexity="0" sequenceCoverage="100.0" branchCoverage="0" crapScore="1" isConstructor="true" isStatic="false" isGetter="false" isSetter="false">
              <Summary numSequencePoints="3" visitedSequencePoints="3" numBranchPoints="0" visitedBranchPoints="0" sequenceCoverage="100.0" branchCoverage="0" maxCyclomaticComplexity="1" minCyclomaticComplexity="1" maxCrapScore="1" minCrapScore="1" visitedClasses="0" numClasses="0" visitedMethods="1" numMethods="1" />
              <MetadataToken>100663404</MetadataToken>
              <Name>SavingPanelBehaviour::SavingPanelBehaviour()</Name>
              <FileRef uid="16" />
              <SequencePoints>
                <SequencePoint vc="2" uspid="11354" ordinal="0" offset="0" sl="8" sc="5" el="8" ec="5" bec="0" bev="0" fileid="16">
                  <TrackedMethodRefs>
                    <TrackedMethodRef uid="0" vc="2" />
                  </TrackedMethodRefs>
                </SequencePoint>
                <SequencePoint vc="2" uspid="11355" ordinal="0" offset="11" sl="13" sc="5" el="13" ec="5" bec="0" bev="0" fileid="16">
                  <TrackedMethodRefs>
                    <TrackedMethodRef uid="0" vc="2" />
                  </TrackedMethodRefs>
                </SequencePoint>
                <SequencePoint vc="2" uspid="11356" ordinal="0" offset="18" sl="14" sc="5" el="14" ec="5" bec="0" bev="0" fileid="16">
                  <TrackedMethodRefs>
                    <TrackedMethodRef uid="0" vc="2" />
                  </TrackedMethodRefs>
                </SequencePoint>
              </SequencePoints>
              <BranchPoints />
            </Method>
          </Methods>
        </Class>
      </Classes>
      <TrackedMethods>
        <TrackedMethod uid="0" token="100663321" name="System.Collections.IEnumerator AvatarModificationRoomTests::Test_ChangeCameraPositionToTorso()" strategy="Test" />
      </TrackedMethods>
    </Module>
    <Module>
      <Summary numSequencePoints="13" visitedSequencePoints="13" numBranchPoints="0" visitedBranchPoints="0" sequenceCoverage="100.0" branchCoverage="0.0" maxCyclomaticComplexity="5" minCyclomaticComplexity="1" maxCrapScore="5" minCrapScore="1" visitedClasses="2" numClasses="2" visitedMethods="2" numMethods="2" />
      <ModuleTime>0001-01-01T00:00:00</ModuleTime>
      <ModuleName>PlaymodeTests</ModuleName>
      <Files>
        <File uid="36" fullPath="/Users/hamzz/Development/holoway/HoloWay/Assets/Assets/Tests/PlayModeTests/AvatarModificationRoomTests.cs" />
        <File uid="37" fullPath="/Users/hamzz/Development/holoway/HoloWay/Assets/Assets/Tests/PlayModeTests/LoginMenuTests.cs" />
        <File uid="38" fullPath="/Users/hamzz/Development/holoway/HoloWay/Assets/Assets/Tests/PlayModeTests/MainMenuTests.cs" />
        <File uid="39" fullPath="/Users/hamzz/Development/holoway/HoloWay/Assets/Assets/Tests/PlayModeTests/RoomCreationMenuTests.cs" />
        <File uid="40" fullPath="/Users/hamzz/Development/holoway/HoloWay/Assets/Assets/Tests/PlayModeTests/RoomSelectionMenuTests.cs" />
        <File uid="41" fullPath="/Users/hamzz/Development/holoway/HoloWay/Assets/Assets/Tests/PlayModeTests/SettingsMenuTests.cs" />
        <File uid="42" fullPath="/Users/hamzz/Development/holoway/HoloWay/Assets/Assets/Tests/PlayModeTests/SplashScreenTests.cs" />
      </Files>
      <Classes>
        <Class>
          <Summary numSequencePoints="3" visitedSequencePoints="3" numBranchPoints="0" visitedBranchPoints="0" sequenceCoverage="100.0" branchCoverage="0.0" maxCyclomaticComplexity="1" minCyclomaticComplexity="1" maxCrapScore="1" minCrapScore="1" visitedClasses="1" numClasses="1" visitedMethods="1" numMethods="1" />
          <FullName>AvatarModificationRoomTests</FullName>
          <Methods>
            <Method visited="true" cyclomaticComplexity="1" nPathComplexity="0" sequenceCoverage="100.0" branchCoverage="0" crapScore="1" isConstructor="false" isStatic="false" isGetter="false" isSetter="false">
              <Summary numSequencePoints="3" visitedSequencePoints="3" numBranchPoints="0" visitedBranchPoints="0" sequenceCoverage="100.0" branchCoverage="0" maxCyclomaticComplexity="1" minCyclomaticComplexity="1" maxCrapScore="1" minCrapScore="1" visitedClasses="0" numClasses="0" visitedMethods="1" numMethods="1" />
              <MetadataToken>100663297</MetadataToken>
              <Name>System.Void AvatarModificationRoomTests::Setup()</Name>
              <FileRef uid="36" />
              <SequencePoints>
                <SequencePoint vc="1" uspid="12088" ordinal="0" offset="0" sl="14" sc="5" el="14" ec="5" bec="0" bev="0" fileid="36">
                  <TrackedMethodRefs>
                    <TrackedMethodRef uid="1" vc="1" />
                  </TrackedMethodRefs>
                </SequencePoint>
                <SequencePoint vc="1" uspid="12089" ordinal="0" offset="1" sl="15" sc="9" el="15" ec="9" bec="0" bev="0" fileid="36">
                  <TrackedMethodRefs>
                    <TrackedMethodRef uid="1" vc="1" />
                  </TrackedMethodRefs>
                </SequencePoint>
                <SequencePoint vc="1" uspid="12090" ordinal="0" offset="8" sl="16" sc="5" el="16" ec="5" bec="0" bev="0" fileid="36">
                  <TrackedMethodRefs>
                    <TrackedMethodRef uid="1" vc="1" />
                  </TrackedMethodRefs>
                </SequencePoint>
              </SequencePoints>
              <BranchPoints />
            </Method>
          </Methods>
        </Class>
        <Class>
          <Summary numSequencePoints="10" visitedSequencePoints="10" numBranchPoints="0" visitedBranchPoints="0" sequenceCoverage="100.0" branchCoverage="0.0" maxCyclomaticComplexity="5" minCyclomaticComplexity="5" maxCrapScore="5" minCrapScore="5" visitedClasses="1" numClasses="1" visitedMethods="1" numMethods="1" />
          <FullName>AvatarModificationRoomTests/&lt;Test_ChangeCameraPositionToTorso&gt;d__24</FullName>
          <Methods>
            <Method visited="true" cyclomaticComplexity="5" nPathComplexity="0" sequenceCoverage="100.0" branchCoverage="0" crapScore="5" isConstructor="false" isStatic="false" isGetter="false" isSetter="false">
              <Summary numSequencePoints="10" visitedSequencePoints="10" numBranchPoints="0" visitedBranchPoints="0" sequenceCoverage="100.0" branchCoverage="0" maxCyclomaticComplexity="5" minCyclomaticComplexity="5" maxCrapScore="5" minCrapScore="5" visitedClasses="0" numClasses="0" visitedMethods="1" numMethods="1" />
              <MetadataToken>100663562</MetadataToken>
              <Name>System.Boolean AvatarModificationRoomTests/&lt;Test_ChangeCameraPositionToTorso&gt;d__24::MoveNext()</Name>
              <FileRef uid="36" />
              <SequencePoints>
                <SequencePoint vc="1" uspid="12261" ordinal="0" offset="45" sl="270" sc="5" el="270" ec="5" bec="0" bev="0" fileid="36">
                  <TrackedMethodRefs>
                    <TrackedMethodRef uid="1" vc="1" />
                  </TrackedMethodRefs>
                </SequencePoint>
                <SequencePoint vc="1" uspid="12262" ordinal="0" offset="46" sl="271" sc="9" el="271" ec="9" bec="0" bev="0" fileid="36">
                  <TrackedMethodRefs>
                    <TrackedMethodRef uid="1" vc="1" />
                  </TrackedMethodRefs>
                </SequencePoint>
                <SequencePoint vc="1" uspid="12263" ordinal="0" offset="69" sl="273" sc="9" el="273" ec="9" bec="0" bev="0" fileid="36">
                  <TrackedMethodRefs>
                    <TrackedMethodRef uid="1" vc="1" />
                  </TrackedMethodRefs>
                </SequencePoint>
                <SequencePoint vc="1" uspid="12264" ordinal="0" offset="85" sl="274" sc="9" el="274" ec="9" bec="0" bev="0" fileid="36">
                  <TrackedMethodRefs>
                    <TrackedMethodRef uid="1" vc="1" />
                  </TrackedMethodRefs>
                </SequencePoint>
                <SequencePoint vc="1" uspid="12265" ordinal="0" offset="102" sl="276" sc="9" el="276" ec="9" bec="0" bev="0" fileid="36">
                  <TrackedMethodRefs>
                    <TrackedMethodRef uid="1" vc="1" />
                  </TrackedMethodRefs>
                </SequencePoint>
                <SequencePoint vc="1" uspid="12266" ordinal="0" offset="118" sl="278" sc="9" el="278" ec="9" bec="0" bev="0" fileid="36">
                  <TrackedMethodRefs>
                    <TrackedMethodRef uid="1" vc="1" />
                  </TrackedMethodRefs>
                </SequencePoint>
                <SequencePoint vc="1" uspid="12267" ordinal="0" offset="136" sl="279" sc="9" el="279" ec="9" bec="0" bev="0" fileid="36">
                  <TrackedMethodRefs>
                    <TrackedMethodRef uid="1" vc="1" />
                  </TrackedMethodRefs>
                </SequencePoint>
                <SequencePoint vc="1" uspid="12268" ordinal="0" offset="153" sl="280" sc="9" el="280" ec="9" bec="0" bev="0" fileid="36">
                  <TrackedMethodRefs>
                    <TrackedMethodRef uid="1" vc="1" />
                  </TrackedMethodRefs>
                </SequencePoint>
                <SequencePoint vc="1" uspid="12269" ordinal="0" offset="185" sl="282" sc="9" el="282" ec="9" bec="0" bev="0" fileid="36">
                  <TrackedMethodRefs>
                    <TrackedMethodRef uid="1" vc="1" />
                  </TrackedMethodRefs>
                </SequencePoint>
                <SequencePoint vc="1" uspid="12270" ordinal="0" offset="203" sl="283" sc="5" el="283" ec="5" bec="0" bev="0" fileid="36">
                  <TrackedMethodRefs>
                    <TrackedMethodRef uid="1" vc="1" />
                  </TrackedMethodRefs>
                </SequencePoint>
              </SequencePoints>
              <BranchPoints />
            </Method>
          </Methods>
        </Class>
      </Classes>
      <TrackedMethods>
        <TrackedMethod uid="1" token="100663321" name="System.Collections.IEnumerator AvatarModificationRoomTests::Test_ChangeCameraPositionToTorso()" strategy="Test" />
      </TrackedMethods>
    </Module>
  </Modules>
</CoverageSession>