<?xml version="1.0" encoding="utf-8"?>
<CoverageSession xmlns:xsd="http://www.w3.org/2001/XMLSchema" xmlns:xsi="http://www.w3.org/2001/XMLSchema-instance" Version="0.0.0.0">
  <Summary numSequencePoints="56" visitedSequencePoints="44" numBranchPoints="0" visitedBranchPoints="0" sequenceCoverage="78.57" branchCoverage="0.0" maxCyclomaticComplexity="5" minCyclomaticComplexity="1" maxCrapScore="7.46" minCrapScore="1" visitedClasses="7" numClasses="7" visitedMethods="10" numMethods="10" />
  <Modules>
    <Module>
      <Summary numSequencePoints="45" visitedSequencePoints="33" numBranchPoints="0" visitedBranchPoints="0" sequenceCoverage="73.33" branchCoverage="0.0" maxCyclomaticComplexity="5" minCyclomaticComplexity="1" maxCrapScore="7.46" minCrapScore="1" visitedClasses="5" numClasses="5" visitedMethods="8" numMethods="8" />
      <ModuleTime>0001-01-01T00:00:00</ModuleTime>
      <ModuleName>Scripts</ModuleName>
      <Files>
        <File uid="1" fullPath="/Users/hamzz/Development/holoway/HoloWay/Assets/Assets/Code/Scripts/Character/CharacterMovementScript.cs" />
        <File uid="2" fullPath="/Users/hamzz/Development/holoway/HoloWay/Assets/Assets/Code/Scripts/Character/CharacterNetworkingScript.cs" />
        <File uid="3" fullPath="/Users/hamzz/Development/holoway/HoloWay/Assets/Assets/Code/Scripts/Character/CharacterNetworkInitializer.cs" />
        <File uid="4" fullPath="/Users/hamzz/Development/holoway/HoloWay/Assets/Assets/Code/Scripts/FileSharing/AccessDrive.cs" />
        <File uid="5" fullPath="/Users/hamzz/Development/holoway/HoloWay/Assets/Assets/Code/Scripts/FileSharing/GetFile.cs" />
        <File uid="6" fullPath="/Users/hamzz/Development/holoway/HoloWay/Assets/Assets/Code/Scripts/FileSharing/ShareFile.cs" />
        <File uid="7" fullPath="/Users/hamzz/Development/holoway/HoloWay/Assets/Assets/Code/Scripts/Globals/GlobalAudioSettings.cs" />
        <File uid="8" fullPath="/Users/hamzz/Development/holoway/HoloWay/Assets/Assets/Code/Scripts/Globals/GlobalControlSettings.cs" />
        <File uid="9" fullPath="/Users/hamzz/Development/holoway/HoloWay/Assets/Assets/Code/Scripts/Globals/GlobalGameSettings.cs" />
        <File uid="10" fullPath="/Users/hamzz/Development/holoway/HoloWay/Assets/Assets/Code/Scripts/Globals/GlobalGameStates.cs" />
        <File uid="11" fullPath="/Users/hamzz/Development/holoway/HoloWay/Assets/Assets/Code/Scripts/Globals/GlobalGameStrings.cs" />
        <File uid="12" fullPath="/Users/hamzz/Development/holoway/HoloWay/Assets/Assets/Code/Scripts/Globals/GlobalNetworkSettings.cs" />
        <File uid="13" fullPath="/Users/hamzz/Development/holoway/HoloWay/Assets/Assets/Code/Scripts/Globals/GlobalSessionSettings.cs" />
        <File uid="14" fullPath="/Users/hamzz/Development/holoway/HoloWay/Assets/Assets/Code/Scripts/Menu/AvatarModificationMenuLineRender.cs" />
        <File uid="15" fullPath="/Users/hamzz/Development/holoway/HoloWay/Assets/Assets/Code/Scripts/Menu/AvatarModificationMenuScript.cs" />
        <File uid="16" fullPath="/Users/hamzz/Development/holoway/HoloWay/Assets/Assets/Code/Scripts/Menu/JoinRoom.cs" />
        <File uid="17" fullPath="/Users/hamzz/Development/holoway/HoloWay/Assets/Assets/Code/Scripts/Menu/LoginManager.cs" />
        <File uid="18" fullPath="/Users/hamzz/Development/holoway/HoloWay/Assets/Assets/Code/Scripts/Menu/MainMenuScript.cs" />
        <File uid="19" fullPath="/Users/hamzz/Development/holoway/HoloWay/Assets/Assets/Code/Scripts/Menu/MenuSessionScript.cs" />
        <File uid="20" fullPath="/Users/hamzz/Development/holoway/HoloWay/Assets/Assets/Code/Scripts/Menu/ModCameraScript.cs" />
        <File uid="21" fullPath="/Users/hamzz/Development/holoway/HoloWay/Assets/Assets/Code/Scripts/Menu/PauseMenuScript.cs" />
        <File uid="22" fullPath="/Users/hamzz/Development/holoway/HoloWay/Assets/Assets/Code/Scripts/Menu/RoomSelectionMenuScript.cs" />
        <File uid="23" fullPath="/Users/hamzz/Development/holoway/HoloWay/Assets/Assets/Code/Scripts/Menu/SavingPanelBehaviour.cs" />
        <File uid="24" fullPath="/Users/hamzz/Development/holoway/HoloWay/Assets/Assets/Code/Scripts/Menu/SettingsMenuScript.cs" />
        <File uid="25" fullPath="/Users/hamzz/Development/holoway/HoloWay/Assets/Assets/Code/Scripts/Multiplayer/ClientNetworkAnimator.cs" />
        <File uid="26" fullPath="/Users/hamzz/Development/holoway/HoloWay/Assets/Assets/Code/Scripts/Multiplayer/ClientNetworkTransform.cs" />
        <File uid="27" fullPath="/Users/hamzz/Development/holoway/HoloWay/Assets/Assets/Code/Scripts/Multiplayer/NetworkManagerInitializer.cs" />
        <File uid="28" fullPath="/Users/hamzz/Development/holoway/HoloWay/Assets/Assets/Code/Scripts/Multiplayer/ServerSideScript.cs" />
        <File uid="29" fullPath="/Users/hamzz/Development/holoway/HoloWay/Assets/Assets/Code/Scripts/Splash/SplashScreen.cs" />
        <File uid="30" fullPath="/Users/hamzz/Development/holoway/HoloWay/Assets/Assets/Code/Scripts/Utilities/CastRay.cs" />
        <File uid="31" fullPath="/Users/hamzz/Development/holoway/HoloWay/Assets/Assets/Code/Scripts/Utilities/ChangeCameraVIew.cs" />
        <File uid="32" fullPath="/Users/hamzz/Development/holoway/HoloWay/Assets/Assets/Code/Scripts/Utilities/ChangeScene.cs" />
        <File uid="33" fullPath="/Users/hamzz/Development/holoway/HoloWay/Assets/Assets/Code/Scripts/Utilities/CommonMenuUtilities.cs" />
        <File uid="34" fullPath="/Users/hamzz/Development/holoway/HoloWay/Assets/Assets/Code/Scripts/Utilities/Escape.cs" />
        <File uid="35" fullPath="/Users/hamzz/Development/holoway/HoloWay/Assets/Assets/Code/Scripts/Utilities/LoginSession.cs" />
        <File uid="36" fullPath="/Users/hamzz/Development/holoway/HoloWay/Assets/Assets/Code/Scripts/Utilities/Logout.cs" />
        <File uid="37" fullPath="/Users/hamzz/Development/holoway/HoloWay/Assets/Assets/Code/Scripts/Utilities/PlatformCameraInitializer.cs" />
        <File uid="38" fullPath="/Users/hamzz/Development/holoway/HoloWay/Assets/Assets/Code/Scripts/Utilities/Quit.cs" />
        <File uid="39" fullPath="/Users/hamzz/Development/holoway/HoloWay/Assets/Assets/Code/Scripts/Voice/UserEventHandler.cs" />
        <File uid="40" fullPath="/Users/hamzz/Development/holoway/HoloWay/Assets/Assets/Code/Scripts/Voice/VoiceHandler.cs" />
        <File uid="41" fullPath="/Users/hamzz/Development/holoway/HoloWay/Assets/Assets/Code/Scripts/HolowayAPI/GetQueryCreator.cs" />
        <File uid="42" fullPath="/Users/hamzz/Development/holoway/HoloWay/Assets/Assets/Code/Scripts/HolowayAPI/HolowayAPI.cs" />
      </Files>
      <Classes>
        <Class>
          <Summary numSequencePoints="3" visitedSequencePoints="3" numBranchPoints="0" visitedBranchPoints="0" sequenceCoverage="100.0" branchCoverage="0.0" maxCyclomaticComplexity="1" minCyclomaticComplexity="1" maxCrapScore="1" minCrapScore="1" visitedClasses="1" numClasses="1" visitedMethods="1" numMethods="1" />
          <FullName>GlobalSessionSettings</FullName>
          <Methods>
            <Method visited="true" cyclomaticComplexity="1" nPathComplexity="0" sequenceCoverage="100.0" branchCoverage="0" crapScore="1" isConstructor="false" isStatic="false" isGetter="false" isSetter="false">
              <Summary numSequencePoints="3" visitedSequencePoints="3" numBranchPoints="0" visitedBranchPoints="0" sequenceCoverage="100.0" branchCoverage="0" maxCyclomaticComplexity="1" minCyclomaticComplexity="1" maxCrapScore="1" minCrapScore="1" visitedClasses="0" numClasses="0" visitedMethods="1" numMethods="1" />
              <MetadataToken>100663365</MetadataToken>
              <Name>System.String GlobalSessionSettings::GetSessionName()</Name>
              <FileRef uid="13" />
              <SequencePoints>
                <SequencePoint vc="1" uspid="129179" ordinal="0" offset="0" sl="20" sc="5" el="20" ec="5" bec="0" bev="0" fileid="13">
                  <TrackedMethodRefs>
                    <TrackedMethodRef uid="0" vc="1" />
                  </TrackedMethodRefs>
                </SequencePoint>
                <SequencePoint vc="1" uspid="129180" ordinal="0" offset="1" sl="21" sc="9" el="21" ec="9" bec="0" bev="0" fileid="13">
                  <TrackedMethodRefs>
                    <TrackedMethodRef uid="0" vc="1" />
                  </TrackedMethodRefs>
                </SequencePoint>
                <SequencePoint vc="1" uspid="129181" ordinal="0" offset="10" sl="22" sc="5" el="22" ec="5" bec="0" bev="0" fileid="13">
                  <TrackedMethodRefs>
                    <TrackedMethodRef uid="0" vc="1" />
                  </TrackedMethodRefs>
                </SequencePoint>
              </SequencePoints>
              <BranchPoints />
            </Method>
          </Methods>
        </Class>
        <Class>
          <Summary numSequencePoints="22" visitedSequencePoints="16" numBranchPoints="0" visitedBranchPoints="0" sequenceCoverage="72.73" branchCoverage="0.0" maxCyclomaticComplexity="3" minCyclomaticComplexity="1" maxCrapScore="3.33" minCrapScore="1" visitedClasses="1" numClasses="1" visitedMethods="3" numMethods="3" />
          <FullName>MainMenuScript</FullName>
          <Methods>
            <Method visited="true" cyclomaticComplexity="3" nPathComplexity="0" sequenceCoverage="70.00" branchCoverage="0" crapScore="3.24" isConstructor="false" isStatic="false" isGetter="false" isSetter="false">
              <Summary numSequencePoints="10" visitedSequencePoints="7" numBranchPoints="0" visitedBranchPoints="0" sequenceCoverage="70.00" branchCoverage="0" maxCyclomaticComplexity="3" minCyclomaticComplexity="3" maxCrapScore="3.24" minCrapScore="3.24" visitedClasses="0" numClasses="0" visitedMethods="1" numMethods="1" />
              <MetadataToken>100663409</MetadataToken>
              <Name>System.Void MainMenuScript::Start()</Name>
              <FileRef uid="18" />
              <SequencePoints>
                <SequencePoint vc="5" uspid="129525" ordinal="0" offset="0" sl="14" sc="5" el="14" ec="5" bec="0" bev="0" fileid="18">
                  <TrackedMethodRefs>
                    <TrackedMethodRef uid="0" vc="5" />
                  </TrackedMethodRefs>
                </SequencePoint>
                <SequencePoint vc="5" uspid="129526" ordinal="0" offset="1" sl="15" sc="9" el="15" ec="9" bec="0" bev="0" fileid="18">
                  <TrackedMethodRefs>
                    <TrackedMethodRef uid="0" vc="5" />
                  </TrackedMethodRefs>
                </SequencePoint>
                <SequencePoint vc="5" uspid="129527" ordinal="0" offset="17" sl="16" sc="9" el="16" ec="9" bec="0" bev="0" fileid="18">
                  <TrackedMethodRefs>
                    <TrackedMethodRef uid="0" vc="5" />
                  </TrackedMethodRefs>
                </SequencePoint>
                <SequencePoint vc="5" uspid="129528" ordinal="0" offset="18" sl="17" sc="13" el="17" ec="13" bec="0" bev="0" fileid="18">
                  <TrackedMethodRefs>
                    <TrackedMethodRef uid="0" vc="5" />
                  </TrackedMethodRefs>
                </SequencePoint>
                <SequencePoint vc="5" uspid="129529" ordinal="0" offset="34" sl="18" sc="13" el="18" ec="13" bec="0" bev="0" fileid="18">
                  <TrackedMethodRefs>
                    <TrackedMethodRef uid="0" vc="5" />
                  </TrackedMethodRefs>
                </SequencePoint>
                <SequencePoint vc="0" uspid="129530" ordinal="0" offset="50" sl="19" sc="13" el="19" ec="13" bec="0" bev="0" fileid="18">
                  <TrackedMethodRefs>
                    <TrackedMethodRef uid="0" vc="0" />
                  </TrackedMethodRefs>
                </SequencePoint>
                <SequencePoint vc="0" uspid="129531" ordinal="0" offset="51" sl="20" sc="17" el="20" ec="17" bec="0" bev="0" fileid="18">
                  <TrackedMethodRefs>
                    <TrackedMethodRef uid="0" vc="0" />
                  </TrackedMethodRefs>
                </SequencePoint>
                <SequencePoint vc="0" uspid="129532" ordinal="0" offset="72" sl="21" sc="13" el="21" ec="13" bec="0" bev="0" fileid="18">
                  <TrackedMethodRefs>
                    <TrackedMethodRef uid="0" vc="0" />
                  </TrackedMethodRefs>
                </SequencePoint>
                <SequencePoint vc="5" uspid="129533" ordinal="0" offset="73" sl="22" sc="9" el="22" ec="9" bec="0" bev="0" fileid="18">
                  <TrackedMethodRefs>
                    <TrackedMethodRef uid="0" vc="5" />
                  </TrackedMethodRefs>
                </SequencePoint>
                <SequencePoint vc="5" uspid="129534" ordinal="0" offset="74" sl="23" sc="5" el="23" ec="5" bec="0" bev="0" fileid="18">
                  <TrackedMethodRefs>
                    <TrackedMethodRef uid="0" vc="5" />
                  </TrackedMethodRefs>
                </SequencePoint>
              </SequencePoints>
              <BranchPoints />
            </Method>
            <Method visited="true" cyclomaticComplexity="1" nPathComplexity="0" sequenceCoverage="100.0" branchCoverage="0" crapScore="1" isConstructor="false" isStatic="false" isGetter="false" isSetter="false">
              <Summary numSequencePoints="3" visitedSequencePoints="3" numBranchPoints="0" visitedBranchPoints="0" sequenceCoverage="100.0" branchCoverage="0" maxCyclomaticComplexity="1" minCyclomaticComplexity="1" maxCrapScore="1" minCrapScore="1" visitedClasses="0" numClasses="0" visitedMethods="1" numMethods="1" />
              <MetadataToken>100663410</MetadataToken>
              <Name>System.Void MainMenuScript::OnButtonClick()</Name>
              <FileRef uid="18" />
              <SequencePoints>
                <SequencePoint vc="1" uspid="129535" ordinal="0" offset="0" sl="26" sc="5" el="26" ec="5" bec="0" bev="0" fileid="18">
                  <TrackedMethodRefs>
                    <TrackedMethodRef uid="0" vc="1" />
                  </TrackedMethodRefs>
                </SequencePoint>
                <SequencePoint vc="1" uspid="129536" ordinal="0" offset="1" sl="27" sc="9" el="27" ec="9" bec="0" bev="0" fileid="18">
                  <TrackedMethodRefs>
                    <TrackedMethodRef uid="0" vc="1" />
                  </TrackedMethodRefs>
                </SequencePoint>
                <SequencePoint vc="1" uspid="129537" ordinal="0" offset="9" sl="28" sc="5" el="28" ec="5" bec="0" bev="0" fileid="18">
                  <TrackedMethodRefs>
                    <TrackedMethodRef uid="0" vc="1" />
                  </TrackedMethodRefs>
                </SequencePoint>
              </SequencePoints>
              <BranchPoints />
            </Method>
            <Method visited="true" cyclomaticComplexity="3" nPathComplexity="0" sequenceCoverage="66.67" branchCoverage="0" crapScore="3.33" isConstructor="false" isStatic="false" isGetter="false" isSetter="false">
              <Summary numSequencePoints="9" visitedSequencePoints="6" numBranchPoints="0" visitedBranchPoints="0" sequenceCoverage="66.67" branchCoverage="0" maxCyclomaticComplexity="3" minCyclomaticComplexity="3" maxCrapScore="3.33" minCrapScore="3.33" visitedClasses="0" numClasses="0" visitedMethods="1" numMethods="1" />
              <MetadataToken>100663412</MetadataToken>
              <Name>System.Void MainMenuScript::DoButtonDefaults(System.Int32)</Name>
              <FileRef uid="18" />
              <SequencePoints>
                <SequencePoint vc="1" uspid="129541" ordinal="0" offset="0" sl="36" sc="5" el="36" ec="5" bec="0" bev="0" fileid="18">
                  <TrackedMethodRefs>
                    <TrackedMethodRef uid="0" vc="1" />
                  </TrackedMethodRefs>
                </SequencePoint>
                <SequencePoint vc="1" uspid="129542" ordinal="0" offset="1" sl="37" sc="9" el="37" ec="9" bec="0" bev="0" fileid="18">
                  <TrackedMethodRefs>
                    <TrackedMethodRef uid="0" vc="1" />
                  </TrackedMethodRefs>
                </SequencePoint>
                <SequencePoint vc="1" uspid="129543" ordinal="0" offset="16" sl="40" sc="13" el="40" ec="13" bec="0" bev="0" fileid="18">
                  <TrackedMethodRefs>
                    <TrackedMethodRef uid="0" vc="1" />
                  </TrackedMethodRefs>
                </SequencePoint>
                <SequencePoint vc="1" uspid="129544" ordinal="0" offset="17" sl="41" sc="17" el="41" ec="17" bec="0" bev="0" fileid="18">
                  <TrackedMethodRefs>
                    <TrackedMethodRef uid="0" vc="1" />
                  </TrackedMethodRefs>
                </SequencePoint>
                <SequencePoint vc="1" uspid="129545" ordinal="0" offset="35" sl="42" sc="17" el="42" ec="17" bec="0" bev="0" fileid="18">
                  <TrackedMethodRefs>
                    <TrackedMethodRef uid="0" vc="1" />
                  </TrackedMethodRefs>
                </SequencePoint>
                <SequencePoint vc="0" uspid="129546" ordinal="0" offset="37" sl="45" sc="13" el="45" ec="13" bec="0" bev="0" fileid="18">
                  <TrackedMethodRefs>
                    <TrackedMethodRef uid="0" vc="0" />
                  </TrackedMethodRefs>
                </SequencePoint>
                <SequencePoint vc="0" uspid="129547" ordinal="0" offset="38" sl="46" sc="17" el="46" ec="17" bec="0" bev="0" fileid="18">
                  <TrackedMethodRefs>
                    <TrackedMethodRef uid="0" vc="0" />
                  </TrackedMethodRefs>
                </SequencePoint>
                <SequencePoint vc="0" uspid="129548" ordinal="0" offset="56" sl="47" sc="17" el="47" ec="17" bec="0" bev="0" fileid="18">
                  <TrackedMethodRefs>
                    <TrackedMethodRef uid="0" vc="0" />
                  </TrackedMethodRefs>
                </SequencePoint>
                <SequencePoint vc="1" uspid="129549" ordinal="0" offset="58" sl="50" sc="5" el="50" ec="5" bec="0" bev="0" fileid="18">
                  <TrackedMethodRefs>
                    <TrackedMethodRef uid="0" vc="1" />
                  </TrackedMethodRefs>
                </SequencePoint>
              </SequencePoints>
              <BranchPoints />
            </Method>
          </Methods>
        </Class>
        <Class>
          <Summary numSequencePoints="15" visitedSequencePoints="9" numBranchPoints="0" visitedBranchPoints="0" sequenceCoverage="60.00" branchCoverage="0.0" maxCyclomaticComplexity="5" minCyclomaticComplexity="1" maxCrapScore="7.46" minCrapScore="1" visitedClasses="1" numClasses="1" visitedMethods="2" numMethods="2" />
          <FullName>MenuSessionScript</FullName>
          <Methods>
            <Method visited="true" cyclomaticComplexity="5" nPathComplexity="0" sequenceCoverage="53.85" branchCoverage="0" crapScore="7.46" isConstructor="false" isStatic="false" isGetter="false" isSetter="false">
              <Summary numSequencePoints="13" visitedSequencePoints="7" numBranchPoints="0" visitedBranchPoints="0" sequenceCoverage="53.85" branchCoverage="0" maxCyclomaticComplexity="5" minCyclomaticComplexity="5" maxCrapScore="7.46" minCrapScore="7.46" visitedClasses="0" numClasses="0" visitedMethods="1" numMethods="1" />
              <MetadataToken>100663414</MetadataToken>
              <Name>System.Void MenuSessionScript::Start()</Name>
              <FileRef uid="19" />
              <SequencePoints>
                <SequencePoint vc="1" uspid="129550" ordinal="0" offset="0" sl="11" sc="5" el="11" ec="5" bec="0" bev="0" fileid="19">
                  <TrackedMethodRefs>
                    <TrackedMethodRef uid="0" vc="1" />
                  </TrackedMethodRefs>
                </SequencePoint>
                <SequencePoint vc="1" uspid="129551" ordinal="0" offset="1" sl="12" sc="9" el="12" ec="9" bec="0" bev="0" fileid="19">
                  <TrackedMethodRefs>
                    <TrackedMethodRef uid="0" vc="1" />
                  </TrackedMethodRefs>
                </SequencePoint>
                <SequencePoint vc="1" uspid="129552" ordinal="0" offset="17" sl="13" sc="9" el="13" ec="9" bec="0" bev="0" fileid="19">
                  <TrackedMethodRefs>
                    <TrackedMethodRef uid="0" vc="1" />
                  </TrackedMethodRefs>
                </SequencePoint>
                <SequencePoint vc="1" uspid="129553" ordinal="0" offset="18" sl="14" sc="13" el="14" ec="13" bec="0" bev="0" fileid="19">
                  <TrackedMethodRefs>
                    <TrackedMethodRef uid="0" vc="1" />
                  </TrackedMethodRefs>
                </SequencePoint>
                <SequencePoint vc="1" uspid="129554" ordinal="0" offset="34" sl="15" sc="13" el="15" ec="13" bec="0" bev="0" fileid="19">
                  <TrackedMethodRefs>
                    <TrackedMethodRef uid="0" vc="1" />
                  </TrackedMethodRefs>
                </SequencePoint>
                <SequencePoint vc="0" uspid="129555" ordinal="0" offset="42" sl="16" sc="13" el="16" ec="13" bec="0" bev="0" fileid="19">
                  <TrackedMethodRefs>
                    <TrackedMethodRef uid="0" vc="0" />
                  </TrackedMethodRefs>
                </SequencePoint>
                <SequencePoint vc="0" uspid="129556" ordinal="0" offset="43" sl="17" sc="17" el="17" ec="17" bec="0" bev="0" fileid="19">
                  <TrackedMethodRefs>
                    <TrackedMethodRef uid="0" vc="0" />
                  </TrackedMethodRefs>
                </SequencePoint>
                <SequencePoint vc="0" uspid="129557" ordinal="0" offset="72" sl="18" sc="17" el="18" ec="17" bec="0" bev="0" fileid="19">
                  <TrackedMethodRefs>
                    <TrackedMethodRef uid="0" vc="0" />
                  </TrackedMethodRefs>
                </SequencePoint>
                <SequencePoint vc="0" uspid="129558" ordinal="0" offset="73" sl="19" sc="21" el="19" ec="21" bec="0" bev="0" fileid="19">
                  <TrackedMethodRefs>
                    <TrackedMethodRef uid="0" vc="0" />
                  </TrackedMethodRefs>
                </SequencePoint>
                <SequencePoint vc="0" uspid="129559" ordinal="0" offset="96" sl="20" sc="17" el="20" ec="17" bec="0" bev="0" fileid="19">
                  <TrackedMethodRefs>
                    <TrackedMethodRef uid="0" vc="0" />
                  </TrackedMethodRefs>
                </SequencePoint>
                <SequencePoint vc="0" uspid="129560" ordinal="0" offset="97" sl="21" sc="13" el="21" ec="13" bec="0" bev="0" fileid="19">
                  <TrackedMethodRefs>
                    <TrackedMethodRef uid="0" vc="0" />
                  </TrackedMethodRefs>
                </SequencePoint>
                <SequencePoint vc="1" uspid="129561" ordinal="0" offset="98" sl="22" sc="9" el="22" ec="9" bec="0" bev="0" fileid="19">
                  <TrackedMethodRefs>
                    <TrackedMethodRef uid="0" vc="1" />
                  </TrackedMethodRefs>
                </SequencePoint>
                <SequencePoint vc="1" uspid="129562" ordinal="0" offset="99" sl="23" sc="5" el="23" ec="5" bec="0" bev="0" fileid="19">
                  <TrackedMethodRefs>
                    <TrackedMethodRef uid="0" vc="1" />
                  </TrackedMethodRefs>
                </SequencePoint>
              </SequencePoints>
              <BranchPoints />
            </Method>
            <Method visited="true" cyclomaticComplexity="1" nPathComplexity="0" sequenceCoverage="100.0" branchCoverage="0" crapScore="1" isConstructor="false" isStatic="false" isGetter="false" isSetter="false">
              <Summary numSequencePoints="2" visitedSequencePoints="2" numBranchPoints="0" visitedBranchPoints="0" sequenceCoverage="100.0" branchCoverage="0" maxCyclomaticComplexity="1" minCyclomaticComplexity="1" maxCrapScore="1" minCrapScore="1" visitedClasses="0" numClasses="0" visitedMethods="1" numMethods="1" />
              <MetadataToken>100663415</MetadataToken>
              <Name>System.Void MenuSessionScript::Update()</Name>
              <FileRef uid="19" />
              <SequencePoints>
                <SequencePoint vc="4321" uspid="129563" ordinal="0" offset="0" sl="27" sc="5" el="27" ec="5" bec="0" bev="0" fileid="19">
                  <TrackedMethodRefs>
                    <TrackedMethodRef uid="0" vc="4321" />
                  </TrackedMethodRefs>
                </SequencePoint>
                <SequencePoint vc="4321" uspid="129564" ordinal="0" offset="1" sl="29" sc="5" el="29" ec="5" bec="0" bev="0" fileid="19">
                  <TrackedMethodRefs>
                    <TrackedMethodRef uid="0" vc="4321" />
                  </TrackedMethodRefs>
                </SequencePoint>
              </SequencePoints>
              <BranchPoints />
            </Method>
          </Methods>
        </Class>
        <Class>
          <Summary numSequencePoints="1" visitedSequencePoints="1" numBranchPoints="0" visitedBranchPoints="0" sequenceCoverage="100.0" branchCoverage="0.0" maxCyclomaticComplexity="1" minCyclomaticComplexity="1" maxCrapScore="1" minCrapScore="1" visitedClasses="1" numClasses="1" visitedMethods="1" numMethods="1" />
          <FullName>ChangeScene</FullName>
          <Methods>
            <Method visited="true" cyclomaticComplexity="1" nPathComplexity="0" sequenceCoverage="100.0" branchCoverage="0" crapScore="1" isConstructor="true" isStatic="false" isGetter="false" isSetter="false">
              <Summary numSequencePoints="1" visitedSequencePoints="1" numBranchPoints="0" visitedBranchPoints="0" sequenceCoverage="100.0" branchCoverage="0" maxCyclomaticComplexity="1" minCyclomaticComplexity="1" maxCrapScore="1" minCrapScore="1" visitedClasses="0" numClasses="0" visitedMethods="1" numMethods="1" />
              <MetadataToken>100663487</MetadataToken>
              <Name>ChangeScene::ChangeScene()</Name>
              <FileRef uid="32" />
              <SequencePoints>
                <SequencePoint vc="6" uspid="129866" ordinal="0" offset="0" sl="25" sc="5" el="25" ec="5" bec="0" bev="0" fileid="32">
                  <TrackedMethodRefs>
                    <TrackedMethodRef uid="0" vc="6" />
                  </TrackedMethodRefs>
                </SequencePoint>
              </SequencePoints>
              <BranchPoints />
            </Method>
          </Methods>
        </Class>
        <Class>
          <Summary numSequencePoints="4" visitedSequencePoints="4" numBranchPoints="0" visitedBranchPoints="0" sequenceCoverage="100.0" branchCoverage="0.0" maxCyclomaticComplexity="1" minCyclomaticComplexity="1" maxCrapScore="1" minCrapScore="1" visitedClasses="1" numClasses="1" visitedMethods="1" numMethods="1" />
          <FullName>Quit</FullName>
          <Methods>
            <Method visited="true" cyclomaticComplexity="1" nPathComplexity="0" sequenceCoverage="100.0" branchCoverage="0" crapScore="1" isConstructor="false" isStatic="false" isGetter="false" isSetter="false">
              <Summary numSequencePoints="4" visitedSequencePoints="4" numBranchPoints="0" visitedBranchPoints="0" sequenceCoverage="100.0" branchCoverage="0" maxCyclomaticComplexity="1" minCyclomaticComplexity="1" maxCrapScore="1" minCrapScore="1" visitedClasses="0" numClasses="0" visitedMethods="1" numMethods="1" />
              <MetadataToken>100663500</MetadataToken>
              <Name>System.Void Quit::ReturnToDescktop()</Name>
              <FileRef uid="38" />
              <SequencePoints>
                <SequencePoint vc="1" uspid="129908" ordinal="0" offset="0" sl="9" sc="5" el="9" ec="5" bec="0" bev="0" fileid="38">
                  <TrackedMethodRefs>
                    <TrackedMethodRef uid="0" vc="1" />
                  </TrackedMethodRefs>
                </SequencePoint>
                <SequencePoint vc="1" uspid="129909" ordinal="0" offset="1" sl="10" sc="9" el="10" ec="9" bec="0" bev="0" fileid="38">
                  <TrackedMethodRefs>
                    <TrackedMethodRef uid="0" vc="1" />
                  </TrackedMethodRefs>
                </SequencePoint>
                <SequencePoint vc="1" uspid="129910" ordinal="0" offset="12" sl="11" sc="9" el="11" ec="9" bec="0" bev="0" fileid="38">
                  <TrackedMethodRefs>
                    <TrackedMethodRef uid="0" vc="1" />
                  </TrackedMethodRefs>
                </SequencePoint>
                <SequencePoint vc="1" uspid="129911" ordinal="0" offset="18" sl="12" sc="5" el="12" ec="5" bec="0" bev="0" fileid="38">
                  <TrackedMethodRefs>
                    <TrackedMethodRef uid="0" vc="1" />
                  </TrackedMethodRefs>
                </SequencePoint>
              </SequencePoints>
              <BranchPoints />
            </Method>
          </Methods>
        </Class>
      </Classes>
      <TrackedMethods>
        <TrackedMethod uid="0" token="100663365" name="System.Collections.IEnumerator MainMenuTests::Test_ChangeSceneReturnToDesktop()" strategy="Test" />
      </TrackedMethods>
    </Module>
    <Module>
      <Summary numSequencePoints="11" visitedSequencePoints="11" numBranchPoints="0" visitedBranchPoints="0" sequenceCoverage="100.0" branchCoverage="0.0" maxCyclomaticComplexity="5" minCyclomaticComplexity="1" maxCrapScore="5" minCrapScore="1" visitedClasses="2" numClasses="2" visitedMethods="2" numMethods="2" />
      <ModuleTime>0001-01-01T00:00:00</ModuleTime>
      <ModuleName>PlaymodeTests</ModuleName>
      <Files>
        <File uid="43" fullPath="/Users/hamzz/Development/holoway/HoloWay/Assets/Assets/Tests/PlayModeTests/AvatarModificationRoomTests.cs" />
        <File uid="44" fullPath="/Users/hamzz/Development/holoway/HoloWay/Assets/Assets/Tests/PlayModeTests/LoginMenuTests.cs" />
        <File uid="45" fullPath="/Users/hamzz/Development/holoway/HoloWay/Assets/Assets/Tests/PlayModeTests/MainMenuTests.cs" />
        <File uid="46" fullPath="/Users/hamzz/Development/holoway/HoloWay/Assets/Assets/Tests/PlayModeTests/RoomCreationMenuTests.cs" />
        <File uid="47" fullPath="/Users/hamzz/Development/holoway/HoloWay/Assets/Assets/Tests/PlayModeTests/RoomSelectionMenuTests.cs" />
        <File uid="48" fullPath="/Users/hamzz/Development/holoway/HoloWay/Assets/Assets/Tests/PlayModeTests/SettingsMenuTests.cs" />
        <File uid="49" fullPath="/Users/hamzz/Development/holoway/HoloWay/Assets/Assets/Tests/PlayModeTests/SplashScreenTests.cs" />
      </Files>
      <Classes>
        <Class>
          <Summary numSequencePoints="3" visitedSequencePoints="3" numBranchPoints="0" visitedBranchPoints="0" sequenceCoverage="100.0" branchCoverage="0.0" maxCyclomaticComplexity="1" minCyclomaticComplexity="1" maxCrapScore="1" minCrapScore="1" visitedClasses="1" numClasses="1" visitedMethods="1" numMethods="1" />
          <FullName>MainMenuTests</FullName>
          <Methods>
            <Method visited="true" cyclomaticComplexity="1" nPathComplexity="0" sequenceCoverage="100.0" branchCoverage="0" crapScore="1" isConstructor="false" isStatic="false" isGetter="false" isSetter="false">
              <Summary numSequencePoints="3" visitedSequencePoints="3" numBranchPoints="0" visitedBranchPoints="0" sequenceCoverage="100.0" branchCoverage="0" maxCyclomaticComplexity="1" minCyclomaticComplexity="1" maxCrapScore="1" minCrapScore="1" visitedClasses="0" numClasses="0" visitedMethods="1" numMethods="1" />
              <MetadataToken>100663347</MetadataToken>
              <Name>System.Void MainMenuTests::Setup()</Name>
              <FileRef uid="45" />
              <SequencePoints>
                <SequencePoint vc="1" uspid="130291" ordinal="0" offset="0" sl="14" sc="5" el="14" ec="5" bec="0" bev="0" fileid="45">
                  <TrackedMethodRefs>
                    <TrackedMethodRef uid="1" vc="1" />
                  </TrackedMethodRefs>
                </SequencePoint>
                <SequencePoint vc="1" uspid="130292" ordinal="0" offset="1" sl="15" sc="9" el="15" ec="9" bec="0" bev="0" fileid="45">
                  <TrackedMethodRefs>
                    <TrackedMethodRef uid="1" vc="1" />
                  </TrackedMethodRefs>
                </SequencePoint>
                <SequencePoint vc="1" uspid="130293" ordinal="0" offset="8" sl="16" sc="5" el="16" ec="5" bec="0" bev="0" fileid="45">
                  <TrackedMethodRefs>
                    <TrackedMethodRef uid="1" vc="1" />
                  </TrackedMethodRefs>
                </SequencePoint>
              </SequencePoints>
              <BranchPoints />
            </Method>
          </Methods>
        </Class>
        <Class>
          <Summary numSequencePoints="8" visitedSequencePoints="8" numBranchPoints="0" visitedBranchPoints="0" sequenceCoverage="100.0" branchCoverage="0.0" maxCyclomaticComplexity="5" minCyclomaticComplexity="5" maxCrapScore="5" minCrapScore="5" visitedClasses="1" numClasses="1" visitedMethods="1" numMethods="1" />
          <FullName>MainMenuTests/&lt;Test_ChangeSceneReturnToDesktop&gt;d__18</FullName>
          <Methods>
            <Method visited="true" cyclomaticComplexity="5" nPathComplexity="0" sequenceCoverage="100.0" branchCoverage="0" crapScore="5" isConstructor="false" isStatic="false" isGetter="false" isSetter="false">
              <Summary numSequencePoints="8" visitedSequencePoints="8" numBranchPoints="0" visitedBranchPoints="0" sequenceCoverage="100.0" branchCoverage="0" maxCyclomaticComplexity="5" minCyclomaticComplexity="5" maxCrapScore="5" minCrapScore="5" visitedClasses="0" numClasses="0" visitedMethods="1" numMethods="1" />
              <MetadataToken>100663805</MetadataToken>
              <Name>System.Boolean MainMenuTests/&lt;Test_ChangeSceneReturnToDesktop&gt;d__18::MoveNext()</Name>
              <FileRef uid="45" />
              <SequencePoints>
                <SequencePoint vc="1" uspid="130739" ordinal="0" offset="42" sl="169" sc="5" el="169" ec="5" bec="0" bev="0" fileid="45">
                  <TrackedMethodRefs>
                    <TrackedMethodRef uid="1" vc="1" />
                  </TrackedMethodRefs>
                </SequencePoint>
                <SequencePoint vc="1" uspid="130740" ordinal="0" offset="43" sl="170" sc="9" el="170" ec="9" bec="0" bev="0" fileid="45">
                  <TrackedMethodRefs>
                    <TrackedMethodRef uid="1" vc="1" />
                  </TrackedMethodRefs>
                </SequencePoint>
                <SequencePoint vc="1" uspid="130741" ordinal="0" offset="66" sl="171" sc="9" el="171" ec="9" bec="0" bev="0" fileid="45">
                  <TrackedMethodRefs>
                    <TrackedMethodRef uid="1" vc="1" />
                  </TrackedMethodRefs>
                </SequencePoint>
                <SequencePoint vc="1" uspid="130742" ordinal="0" offset="82" sl="172" sc="9" el="172" ec="9" bec="0" bev="0" fileid="45">
                  <TrackedMethodRefs>
                    <TrackedMethodRef uid="1" vc="1" />
                  </TrackedMethodRefs>
                </SequencePoint>
                <SequencePoint vc="1" uspid="130743" ordinal="0" offset="99" sl="173" sc="9" el="173" ec="9" bec="0" bev="0" fileid="45">
                  <TrackedMethodRefs>
                    <TrackedMethodRef uid="1" vc="1" />
                  </TrackedMethodRefs>
                </SequencePoint>
                <SequencePoint vc="1" uspid="130744" ordinal="0" offset="116" sl="174" sc="9" el="174" ec="9" bec="0" bev="0" fileid="45">
                  <TrackedMethodRefs>
                    <TrackedMethodRef uid="1" vc="1" />
                  </TrackedMethodRefs>
                </SequencePoint>
                <SequencePoint vc="1" uspid="130745" ordinal="0" offset="148" sl="176" sc="9" el="176" ec="9" bec="0" bev="0" fileid="45">
                  <TrackedMethodRefs>
                    <TrackedMethodRef uid="1" vc="1" />
                  </TrackedMethodRefs>
                </SequencePoint>
                <SequencePoint vc="1" uspid="130746" ordinal="0" offset="159" sl="177" sc="5" el="177" ec="5" bec="0" bev="0" fileid="45">
                  <TrackedMethodRefs>
                    <TrackedMethodRef uid="1" vc="1" />
                  </TrackedMethodRefs>
                </SequencePoint>
              </SequencePoints>
              <BranchPoints />
            </Method>
          </Methods>
        </Class>
      </Classes>
      <TrackedMethods>
        <TrackedMethod uid="1" token="100663365" name="System.Collections.IEnumerator MainMenuTests::Test_ChangeSceneReturnToDesktop()" strategy="Test" />
      </TrackedMethods>
    </Module>
  </Modules>
</CoverageSession>