<?xml version="1.0" encoding="utf-8"?>
<CoverageSession xmlns:xsd="http://www.w3.org/2001/XMLSchema" xmlns:xsi="http://www.w3.org/2001/XMLSchema-instance" Version="0.0.0.0">
  <Summary numSequencePoints="24" visitedSequencePoints="24" numBranchPoints="0" visitedBranchPoints="0" sequenceCoverage="100.0" branchCoverage="0.0" maxCyclomaticComplexity="0" minCyclomaticComplexity="0" maxCrapScore="0" minCrapScore="0" visitedClasses="4" numClasses="4" visitedMethods="7" numMethods="7" />
  <Modules>
    <Module>
      <Summary numSequencePoints="13" visitedSequencePoints="13" numBranchPoints="0" visitedBranchPoints="0" sequenceCoverage="100.0" branchCoverage="0.0" maxCyclomaticComplexity="0" minCyclomaticComplexity="0" maxCrapScore="0" minCrapScore="0" visitedClasses="2" numClasses="2" visitedMethods="5" numMethods="5" />
      <ModuleTime>0001-01-01T00:00:00</ModuleTime>
      <ModuleName>Scripts</ModuleName>
      <Files>
        <File uid="1" fullPath="C:/Users/Siddharth Shenoy/Desktop/Work/Unity Projects/ase-team3-meeting_room/App/HoloWay/Assets/Scripts/APIHelper.cs" />
        <File uid="2" fullPath="C:/Users/Siddharth Shenoy/Desktop/Work/Unity Projects/ase-team3-meeting_room/App/HoloWay/Assets/Scripts/Common/Globals/GlobalAudioSettings.cs" />
        <File uid="3" fullPath="C:/Users/Siddharth Shenoy/Desktop/Work/Unity Projects/ase-team3-meeting_room/App/HoloWay/Assets/Scripts/Common/Globals/GlobalGameSettings.cs" />
        <File uid="4" fullPath="C:/Users/Siddharth Shenoy/Desktop/Work/Unity Projects/ase-team3-meeting_room/App/HoloWay/Assets/Scripts/Common/Globals/GlobalGameStrings.cs" />
        <File uid="5" fullPath="C:/Users/Siddharth Shenoy/Desktop/Work/Unity Projects/ase-team3-meeting_room/App/HoloWay/Assets/Scripts/Common/JsonResponse/LoginResponse.cs" />
        <File uid="6" fullPath="C:/Users/Siddharth Shenoy/Desktop/Work/Unity Projects/ase-team3-meeting_room/App/HoloWay/Assets/Scripts/Common/Menu/CommonMenuScript.cs" />
        <File uid="7" fullPath="C:/Users/Siddharth Shenoy/Desktop/Work/Unity Projects/ase-team3-meeting_room/App/HoloWay/Assets/Scripts/Common/Scene/LoginSceneInitialization.cs" />
        <File uid="8" fullPath="C:/Users/Siddharth Shenoy/Desktop/Work/Unity Projects/ase-team3-meeting_room/App/HoloWay/Assets/Scripts/DatabaseManager.cs" />
        <File uid="9" fullPath="C:/Users/Siddharth Shenoy/Desktop/Work/Unity Projects/ase-team3-meeting_room/App/HoloWay/Assets/Scripts/GetExternalAPIData.cs" />
        <File uid="10" fullPath="C:/Users/Siddharth Shenoy/Desktop/Work/Unity Projects/ase-team3-meeting_room/App/HoloWay/Assets/Scripts/User.cs" />
        <File uid="11" fullPath="C:/Users/Siddharth Shenoy/Desktop/Work/Unity Projects/ase-team3-meeting_room/App/HoloWay/Assets/Scripts/Web/Aesthetics/TextCameraLookAt.cs" />
        <File uid="12" fullPath="C:/Users/Siddharth Shenoy/Desktop/Work/Unity Projects/ase-team3-meeting_room/App/HoloWay/Assets/Scripts/Web/Animation/FootstepBehaviour.cs" />
        <File uid="13" fullPath="C:/Users/Siddharth Shenoy/Desktop/Work/Unity Projects/ase-team3-meeting_room/App/HoloWay/Assets/Scripts/Web/Animation/FootstepBehaviourAnimator.cs" />
        <File uid="14" fullPath="C:/Users/Siddharth Shenoy/Desktop/Work/Unity Projects/ase-team3-meeting_room/App/HoloWay/Assets/Scripts/Web/Animation/StopShakingHands.cs" />
        <File uid="15" fullPath="C:/Users/Siddharth Shenoy/Desktop/Work/Unity Projects/ase-team3-meeting_room/App/HoloWay/Assets/Scripts/Web/Animation/StopSitToStand.cs" />
        <File uid="16" fullPath="C:/Users/Siddharth Shenoy/Desktop/Work/Unity Projects/ase-team3-meeting_room/App/HoloWay/Assets/Scripts/Web/Animation/StopStandToSit.cs" />
        <File uid="17" fullPath="C:/Users/Siddharth Shenoy/Desktop/Work/Unity Projects/ase-team3-meeting_room/App/HoloWay/Assets/Scripts/Web/Animation/StopWaving.cs" />
        <File uid="18" fullPath="C:/Users/Siddharth Shenoy/Desktop/Work/Unity Projects/ase-team3-meeting_room/App/HoloWay/Assets/Scripts/Web/CameraTargettingScript.cs" />
        <File uid="19" fullPath="C:/Users/Siddharth Shenoy/Desktop/Work/Unity Projects/ase-team3-meeting_room/App/HoloWay/Assets/Scripts/Web/Menu/LoginMenuScript.cs" />
        <File uid="20" fullPath="C:/Users/Siddharth Shenoy/Desktop/Work/Unity Projects/ase-team3-meeting_room/App/HoloWay/Assets/Scripts/Web/Menu/MainMenuScript.cs" />
        <File uid="21" fullPath="C:/Users/Siddharth Shenoy/Desktop/Work/Unity Projects/ase-team3-meeting_room/App/HoloWay/Assets/Scripts/Web/Menu/RoomCreationMenuScript.cs" />
        <File uid="22" fullPath="C:/Users/Siddharth Shenoy/Desktop/Work/Unity Projects/ase-team3-meeting_room/App/HoloWay/Assets/Scripts/Web/Menu/RoomSelectionMenuScript.cs" />
        <File uid="23" fullPath="C:/Users/Siddharth Shenoy/Desktop/Work/Unity Projects/ase-team3-meeting_room/App/HoloWay/Assets/Scripts/Web/PlayerEmoticonHandler.cs" />
        <File uid="24" fullPath="C:/Users/Siddharth Shenoy/Desktop/Work/Unity Projects/ase-team3-meeting_room/App/HoloWay/Assets/Scripts/Web/PlayerMovementScript.cs" />
      </Files>
      <Classes>
        <Class>
          <Summary numSequencePoints="4" visitedSequencePoints="4" numBranchPoints="0" visitedBranchPoints="0" sequenceCoverage="100.0" branchCoverage="0.0" maxCyclomaticComplexity="0" minCyclomaticComplexity="0" maxCrapScore="0" minCrapScore="0" visitedClasses="1" numClasses="1" visitedMethods="2" numMethods="2" />
          <FullName>MainMenuScript</FullName>
          <Methods>
            <Method visited="true" cyclomaticComplexity="0" nPathComplexity="0" sequenceCoverage="100.0" branchCoverage="0" crapScore="0" isConstructor="false" isStatic="false" isGetter="false" isSetter="false">
              <Summary numSequencePoints="2" visitedSequencePoints="2" numBranchPoints="0" visitedBranchPoints="0" sequenceCoverage="100.0" branchCoverage="0" maxCyclomaticComplexity="0" minCyclomaticComplexity="0" maxCrapScore="0" minCrapScore="0" visitedClasses="0" numClasses="0" visitedMethods="1" numMethods="1" />
              <MetadataToken>100663361</MetadataToken>
              <Name>System.Void MainMenuScript::Start()</Name>
              <FileRef uid="20" />
              <SequencePoints>
                <SequencePoint vc="1" uspid="877" ordinal="0" offset="0" sl="14" sc="5" el="14" ec="5" bec="0" bev="0" fileid="20" />
                <SequencePoint vc="1" uspid="878" ordinal="0" offset="1" sl="16" sc="5" el="16" ec="5" bec="0" bev="0" fileid="20" />
              </SequencePoints>
              <BranchPoints />
            </Method>
            <Method visited="true" cyclomaticComplexity="0" nPathComplexity="0" sequenceCoverage="100.0" branchCoverage="0" crapScore="0" isConstructor="false" isStatic="false" isGetter="false" isSetter="false">
              <Summary numSequencePoints="2" visitedSequencePoints="2" numBranchPoints="0" visitedBranchPoints="0" sequenceCoverage="100.0" branchCoverage="0" maxCyclomaticComplexity="0" minCyclomaticComplexity="0" maxCrapScore="0" minCrapScore="0" visitedClasses="0" numClasses="0" visitedMethods="1" numMethods="1" />
              <MetadataToken>100663362</MetadataToken>
              <Name>System.Void MainMenuScript::Update()</Name>
              <FileRef uid="20" />
              <SequencePoints>
                <SequencePoint vc="45" uspid="879" ordinal="0" offset="0" sl="20" sc="5" el="20" ec="5" bec="0" bev="0" fileid="20" />
                <SequencePoint vc="45" uspid="880" ordinal="0" offset="1" sl="22" sc="5" el="22" ec="5" bec="0" bev="0" fileid="20" />
              </SequencePoints>
              <BranchPoints />
            </Method>
          </Methods>
        </Class>
        <Class>
          <Summary numSequencePoints="9" visitedSequencePoints="9" numBranchPoints="0" visitedBranchPoints="0" sequenceCoverage="100.0" branchCoverage="0.0" maxCyclomaticComplexity="0" minCyclomaticComplexity="0" maxCrapScore="0" minCrapScore="0" visitedClasses="1" numClasses="1" visitedMethods="3" numMethods="3" />
          <FullName>RoomSelectionMenuScript</FullName>
          <Methods>
            <Method visited="true" cyclomaticComplexity="0" nPathComplexity="0" sequenceCoverage="100.0" branchCoverage="0" crapScore="0" isConstructor="false" isStatic="false" isGetter="false" isSetter="false">
              <Summary numSequencePoints="3" visitedSequencePoints="3" numBranchPoints="0" visitedBranchPoints="0" sequenceCoverage="100.0" branchCoverage="0" maxCyclomaticComplexity="0" minCyclomaticComplexity="0" maxCrapScore="0" minCrapScore="0" visitedClasses="0" numClasses="0" visitedMethods="1" numMethods="1" />
              <MetadataToken>100663377</MetadataToken>
              <Name>System.Void RoomSelectionMenuScript::SelectRoom(System.Int32)</Name>
              <FileRef uid="22" />
              <SequencePoints>
                <SequencePoint vc="1" uspid="927" ordinal="0" offset="0" sl="9" sc="5" el="9" ec="5" bec="0" bev="0" fileid="22" />
                <SequencePoint vc="1" uspid="928" ordinal="0" offset="1" sl="10" sc="9" el="10" ec="9" bec="0" bev="0" fileid="22" />
                <SequencePoint vc="1" uspid="929" ordinal="0" offset="8" sl="11" sc="5" el="11" ec="5" bec="0" bev="0" fileid="22" />
              </SequencePoints>
              <BranchPoints />
            </Method>
            <Method visited="true" cyclomaticComplexity="0" nPathComplexity="0" sequenceCoverage="100.0" branchCoverage="0" crapScore="0" isConstructor="false" isStatic="false" isGetter="false" isSetter="false">
              <Summary numSequencePoints="3" visitedSequencePoints="3" numBranchPoints="0" visitedBranchPoints="0" sequenceCoverage="100.0" branchCoverage="0" maxCyclomaticComplexity="0" minCyclomaticComplexity="0" maxCrapScore="0" minCrapScore="0" visitedClasses="0" numClasses="0" visitedMethods="1" numMethods="1" />
              <MetadataToken>100663378</MetadataToken>
              <Name>System.Int32 RoomSelectionMenuScript::GetSelectedRoomId()</Name>
              <FileRef uid="22" />
              <SequencePoints>
                <SequencePoint vc="1" uspid="930" ordinal="0" offset="0" sl="13" sc="5" el="13" ec="5" bec="0" bev="0" fileid="22" />
                <SequencePoint vc="1" uspid="931" ordinal="0" offset="1" sl="14" sc="9" el="14" ec="9" bec="0" bev="0" fileid="22" />
                <SequencePoint vc="1" uspid="932" ordinal="0" offset="10" sl="15" sc="5" el="15" ec="5" bec="0" bev="0" fileid="22" />
              </SequencePoints>
              <BranchPoints />
            </Method>
            <Method visited="true" cyclomaticComplexity="0" nPathComplexity="0" sequenceCoverage="100.0" branchCoverage="0" crapScore="0" isConstructor="false" isStatic="false" isGetter="false" isSetter="false">
              <Summary numSequencePoints="3" visitedSequencePoints="3" numBranchPoints="0" visitedBranchPoints="0" sequenceCoverage="100.0" branchCoverage="0" maxCyclomaticComplexity="0" minCyclomaticComplexity="0" maxCrapScore="0" minCrapScore="0" visitedClasses="0" numClasses="0" visitedMethods="1" numMethods="1" />
              <MetadataToken>100663379</MetadataToken>
              <Name>System.Void RoomSelectionMenuScript::SelectRoomOneOnClick()</Name>
              <FileRef uid="22" />
              <SequencePoints>
                <SequencePoint vc="1" uspid="933" ordinal="0" offset="0" sl="17" sc="5" el="17" ec="5" bec="0" bev="0" fileid="22" />
                <SequencePoint vc="1" uspid="934" ordinal="0" offset="1" sl="18" sc="9" el="18" ec="9" bec="0" bev="0" fileid="22" />
                <SequencePoint vc="1" uspid="935" ordinal="0" offset="9" sl="19" sc="5" el="19" ec="5" bec="0" bev="0" fileid="22" />
              </SequencePoints>
              <BranchPoints />
            </Method>
          </Methods>
        </Class>
      </Classes>
    </Module>
    <Module>
      <Summary numSequencePoints="11" visitedSequencePoints="11" numBranchPoints="0" visitedBranchPoints="0" sequenceCoverage="100.0" branchCoverage="0.0" maxCyclomaticComplexity="0" minCyclomaticComplexity="0" maxCrapScore="0" minCrapScore="0" visitedClasses="2" numClasses="2" visitedMethods="2" numMethods="2" />
      <ModuleTime>0001-01-01T00:00:00</ModuleTime>
      <ModuleName>PlaymodeTests</ModuleName>
      <Files>
        <File uid="25" fullPath="C:/Users/Siddharth Shenoy/Desktop/Work/Unity Projects/ase-team3-meeting_room/App/HoloWay/Assets/PlayModeTests/AvatarRoomTests.cs" />
        <File uid="26" fullPath="C:/Users/Siddharth Shenoy/Desktop/Work/Unity Projects/ase-team3-meeting_room/App/HoloWay/Assets/PlayModeTests/DatabasePlayModeTests.cs" />
        <File uid="27" fullPath="C:/Users/Siddharth Shenoy/Desktop/Work/Unity Projects/ase-team3-meeting_room/App/HoloWay/Assets/PlayModeTests/LoginScreenTests.cs" />
        <File uid="28" fullPath="C:/Users/Siddharth Shenoy/Desktop/Work/Unity Projects/ase-team3-meeting_room/App/HoloWay/Assets/PlayModeTests/MainMenuTests.cs" />
        <File uid="29" fullPath="C:/Users/Siddharth Shenoy/Desktop/Work/Unity Projects/ase-team3-meeting_room/App/HoloWay/Assets/PlayModeTests/RoomCreationMenuTests.cs" />
        <File uid="30" fullPath="C:/Users/Siddharth Shenoy/Desktop/Work/Unity Projects/ase-team3-meeting_room/App/HoloWay/Assets/PlayModeTests/RoomSelectionMenuTests.cs" />
        <File uid="31" fullPath="C:/Users/Siddharth Shenoy/Desktop/Work/Unity Projects/ase-team3-meeting_room/App/HoloWay/Assets/PlayModeTests/SettingsMenuTests.cs" />
        <File uid="32" fullPath="C:/Users/Siddharth Shenoy/Desktop/Work/Unity Projects/ase-team3-meeting_room/App/HoloWay/Assets/PlayModeTests/ExternalAPITests.cs" />
      </Files>
      <Classes>
        <Class>
          <Summary numSequencePoints="3" visitedSequencePoints="3" numBranchPoints="0" visitedBranchPoints="0" sequenceCoverage="100.0" branchCoverage="0.0" maxCyclomaticComplexity="0" minCyclomaticComplexity="0" maxCrapScore="0" minCrapScore="0" visitedClasses="1" numClasses="1" visitedMethods="1" numMethods="1" />
          <FullName>RoomSelectionMenuTests</FullName>
          <Methods>
            <Method visited="true" cyclomaticComplexity="0" nPathComplexity="0" sequenceCoverage="100.0" branchCoverage="0" crapScore="0" isConstructor="false" isStatic="false" isGetter="false" isSetter="false">
              <Summary numSequencePoints="3" visitedSequencePoints="3" numBranchPoints="0" visitedBranchPoints="0" sequenceCoverage="100.0" branchCoverage="0" maxCyclomaticComplexity="0" minCyclomaticComplexity="0" maxCrapScore="0" minCrapScore="0" visitedClasses="0" numClasses="0" visitedMethods="1" numMethods="1" />
              <MetadataToken>100663339</MetadataToken>
              <Name>System.Void RoomSelectionMenuTests::Setup()</Name>
              <FileRef uid="30" />
              <SequencePoints>
                <SequencePoint vc="1" uspid="1082" ordinal="0" offset="0" sl="14" sc="5" el="14" ec="5" bec="0" bev="0" fileid="30" />
                <SequencePoint vc="1" uspid="1083" ordinal="0" offset="1" sl="15" sc="9" el="15" ec="9" bec="0" bev="0" fileid="30" />
                <SequencePoint vc="1" uspid="1084" ordinal="0" offset="8" sl="16" sc="5" el="16" ec="5" bec="0" bev="0" fileid="30" />
              </SequencePoints>
              <BranchPoints />
            </Method>
          </Methods>
        </Class>
        <Class>
          <Summary numSequencePoints="8" visitedSequencePoints="8" numBranchPoints="0" visitedBranchPoints="0" sequenceCoverage="100.0" branchCoverage="0.0" maxCyclomaticComplexity="0" minCyclomaticComplexity="0" maxCrapScore="0" minCrapScore="0" visitedClasses="1" numClasses="1" visitedMethods="1" numMethods="1" />
          <FullName>RoomSelectionMenuTests/&lt;Test_RoomSelectionButton1&gt;d__5</FullName>
          <Methods>
            <Method visited="true" cyclomaticComplexity="0" nPathComplexity="0" sequenceCoverage="100.0" branchCoverage="0" crapScore="0" isConstructor="false" isStatic="false" isGetter="false" isSetter="false">
              <Summary numSequencePoints="8" visitedSequencePoints="8" numBranchPoints="0" visitedBranchPoints="0" sequenceCoverage="100.0" branchCoverage="0" maxCyclomaticComplexity="0" minCyclomaticComplexity="0" maxCrapScore="0" minCrapScore="0" visitedClasses="0" numClasses="0" visitedMethods="1" numMethods="1" />
              <MetadataToken>100663576</MetadataToken>
              <Name>System.Boolean RoomSelectionMenuTests/&lt;Test_RoomSelectionButton1&gt;d__5::MoveNext()</Name>
              <FileRef uid="30" />
              <SequencePoints>
                <SequencePoint vc="1" uspid="1299" ordinal="0" offset="42" sl="47" sc="5" el="47" ec="5" bec="0" bev="0" fileid="30" />
                <SequencePoint vc="1" uspid="1300" ordinal="0" offset="43" sl="48" sc="9" el="48" ec="9" bec="0" bev="0" fileid="30" />
                <SequencePoint vc="1" uspid="1301" ordinal="0" offset="66" sl="49" sc="9" el="49" ec="9" bec="0" bev="0" fileid="30" />
                <SequencePoint vc="1" uspid="1302" ordinal="0" offset="82" sl="50" sc="9" el="50" ec="9" bec="0" bev="0" fileid="30" />
                <SequencePoint vc="1" uspid="1303" ordinal="0" offset="99" sl="51" sc="9" el="51" ec="9" bec="0" bev="0" fileid="30" />
                <SequencePoint vc="1" uspid="1304" ordinal="0" offset="111" sl="52" sc="9" el="52" ec="9" bec="0" bev="0" fileid="30" />
                <SequencePoint vc="1" uspid="1305" ordinal="0" offset="143" sl="53" sc="9" el="53" ec="9" bec="0" bev="0" fileid="30" />
                <SequencePoint vc="1" uspid="1306" ordinal="0" offset="171" sl="54" sc="5" el="54" ec="5" bec="0" bev="0" fileid="30" />
              </SequencePoints>
              <BranchPoints />
            </Method>
          </Methods>
        </Class>
      </Classes>
    </Module>
  </Modules>
</CoverageSession>