TN:
SF:/Users/hamzz/Development/holoway/HoloWay/Assets/Assets/Tests/PlayModeTests/AvatarModificationRoomTests.cs
FN:14,Setup()
FN:20,Test_CheckMainCamera()
FN:28,Test_CheckLight()
FN:36,Test_CheckUMAGLIB()
FN:44,Test_CheckDefaultPlayer()
FN:52,Test_CheckUIMenu()
FN:61,Test_CharacterModificationRightMenu()
FN:68,Test_CharacterModificationLeftMenu()
FN:79,Test_CharacterGenderDropdown()
FN:87,Test_CharacterSaveGlobal()
FN:95,Test_CharacterExit()
FN:103,Test_CharacterSaveAndExit()
FN:111,Test_CharacterHeadButton()
FN:118,Test_CharacterTorsoButton()
FN:125,Test_CharacterPantsButton()
FN:133,Test_CharacterShoesButton()
FN:144,Test_CharacterGenderSelectionDropdownValues()
FN:160,Test_CharacterHeadButtonValue()
FN:169,Test_CharacterTorsoButtonValue()
FN:178,Test_CharacterPantsButtonValue()
FN:187,Test_CharacterShoesButtonValue()
FN:203,Test_CharacterChangeGenderToMale()
FN:228,Test_CharacterChangeGenderToFemale()
FN:253,Test_ChangeCameraPositionToHead()
FN:270,Test_ChangeCameraPositionToTorso()
FN:287,Test_ChangeCameraPositionToLeg()
FN:304,Test_ChangeCameraPositionToShoe()
FN:325,Test_ChangeCameraEscapes()
FN:355,Test_HeadButtonClick()
FN:370,Test_HairButtonClick()
FN:386,Test_SaveHairColorsClick()
FN:413,Test_EyeButtonClick()
FN:429,Test_SaveEyeColorsClick()
FN:446,Test_TorsoButtonClick()
FN:462,Test_PantsButtonClick()
FN:478,Test_ShoesButtonClick()
FN:493,Test_SaveAndExit()
FNDA:36,Setup()
FNDA:1,Test_CheckMainCamera()
FNDA:1,Test_CheckLight()
FNDA:1,Test_CheckUMAGLIB()
FNDA:1,Test_CheckDefaultPlayer()
FNDA:1,Test_CheckUIMenu()
FNDA:1,Test_CharacterModificationRightMenu()
FNDA:1,Test_CharacterModificationLeftMenu()
FNDA:1,Test_CharacterGenderDropdown()
FNDA:1,Test_CharacterSaveGlobal()
FNDA:1,Test_CharacterExit()
FNDA:1,Test_CharacterSaveAndExit()
FNDA:1,Test_CharacterHeadButton()
FNDA:1,Test_CharacterTorsoButton()
FNDA:1,Test_CharacterPantsButton()
FNDA:1,Test_CharacterShoesButton()
FNDA:1,Test_CharacterGenderSelectionDropdownValues()
FNDA:1,Test_CharacterHeadButtonValue()
FNDA:1,Test_CharacterTorsoButtonValue()
FNDA:1,Test_CharacterPantsButtonValue()
FNDA:1,Test_CharacterShoesButtonValue()
FNDA:1,Test_CharacterChangeGenderToMale()
FNDA:1,Test_CharacterChangeGenderToFemale()
FNDA:1,Test_ChangeCameraPositionToHead()
FNDA:1,Test_ChangeCameraPositionToTorso()
FNDA:1,Test_ChangeCameraPositionToLeg()
FNDA:1,Test_ChangeCameraPositionToShoe()
FNDA:1,Test_ChangeCameraEscapes()
FNDA:5,Test_HeadButtonClick()
FNDA:2,Test_HairButtonClick()
FNDA:1,Test_SaveHairColorsClick()
FNDA:2,Test_EyeButtonClick()
FNDA:1,Test_SaveEyeColorsClick()
FNDA:1,Test_TorsoButtonClick()
FNDA:1,Test_PantsButtonClick()
FNDA:1,Test_ShoesButtonClick()
FNDA:1,Test_SaveAndExit()
FNF:37
FNH:37
BRF:0
BRH:0
DA:14,36
DA:15,36
DA:16,36
DA:20,1
DA:21,1
DA:22,1
DA:23,1
DA:24,1
DA:28,1
DA:29,1
DA:30,1
DA:31,1
DA:32,1
DA:36,1
DA:37,1
DA:38,1
DA:39,1
DA:40,1
DA:44,1
DA:45,1
DA:46,1
DA:47,1
DA:48,1
DA:52,1
DA:53,1
DA:54,1
DA:55,1
DA:56,1
DA:61,1
DA:62,1
DA:63,1
DA:64,1
DA:65,1
DA:68,1
DA:69,1
DA:70,1
DA:71,1
DA:72,1
DA:79,1
DA:80,1
DA:81,1
DA:82,1
DA:83,1
DA:87,1
DA:88,1
DA:89,1
DA:90,1
DA:91,1
DA:95,1
DA:96,1
DA:97,1
DA:98,1
DA:99,1
DA:103,1
DA:104,1
DA:105,1
DA:106,1
DA:107,1
DA:111,1
DA:112,1
DA:113,1
DA:114,1
DA:115,1
DA:118,1
DA:119,1
DA:120,1
DA:121,1
DA:122,1
DA:125,1
DA:126,1
DA:127,1
DA:128,1
DA:129,1
DA:133,1
DA:134,1
DA:135,1
DA:136,1
DA:137,1
DA:144,1
DA:145,1
DA:146,1
DA:147,1
DA:148,1
DA:149,1
DA:150,7
DA:151,2
DA:152,2
DA:153,2
DA:154,1
DA:155,1
DA:156,1
DA:160,1
DA:161,1
DA:162,1
DA:163,1
DA:164,1
DA:165,1
DA:169,1
DA:170,1
DA:171,1
DA:172,1
DA:173,1
DA:174,1
DA:178,1
DA:179,1
DA:180,1
DA:181,1
DA:182,1
DA:183,1
DA:187,1
DA:188,1
DA:189,1
DA:190,1
DA:191,1
DA:192,1
DA:203,1
DA:204,1
DA:206,1
DA:207,1
DA:208,1
DA:210,1
DA:211,1
DA:212,1
DA:214,1
DA:216,1
DA:217,1
DA:218,1
DA:220,1
DA:222,1
DA:223,1
DA:228,1
DA:229,1
DA:231,1
DA:232,1
DA:233,1
DA:235,1
DA:236,1
DA:237,1
DA:239,1
DA:241,1
DA:243,1
DA:244,1
DA:253,1
DA:254,1
DA:256,1
DA:257,1
DA:259,1
DA:261,1
DA:262,1
DA:263,1
DA:265,1
DA:266,1
DA:270,1
DA:271,1
DA:273,1
DA:274,1
DA:276,1
DA:278,1
DA:279,1
DA:280,1
DA:282,1
DA:283,1
DA:287,1
DA:288,1
DA:290,1
DA:291,1
DA:293,1
DA:295,1
DA:296,1
DA:297,1
DA:299,1
DA:300,1
DA:304,1
DA:305,1
DA:307,1
DA:308,1
DA:310,1
DA:312,1
DA:313,1
DA:314,1
DA:316,1
DA:317,1
DA:325,1
DA:326,1
DA:328,1
DA:329,1
DA:331,1
DA:333,1
DA:334,1
DA:336,1
DA:338,1
DA:339,1
DA:340,1
DA:342,1
DA:343,1
DA:345,1
DA:347,1
DA:348,1
DA:355,5
DA:356,5
DA:357,5
DA:358,5
DA:359,5
DA:361,5
DA:363,5
DA:365,5
DA:366,5
DA:370,2
DA:371,2
DA:373,2
DA:374,2
DA:375,2
DA:377,2
DA:379,2
DA:381,2
DA:382,2
DA:386,1
DA:387,1
DA:389,1
DA:390,1
DA:391,1
DA:393,1
DA:394,1
DA:395,1
DA:397,1
DA:398,1
DA:399,1
DA:401,1
DA:402,1
DA:403,1
DA:405,1
DA:407,1
DA:408,1
DA:413,2
DA:414,2
DA:416,2
DA:417,2
DA:418,2
DA:420,2
DA:422,2
DA:424,2
DA:425,2
DA:429,1
DA:430,1
DA:432,1
DA:433,1
DA:434,1
DA:436,1
DA:438,1
DA:440,1
DA:441,1
DA:446,1
DA:447,1
DA:448,1
DA:449,1
DA:450,1
DA:452,1
DA:454,1
DA:456,1
DA:457,1
DA:462,1
DA:463,1
DA:464,1
DA:465,1
DA:466,1
DA:468,1
DA:470,1
DA:472,1
DA:473,1
DA:478,1
DA:479,1
DA:480,1
DA:481,1
DA:482,1
DA:484,1
DA:486,1
DA:488,1
DA:489,1
DA:493,1
DA:494,1
DA:495,1
DA:496,1
DA:497,1
DA:499,1
DA:501,1
DA:502,1
LH:286
LF:286
end_of_record
SF:/Users/hamzz/Development/holoway/HoloWay/Assets/Assets/Tests/PlayModeTests/LoginMenuTests.cs
FN:13,Setup()
FN:19,Test_UICanvas()
FN:28,Test_Background()
FN:36,Test_BackgroundOverlay()
FN:44,Test_Logo()
FN:52,Test_LoginCodeText()
FN:60,Test_LoginCode()
FN:68,Test_VisitWebsite()
FN:76,Test_LoginManager()
FN:84,Test_EventSystem()
FN:92,Test_MainCamera()
FNDA:10,Setup()
FNDA:1,Test_UICanvas()
FNDA:1,Test_Background()
FNDA:1,Test_BackgroundOverlay()
FNDA:1,Test_Logo()
FNDA:1,Test_LoginCodeText()
FNDA:1,Test_LoginCode()
FNDA:1,Test_VisitWebsite()
FNDA:1,Test_LoginManager()
FNDA:1,Test_EventSystem()
FNDA:1,Test_MainCamera()
FNF:11
FNH:11
BRF:0
BRH:0
DA:13,10
DA:14,10
DA:15,10
DA:19,1
DA:20,1
DA:21,1
DA:22,1
DA:23,1
DA:28,1
DA:29,1
DA:30,1
DA:31,1
DA:32,1
DA:36,1
DA:37,1
DA:38,1
DA:39,1
DA:40,1
DA:44,1
DA:45,1
DA:46,1
DA:47,1
DA:48,1
DA:52,1
DA:53,1
DA:54,1
DA:55,1
DA:56,1
DA:60,1
DA:61,1
DA:62,1
DA:63,1
DA:64,1
DA:68,1
DA:69,1
DA:70,1
DA:71,1
DA:72,1
DA:76,1
DA:77,1
DA:78,1
DA:79,1
DA:80,1
DA:84,1
DA:85,1
DA:86,1
DA:87,1
DA:88,1
DA:92,1
DA:93,1
DA:94,1
DA:95,1
DA:96,1
LH:53
LF:53
end_of_record
SF:/Users/hamzz/Development/holoway/HoloWay/Assets/Assets/Tests/PlayModeTests/MainMenuTests.cs
FN:14,Setup()
FN:20,Test_UICanvas()
FN:28,Test_MainMenu()
FN:36,Test_MainMenuBackground()
FN:44,Test_backgroundLayer()
FN:52,Test_Body()
FN:60,Test_Logo()
FN:68,Test_Buttons()
FN:76,Test_ButtonAccessRooms()
FN:84,Test_ButtonChangeAvatar()
FN:92,Test_ButtonSettings()
FN:100,Test_ButtonSignOut()
FN:108,Test_ButtonReturnToDesktop()
FN:116,Test_MainCamera()
FN:125,Test_ChangeSceneAccessRooms()
FN:136,Test_ChangeSceneAvatarRoom()
FN:147,Test_ChangeSceneSignout()
FN:158,Test_ChangeSceneSettings()
FN:169,Test_ChangeSceneReturnToDesktop()
FNDA:18,Setup()
FNDA:1,Test_UICanvas()
FNDA:1,Test_MainMenu()
FNDA:1,Test_MainMenuBackground()
FNDA:1,Test_backgroundLayer()
FNDA:1,Test_Body()
FNDA:1,Test_Logo()
FNDA:1,Test_Buttons()
FNDA:1,Test_ButtonAccessRooms()
FNDA:1,Test_ButtonChangeAvatar()
FNDA:1,Test_ButtonSettings()
FNDA:1,Test_ButtonSignOut()
FNDA:1,Test_ButtonReturnToDesktop()
FNDA:1,Test_MainCamera()
FNDA:1,Test_ChangeSceneAccessRooms()
FNDA:1,Test_ChangeSceneAvatarRoom()
FNDA:1,Test_ChangeSceneSignout()
FNDA:1,Test_ChangeSceneSettings()
FNDA:1,Test_ChangeSceneReturnToDesktop()
FNF:19
FNH:19
BRF:0
BRH:0
DA:14,18
DA:15,18
DA:16,18
DA:20,1
DA:21,1
DA:22,1
DA:23,1
DA:24,1
DA:28,1
DA:29,1
DA:30,1
DA:31,1
DA:32,1
DA:36,1
DA:37,1
DA:38,1
DA:39,1
DA:40,1
DA:44,1
DA:45,1
DA:46,1
DA:47,1
DA:48,1
DA:52,1
DA:53,1
DA:54,1
DA:55,1
DA:56,1
DA:60,1
DA:61,1
DA:62,1
DA:63,1
DA:64,1
DA:68,1
DA:69,1
DA:70,1
DA:71,1
DA:72,1
DA:76,1
DA:77,1
DA:78,1
DA:79,1
DA:80,1
DA:84,1
DA:85,1
DA:86,1
DA:87,1
DA:88,1
DA:92,1
DA:93,1
DA:94,1
DA:95,1
DA:96,1
DA:100,1
DA:101,1
DA:102,1
DA:103,1
DA:104,1
DA:108,1
DA:109,1
DA:110,1
DA:111,1
DA:112,1
DA:116,1
DA:117,1
DA:118,1
DA:119,1
DA:120,1
DA:125,1
DA:126,1
DA:127,1
DA:128,1
DA:129,1
DA:130,1
DA:131,1
DA:132,1
DA:136,1
DA:137,1
DA:138,1
DA:139,1
DA:140,1
DA:141,1
DA:142,1
DA:143,1
DA:147,1
DA:148,1
DA:149,1
DA:150,1
DA:151,1
DA:152,1
DA:153,1
DA:154,1
DA:158,1
DA:159,1
DA:160,1
DA:161,1
DA:162,1
DA:163,1
DA:164,1
DA:165,1
DA:169,1
DA:170,1
DA:171,1
DA:172,1
DA:173,1
DA:174,1
DA:176,1
DA:177,1
LH:108
LF:108
end_of_record
SF:/Users/hamzz/Development/holoway/HoloWay/Assets/Assets/Tests/PlayModeTests/RoomCreationMenuTests.cs
FN:14,Setup()
FN:20,Test_UICanvas()
FN:28,Test_MainCamera()
FN:36,Test_DirectionalLight()
FN:44,Test_EventSystem()
FN:52,Test_ChangeSceneRoomSelection()
FN:63,Test_ChangeSceneToSmallRoom()
FN:76,Test_ChangeSceneToMediumRoom()
FN:89,Test_ChangeSceneToLargeRoom()
FNDA:8,Setup()
FNDA:1,Test_UICanvas()
FNDA:1,Test_MainCamera()
FNDA:1,Test_DirectionalLight()
FNDA:1,Test_EventSystem()
FNDA:1,Test_ChangeSceneRoomSelection()
FNDA:1,Test_ChangeSceneToSmallRoom()
FNDA:1,Test_ChangeSceneToMediumRoom()
FNDA:1,Test_ChangeSceneToLargeRoom()
FNF:9
FNH:9
BRF:0
BRH:0
DA:14,8
DA:15,8
DA:16,8
DA:20,1
DA:21,1
DA:22,1
DA:23,1
DA:24,1
DA:28,1
DA:29,1
DA:30,1
DA:31,1
DA:32,1
DA:36,1
DA:37,1
DA:38,1
DA:39,1
DA:40,1
DA:44,1
DA:45,1
DA:46,1
DA:47,1
DA:48,1
DA:52,1
DA:53,1
DA:54,1
DA:55,1
DA:56,1
DA:57,1
DA:58,1
DA:59,1
DA:63,1
DA:64,1
DA:65,1
DA:66,1
DA:67,1
DA:68,1
DA:70,1
DA:71,1
DA:72,1
DA:76,1
DA:77,1
DA:78,1
DA:79,1
DA:80,1
DA:81,1
DA:83,1
DA:84,1
DA:85,0
DA:89,1
DA:90,1
DA:91,1
DA:92,1
DA:93,1
DA:94,1
DA:96,1
DA:97,1
DA:98,0
LH:56
LF:58
end_of_record
SF:/Users/hamzz/Development/holoway/HoloWay/Assets/Assets/Tests/PlayModeTests/RoomSelectionMenuTests.cs
FN:14,Setup()
FN:20,Test_UICanvas()
FN:28,Test_RoomBrowse()
FN:36,Test_MenuBackground()
FN:46,Test_Buttons()
FN:54,Test_ButtonRoom01()
FN:62,Test_ButtonRoom02()
FN:70,Test_ButtonRoom03()
FN:78,Test_ButtonBack()
FN:87,Test_TextBg()
FN:95,Test_MainCamera()
FN:103,Test_DirectionalLight()
FN:111,Test_EventSystem()
FN:119,Test_ChangeSceneSmallRoom()
FN:130,Test_ChangeSceneMediumRoom()
FN:141,Test_ChangeSceneLargeRoom()
FNDA:15,Setup()
FNDA:1,Test_UICanvas()
FNDA:1,Test_RoomBrowse()
FNDA:1,Test_MenuBackground()
FNDA:1,Test_Buttons()
FNDA:1,Test_ButtonRoom01()
FNDA:1,Test_ButtonRoom02()
FNDA:1,Test_ButtonRoom03()
FNDA:1,Test_ButtonBack()
FNDA:1,Test_TextBg()
FNDA:1,Test_MainCamera()
FNDA:1,Test_DirectionalLight()
FNDA:1,Test_EventSystem()
FNDA:1,Test_ChangeSceneSmallRoom()
FNDA:1,Test_ChangeSceneMediumRoom()
FNDA:1,Test_ChangeSceneLargeRoom()
FNF:16
FNH:16
BRF:0
BRH:0
DA:14,15
DA:15,15
DA:16,15
DA:20,1
DA:21,1
DA:22,1
DA:23,1
DA:24,1
DA:28,1
DA:29,1
DA:30,1
DA:31,1
DA:32,1
DA:36,1
DA:37,1
DA:38,1
DA:39,1
DA:40,1
DA:46,1
DA:47,1
DA:48,1
DA:49,1
DA:50,1
DA:54,1
DA:55,1
DA:56,1
DA:57,1
DA:58,1
DA:62,1
DA:63,1
DA:64,1
DA:65,1
DA:66,1
DA:70,1
DA:71,1
DA:72,1
DA:73,1
DA:74,1
DA:78,1
DA:79,1
DA:80,1
DA:81,1
DA:82,1
DA:87,1
DA:88,1
DA:89,1
DA:90,1
DA:91,1
DA:95,1
DA:96,1
DA:97,1
DA:98,1
DA:99,1
DA:103,1
DA:104,1
DA:105,1
DA:106,1
DA:107,1
DA:111,1
DA:112,1
DA:113,1
DA:114,1
DA:115,1
DA:119,1
DA:120,1
DA:121,1
DA:122,1
DA:123,1
DA:124,1
DA:125,1
DA:126,0
DA:130,1
DA:131,1
DA:132,1
DA:133,1
DA:134,1
DA:135,1
DA:136,1
DA:137,0
DA:141,1
DA:142,1
DA:143,1
DA:144,1
DA:145,1
DA:146,1
DA:147,1
DA:148,1
LH:85
LF:87
end_of_record
SF:/Users/hamzz/Development/holoway/HoloWay/Assets/Assets/Tests/PlayModeTests/SettingsMenuTests.cs
FN:14,Setup()
FN:20,Test_UICanvas()
FN:28,Test_SettingsMenu()
FN:36,Test_MenuBackground()
FN:44,Test_MenuItemSettingsMain()
FN:52,Test_ButtonControls()
FN:60,Test_ButtonGraphics()
FN:68,Test_ButtonDisplay()
FN:76,Test_ButtonAudio()
FN:84,Test_ButtonNetwork()
FN:92,Test_ButtonBack()
FN:101,Test_MainCamera()
FN:110,Test_EventSystem()
FN:118,Test_ChangeSceneMainMenu()
FN:129,Test_ShowNetworkMenu()
FN:142,Test_SaveNetworkValues()
FN:173,Test_SaveVolumeValues()
FN:213,Test_ShowVolumeMenu()
FN:226,Test_HideNetworkMenu()
FN:247,Test_HideAudioMenu()
FNDA:19,Setup()
FNDA:1,Test_UICanvas()
FNDA:1,Test_SettingsMenu()
FNDA:1,Test_MenuBackground()
FNDA:1,Test_MenuItemSettingsMain()
FNDA:1,Test_ButtonControls()
FNDA:1,Test_ButtonGraphics()
FNDA:1,Test_ButtonDisplay()
FNDA:1,Test_ButtonAudio()
FNDA:1,Test_ButtonNetwork()
FNDA:1,Test_ButtonBack()
FNDA:1,Test_MainCamera()
FNDA:1,Test_EventSystem()
FNDA:1,Test_ChangeSceneMainMenu()
FNDA:1,Test_ShowNetworkMenu()
FNDA:1,Test_SaveNetworkValues()
FNDA:1,Test_SaveVolumeValues()
FNDA:1,Test_ShowVolumeMenu()
FNDA:1,Test_HideNetworkMenu()
FNDA:1,Test_HideAudioMenu()
FNF:20
FNH:20
BRF:0
BRH:0
DA:14,19
DA:15,19
DA:16,19
DA:20,1
DA:21,1
DA:22,1
DA:23,1
DA:24,1
DA:28,1
DA:29,1
DA:30,1
DA:31,1
DA:32,1
DA:36,1
DA:37,1
DA:38,1
DA:39,1
DA:40,1
DA:44,1
DA:45,1
DA:46,1
DA:47,1
DA:48,1
DA:52,1
DA:53,1
DA:54,1
DA:55,1
DA:56,1
DA:60,1
DA:61,1
DA:62,1
DA:63,1
DA:64,1
DA:68,1
DA:69,1
DA:70,1
DA:71,1
DA:72,1
DA:76,1
DA:77,1
DA:78,1
DA:79,1
DA:80,1
DA:84,1
DA:85,1
DA:86,1
DA:87,1
DA:88,1
DA:92,1
DA:93,1
DA:94,1
DA:95,1
DA:96,1
DA:101,1
DA:102,1
DA:103,1
DA:104,1
DA:105,1
DA:110,1
DA:111,1
DA:112,1
DA:113,1
DA:114,1
DA:118,1
DA:119,1
DA:120,1
DA:121,1
DA:122,1
DA:123,1
DA:124,1
DA:125,1
DA:129,1
DA:130,1
DA:131,1
DA:132,1
DA:133,1
DA:135,1
DA:137,1
DA:138,1
DA:142,1
DA:143,1
DA:144,1
DA:145,1
DA:146,1
DA:148,1
DA:150,1
DA:153,1
DA:154,1
DA:156,1
DA:157,1
DA:160,1
DA:161,1
DA:163,1
DA:164,1
DA:165,1
DA:167,1
DA:168,1
DA:169,1
DA:173,1
DA:174,1
DA:175,1
DA:176,1
DA:177,1
DA:179,1
DA:181,1
DA:183,1
DA:184,1
DA:185,1
DA:186,1
DA:189,1
DA:190,1
DA:192,1
DA:193,1
DA:195,1
DA:196,1
DA:198,1
DA:199,1
DA:201,1
DA:202,1
DA:203,1
DA:206,1
DA:207,1
DA:208,1
DA:209,1
DA:213,1
DA:214,1
DA:215,1
DA:216,1
DA:217,1
DA:219,1
DA:221,1
DA:222,1
DA:226,1
DA:227,1
DA:228,1
DA:229,1
DA:230,1
DA:232,1
DA:234,1
DA:235,1
DA:236,1
DA:238,1
DA:240,1
DA:242,1
DA:243,1
DA:247,1
DA:248,1
DA:249,1
DA:250,1
DA:251,1
DA:253,1
DA:255,1
DA:256,1
DA:257,1
DA:259,1
DA:261,0
DA:263,0
DA:265,0
DA:266,0
LH:155
LF:159
end_of_record
SF:/Users/hamzz/Development/holoway/HoloWay/Assets/Assets/Tests/PlayModeTests/SplashScreenTests.cs
FN:14,Setup()
FN:20,Test_UICanvas()
FN:29,Test_RawImage()
FN:37,Test_CoverImage()
FN:45,Test_EventSystem()
FN:53,Test_MainCamera()
FN:61,Test_VideoPlayer()
FN:69,Test_ScriptGameObject()
FN:77,Test_ChangeSceneLoginScreen()
FNDA:8,Setup()
FNDA:1,Test_UICanvas()
FNDA:1,Test_RawImage()
FNDA:1,Test_CoverImage()
FNDA:1,Test_EventSystem()
FNDA:1,Test_MainCamera()
FNDA:1,Test_VideoPlayer()
FNDA:1,Test_ScriptGameObject()
FNDA:1,Test_ChangeSceneLoginScreen()
FNF:9
FNH:9
BRF:0
BRH:0
DA:14,8
DA:15,8
DA:16,8
DA:20,1
DA:21,1
DA:22,1
DA:23,1
DA:24,1
DA:29,1
DA:30,1
DA:31,1
DA:32,1
DA:33,1
DA:37,1
DA:38,1
DA:39,1
DA:40,1
DA:41,1
DA:45,1
DA:46,1
DA:47,1
DA:48,1
DA:49,1
DA:53,1
DA:54,1
DA:55,1
DA:56,1
DA:57,1
DA:61,1
DA:62,1
DA:63,1
DA:64,1
DA:65,1
DA:69,1
DA:70,1
DA:71,1
DA:72,1
DA:73,1
DA:77,1
DA:78,1
DA:80,1
DA:81,1
LH:42
LF:42
end_of_record
SF:/Users/hamzz/Development/holoway/HoloWay/Assets/Assets/Code/Scripts/FileSharing/AccessDrive.cs
FN:30,Update()
FN:62,ListFiles(System.String, System.Collections.Generic.List[HoloFile], System.String)
FN:85,AddItemsToList(System.Collections.Generic.List[String], System.Collections.Generic.List[String])
FNDA:34687,Update()
FNDA:0,ListFiles(System.String, System.Collections.Generic.List[HoloFile], System.String)
FNDA:0,AddItemsToList(System.Collections.Generic.List[String], System.Collections.Generic.List[String])
FNF:3
FNH:1
BRF:0
BRH:0
DA:30,34687
DA:32,34687
DA:33,0
DA:35,0
DA:36,0
DA:39,0
DA:40,0
DA:41,0
DA:44,0
DA:47,0
DA:48,0
DA:51,0
DA:54,0
DA:57,0
DA:58,0
DA:59,0
DA:62,0
DA:64,0
DA:65,0
DA:66,0
DA:67,0
DA:71,0
DA:72,0
DA:75,0
DA:76,0
DA:77,0
DA:78,0
DA:79,0
DA:81,0
DA:82,0
DA:85,0
DA:86,0
DA:87,0
DA:88,0
DA:89,0
DA:90,0
DA:91,0
DA:92,0
DA:93,0
LH:2
LF:39
end_of_record
SF:/Users/hamzz/Development/holoway/HoloWay/Assets/Assets/Code/Scripts/Menu/AvatarModificationMenuLineRender.cs
FN:17,Start()
FN:34,Update()
FN:13,AvatarModificationMenuLineRender()
FNDA:121,Start()
FNDA:46499,Update()
FNDA:222,AvatarModificationMenuLineRender()
FNF:3
FNH:3
BRF:0
BRH:0
DA:13,222
DA:14,222
DA:17,121
DA:18,121
DA:19,121
DA:20,121
DA:21,121
DA:22,121
DA:23,1331
DA:24,484
DA:25,484
DA:26,605
DA:27,605
DA:28,484
DA:29,121
DA:30,121
DA:34,46499
DA:35,46499
DA:36,46499
DA:37,46499
DA:38,46499
DA:39,46499
DA:40,46499
DA:41,46499
DA:42,46499
DA:43,46499
LH:26
LF:26
end_of_record
SF:/Users/hamzz/Development/holoway/HoloWay/Assets/Assets/Code/Scripts/Menu/AvatarModificationMenuScript.cs
FN:67,Start()
FN:104,RefocusCamera()
FN:117,GetEscapePressed()
FN:129,SetEscapedCamera()
FN:137,Update()
FN:159,Dropdown_Gender_OnChange(System.Int32)
FN:165,FocusCameraToBodyPart(UnityEngine.GameObject)
FN:174,GUIGoBackwards()
FN:182,GoBackward()
FN:194,GoForward(UnityEngine.GameObject)
FN:202,SetMenuLocation(UnityEngine.GameObject)
FN:208,SetBackButtonLocation(UnityEngine.GameObject)
FN:215,ActivateBackButton()
FN:222,DeactivateBackButton()
FN:229,SetActiveBodyPart(System.String)
FN:233,ActivateColorPicker()
FN:239,ChangeBodyPartColor()
FN:283,GetCurrentTarget()
FN:288,GetRaceName()
FN:293,SaveCurrentModel()
FN:300,ExitMenu()
FN:306,SaveAndExit()
FN:14,AvatarModificationMenuScript()
FN:20,AvatarModificationMenuScript()
FN:311,ExitMenuAfterSomeTime()
FNDA:37,Start()
FNDA:1,RefocusCamera()
FNDA:30001,GetEscapePressed()
FNDA:1,SetEscapedCamera()
FNDA:30001,Update()
FNDA:6,Dropdown_Gender_OnChange(System.Int32)
FNDA:13,FocusCameraToBodyPart(UnityEngine.GameObject)
FNDA:0,GUIGoBackwards()
FNDA:1,GoBackward()
FNDA:13,GoForward(UnityEngine.GameObject)
FNDA:4,SetMenuLocation(UnityEngine.GameObject)
FNDA:9,SetBackButtonLocation(UnityEngine.GameObject)
FNDA:8,ActivateBackButton()
FNDA:1,DeactivateBackButton()
FNDA:4,SetActiveBodyPart(System.String)
FNDA:4,ActivateColorPicker()
FNDA:18,ChangeBodyPartColor()
FNDA:5,GetCurrentTarget()
FNDA:2,GetRaceName()
FNDA:3,SaveCurrentModel()
FNDA:1,ExitMenu()
FNDA:1,SaveAndExit()
FNDA:37,AvatarModificationMenuScript()
FNDA:1,AvatarModificationMenuScript()
FNDA:1,ExitMenuAfterSomeTime()
FNF:25
FNH:24
BRF:0
BRH:0
DA:14,37
DA:20,1
DA:23,37
DA:24,37
DA:25,37
DA:40,37
DA:53,37
DA:54,37
DA:57,37
DA:61,37
DA:67,37
DA:69,37
DA:70,37
DA:71,37
DA:72,37
DA:73,37
DA:74,37
DA:75,37
DA:76,37
DA:77,37
DA:78,37
DA:79,37
DA:87,37
DA:90,37
DA:91,37
DA:92,37
DA:93,37
DA:94,37
DA:95,37
DA:96,37
DA:97,37
DA:98,74
DA:99,0
DA:101,37
DA:104,1
DA:105,1
DA:107,1
DA:108,1
DA:110,1
DA:111,1
DA:112,1
DA:114,1
DA:117,30001
DA:118,30001
DA:119,1206
DA:120,1206
DA:123,28795
DA:124,28795
DA:126,30001
DA:129,1
DA:130,1
DA:131,1
DA:132,1
DA:133,1
DA:134,1
DA:137,30001
DA:138,39472
DA:139,9471
DA:140,9457
DA:141,9457
DA:142,9457
DA:143,9457
DA:145,14
DA:146,14
DA:148,14
DA:149,9471
DA:152,30001
DA:153,30001
DA:154,0
DA:155,0
DA:156,0
DA:157,30001
DA:159,6
DA:160,6
DA:161,6
DA:162,6
DA:163,6
DA:165,13
DA:166,13
DA:167,13
DA:168,13
DA:169,13
DA:170,13
DA:172,13
DA:174,0
DA:175,0
DA:176,0
DA:177,0
DA:178,0
DA:179,0
DA:182,1
DA:183,1
DA:184,1
DA:185,1
DA:186,0
DA:188,0
DA:190,1
DA:191,1
DA:192,1
DA:194,13
DA:195,13
DA:196,13
DA:197,13
DA:198,13
DA:199,13
DA:202,4
DA:203,4
DA:204,4
DA:205,4
DA:206,4
DA:208,9
DA:209,9
DA:210,9
DA:211,9
DA:212,9
DA:215,8
DA:216,8
DA:217,8
DA:218,8
DA:219,8
DA:220,8
DA:222,1
DA:223,1
DA:224,0
DA:225,0
DA:226,0
DA:227,1
DA:229,4
DA:230,4
DA:231,4
DA:233,4
DA:234,4
DA:235,4
DA:236,4
DA:237,4
DA:239,18
DA:241,54
DA:242,18
DA:243,18
DA:244,18
DA:245,1
DA:246,1
DA:247,1
DA:248,1
DA:249,17
DA:250,17
DA:251,17
DA:252,17
DA:253,18
DA:254,18
DA:255,14
DA:256,14
DA:257,1
DA:258,1
DA:259,1
DA:260,1
DA:261,13
DA:262,13
DA:263,13
DA:264,13
DA:265,14
DA:266,18
DA:267,10
DA:268,10
DA:269,1
DA:270,1
DA:271,1
DA:272,1
DA:273,9
DA:274,9
DA:275,9
DA:276,9
DA:277,10
DA:278,18
DA:279,18
DA:281,18
DA:283,5
DA:284,5
DA:285,5
DA:288,2
DA:289,2
DA:290,2
DA:293,3
DA:294,3
DA:296,3
DA:297,3
DA:298,3
DA:300,1
DA:302,1
DA:303,1
DA:306,1
DA:307,1
DA:308,1
DA:309,1
DA:311,1
DA:312,1
DA:313,1
DA:314,1
LH:183
LF:198
end_of_record
SF:/Users/hamzz/Development/holoway/HoloWay/Assets/Assets/Code/Scripts/Utilities/CastRay.cs
FN:8,hasHit(System.String, UnityEngine.Camera)
FNDA:40907,hasHit(System.String, UnityEngine.Camera)
FNF:1
FNH:1
BRF:0
BRH:0
DA:8,40907
DA:10,40907
DA:12,0
DA:13,0
DA:14,0
DA:15,0
DA:16,0
DA:17,0
DA:19,0
DA:20,0
DA:22,0
LH:2
LF:11
end_of_record
SF:/Users/hamzz/Development/holoway/HoloWay/Assets/Assets/Code/Scripts/Utilities/ChangeCameraVIew.cs
FN:13,Update()
FN:30,DesactivateAllCam()
FNDA:30203,Update()
FNDA:0,DesactivateAllCam()
FNF:2
FNH:1
BRF:0
BRH:0
DA:13,30203
DA:14,30203
DA:15,0
DA:17,0
DA:18,0
DA:19,0
DA:20,0
DA:21,0
DA:22,0
DA:25,0
DA:26,0
DA:28,30203
DA:30,0
DA:31,0
DA:32,0
DA:33,0
DA:34,0
DA:35,0
DA:37,0
LH:3
LF:19
end_of_record
SF:/Users/hamzz/Development/holoway/HoloWay/Assets/Assets/Code/Scripts/Utilities/ChangeScene.cs
FN:27,MoveToScene()
FN:25,ChangeScene()
FNDA:9,MoveToScene()
FNDA:533,ChangeScene()
FNF:2
FNH:2
BRF:0
BRH:0
DA:25,533
DA:27,9
DA:28,9
DA:30,1
DA:31,1
DA:33,1
DA:34,1
DA:36,1
DA:37,1
DA:39,1
DA:40,1
DA:42,1
DA:43,1
DA:45,1
DA:46,1
DA:48,1
DA:49,1
DA:51,1
DA:52,1
DA:54,1
DA:55,1
DA:57,0
DA:58,0
DA:60,0
DA:61,0
DA:63,0
DA:64,0
DA:67,9
LH:22
LF:28
end_of_record
SF:/Users/hamzz/Development/holoway/HoloWay/Assets/Assets/Code/Scripts/Character/CharacterMovementScript.cs
FN:47,Start()
FN:62,Update()
FN:124,MovePlayer(System.Single, System.Single, System.Boolean)
FN:154,RotateCamera(System.Single, System.Single)
FN:173,DetectKeyPresses()
FN:15,CharacterMovementScript()
FNDA:0,Start()
FNDA:0,Update()
FNDA:0,MovePlayer(System.Single, System.Single, System.Boolean)
FNDA:0,RotateCamera(System.Single, System.Single)
FNDA:0,DetectKeyPresses()
FNDA:1,CharacterMovementScript()
FNF:6
FNH:1
BRF:0
BRH:0
DA:15,1
DA:26,1
DA:27,1
DA:36,1
DA:37,1
DA:38,1
DA:39,1
DA:41,1
DA:47,0
DA:48,0
DA:49,0
DA:50,0
DA:51,0
DA:52,0
DA:54,0
DA:56,0
DA:57,0
DA:58,0
DA:62,0
DA:64,0
DA:65,0
DA:66,0
DA:67,0
DA:68,0
DA:69,0
DA:70,0
DA:72,0
DA:73,0
DA:74,0
DA:75,0
DA:76,0
DA:77,0
DA:78,0
DA:79,0
DA:80,0
DA:81,0
DA:82,0
DA:83,0
DA:84,0
DA:85,0
DA:87,0
DA:88,0
DA:89,0
DA:90,0
DA:91,0
DA:98,0
DA:99,0
DA:100,0
DA:101,0
DA:102,0
DA:103,0
DA:104,0
DA:105,0
DA:106,0
DA:107,0
DA:108,0
DA:109,0
DA:110,0
DA:111,0
DA:112,0
DA:113,0
DA:114,0
DA:116,0
DA:117,0
DA:118,0
DA:119,0
DA:120,0
DA:121,0
DA:124,0
DA:125,0
DA:126,0
DA:127,0
DA:128,0
DA:129,0
DA:130,0
DA:131,0
DA:133,0
DA:134,0
DA:135,0
DA:136,0
DA:137,0
DA:138,0
DA:139,0
DA:140,0
DA:141,0
DA:142,0
DA:143,0
DA:144,0
DA:145,0
DA:146,0
DA:147,0
DA:148,0
DA:149,0
DA:150,0
DA:151,0
DA:152,0
DA:154,0
DA:158,0
DA:159,0
DA:160,0
DA:161,0
DA:162,0
DA:163,0
DA:164,0
DA:165,0
DA:168,0
DA:169,0
DA:170,0
DA:171,0
DA:173,0
DA:174,0
LH:8
LF:111
end_of_record
SF:/Users/hamzz/Development/holoway/HoloWay/Assets/Assets/Code/Scripts/Character/CharacterNetworkingScript.cs
FN:19,Start()
FN:25,Update()
FN:32,OnNetworkSpawn()
FN:38,AttachNetworkVariableCallbacks()
FN:48,ChangePlayerNameServerRpc(Unity.Collections.FixedString512Bytes)
FN:12,CharacterNetworkingScript()
FNDA:0,Start()
FNDA:0,Update()
FNDA:0,OnNetworkSpawn()
FNDA:0,AttachNetworkVariableCallbacks()
FNDA:0,ChangePlayerNameServerRpc(Unity.Collections.FixedString512Bytes)
FNDA:1,CharacterNetworkingScript()
FNF:6
FNH:1
BRF:0
BRH:0
DA:12,1
DA:19,0
DA:21,0
DA:25,0
DA:26,0
DA:27,0
DA:29,0
DA:32,0
DA:33,0
DA:34,0
DA:35,0
DA:38,0
DA:40,0
DA:41,0
DA:42,0
DA:43,0
DA:44,0
DA:48,0
DA:49,0
DA:50,0
LH:1
LF:20
end_of_record
SF:/Users/hamzz/Development/holoway/HoloWay/Assets/Assets/Code/Scripts/Character/CharacterNetworkInitializer.cs
FN:11,Start()
FN:22,Update()
FN:27,OnNetworkSpawn()
FNDA:0,Start()
FNDA:0,Update()
FNDA:0,OnNetworkSpawn()
FNF:3
FNH:0
BRF:0
BRH:0
DA:11,0
DA:12,0
DA:13,0
DA:14,0
DA:15,0
DA:16,0
DA:17,0
DA:18,0
DA:22,0
DA:24,0
DA:27,0
DA:28,0
DA:29,0
DA:31,0
LH:0
LF:14
end_of_record
SF:/Users/hamzz/Development/holoway/HoloWay/Assets/Assets/Code/Scripts/Multiplayer/ClientNetworkAnimator.cs
FN:11,OnIsServerAuthoritative()
FNDA:0,OnIsServerAuthoritative()
FNF:1
FNH:0
BRF:0
BRH:0
DA:11,0
DA:12,0
DA:13,0
LH:0
LF:3
end_of_record
SF:/Users/hamzz/Development/holoway/HoloWay/Assets/Assets/Code/Scripts/Multiplayer/ClientNetworkTransform.cs
FN:11,OnIsServerAuthoritative()
FNDA:0,OnIsServerAuthoritative()
FNF:1
FNH:0
BRF:0
BRH:0
DA:11,0
DA:12,0
DA:13,0
LH:0
LF:3
end_of_record
SF:/Users/hamzz/Development/holoway/HoloWay/Assets/Assets/Code/Scripts/Utilities/CommonMenuUtilities.cs
FN:8,HideMenuItem(UnityEngine.GameObject)
FN:15,ShowMenuItem(UnityEngine.GameObject)
FNDA:8,HideMenuItem(UnityEngine.GameObject)
FNDA:8,ShowMenuItem(UnityEngine.GameObject)
FNF:2
FNH:2
BRF:0
BRH:0
DA:8,8
DA:9,8
DA:10,8
DA:11,8
DA:12,8
DA:13,8
DA:15,8
DA:16,8
DA:17,8
DA:18,8
DA:19,8
DA:20,8
LH:12
LF:12
end_of_record
SF:/Users/hamzz/Development/holoway/HoloWay/Assets/Assets/Code/Scripts/Utilities/Escape.cs
FN:11,Update()
FNDA:0,Update()
FNF:1
FNH:0
BRF:0
BRH:0
DA:11,0
DA:12,0
DA:13,0
DA:14,0
DA:15,0
LH:0
LF:5
end_of_record
SF:/Users/hamzz/Development/holoway/HoloWay/Assets/Assets/Code/Scripts/FileSharing/GetFile.cs
FN:22,Update()
FN:48,SharedDone(System.String, System.String)
FNDA:6220,Update()
FNDA:0,SharedDone(System.String, System.String)
FNF:2
FNH:1
BRF:0
BRH:0
DA:22,6220
DA:23,6220
DA:24,0
DA:25,0
DA:27,0
DA:28,0
DA:30,0
DA:31,0
DA:34,0
DA:35,0
DA:38,0
DA:39,0
DA:40,0
DA:43,0
DA:44,0
DA:45,0
DA:48,0
DA:49,0
DA:50,0
DA:52,0
DA:53,0
DA:54,0
DA:56,0
DA:57,0
DA:58,0
DA:59,0
DA:60,0
LH:2
LF:27
end_of_record
SF:/Users/hamzz/Development/holoway/HoloWay/Assets/Assets/Code/Scripts/Globals/GlobalAudioSettings.cs
FN:11,GetAudioVolume()
FN:15,SetAudioVolume(System.Single)
FN:21,SetMicrophoneVolume(System.Single)
FN:25,SetUIVolume(System.Single)
FN:29,GetMicrophoneVolume()
FN:33,GetUIVolume()
FN:7,GlobalAudioSettings()
FNDA:23,GetAudioVolume()
FNDA:41,SetAudioVolume(System.Single)
FNDA:41,SetMicrophoneVolume(System.Single)
FNDA:41,SetUIVolume(System.Single)
FNDA:23,GetMicrophoneVolume()
FNDA:185,GetUIVolume()
FNDA:1,GlobalAudioSettings()
FNF:7
FNH:7
BRF:0
BRH:0
DA:7,1
DA:8,1
DA:9,1
DA:11,23
DA:12,23
DA:13,23
DA:15,41
DA:16,41
DA:17,41
DA:18,41
DA:21,41
DA:22,41
DA:23,41
DA:25,41
DA:26,41
DA:27,41
DA:29,23
DA:30,23
DA:31,23
DA:33,185
DA:34,185
DA:35,185
LH:22
LF:22
end_of_record
SF:/Users/hamzz/Development/holoway/HoloWay/Assets/Assets/Code/Scripts/Globals/GlobalControlSettings.cs
FN:7,MouseSensitivityX()
FN:7,MouseSensitivityX(System.Single)
FN:8,MouseSensitivityY()
FN:8,MouseSensitivityY(System.Single)
FNDA:63,MouseSensitivityX()
FNDA:63,MouseSensitivityX(System.Single)
FNDA:63,MouseSensitivityY()
FNDA:63,MouseSensitivityY(System.Single)
FNF:4
FNH:4
BRF:0
BRH:0
DA:7,63
DA:8,63
LH:2
LF:2
end_of_record
SF:/Users/hamzz/Development/holoway/HoloWay/Assets/Assets/Code/Scripts/Globals/GlobalGameSettings.cs
FN:23,CreateInstance()
FN:27,GetInstance()
FN:31,SaveSettings()
FN:42,LoadSettings()
FN:57,ChangeVolumeAccordingToState()
FN:8,GlobalGameSettings()
FN:14,GlobalGameSettings()
FNDA:0,CreateInstance()
FNDA:0,GetInstance()
FNDA:2,SaveSettings()
FNDA:21,LoadSettings()
FNDA:81,ChangeVolumeAccordingToState()
FNDA:1,GlobalGameSettings()
FNDA:1,GlobalGameSettings()
FNF:7
FNH:5
BRF:0
BRH:0
DA:8,1
DA:9,1
DA:10,1
DA:11,1
DA:12,1
DA:14,1
DA:15,1
DA:16,1
DA:17,1
DA:19,1
DA:21,1
DA:23,0
DA:24,0
DA:25,0
DA:27,0
DA:28,0
DA:29,0
DA:31,2
DA:32,2
DA:33,2
DA:34,2
DA:35,2
DA:36,2
DA:37,2
DA:38,2
DA:39,2
DA:40,2
DA:42,21
DA:43,21
DA:45,21
DA:46,21
DA:47,21
DA:48,21
DA:49,21
DA:50,21
DA:51,21
DA:53,21
DA:54,21
DA:55,21
DA:57,81
DA:58,81
DA:61,81
DA:62,81
DA:63,81
DA:64,81
DA:67,0
DA:68,0
DA:69,0
DA:70,0
DA:73,81
LH:40
LF:50
end_of_record
SF:/Users/hamzz/Development/holoway/HoloWay/Assets/Assets/Code/Scripts/Globals/GlobalGameStates.cs
FN:20,GetGameState()
FN:24,SetGameState(GameState)
FN:14,GlobalGameStates()
FNDA:81,GetGameState()
FNDA:21,SetGameState(GameState)
FNDA:1,GlobalGameStates()
FNF:3
FNH:3
BRF:0
BRH:0
DA:14,1
DA:15,1
DA:16,1
DA:18,1
DA:20,81
DA:21,81
DA:22,81
DA:24,21
DA:25,21
DA:26,21
LH:10
LF:10
end_of_record
SF:/Users/hamzz/Development/holoway/HoloWay/Assets/Assets/Code/Scripts/Globals/GlobalGameStrings.cs
FN:12,GetBuildInfo()
FN:5,GlobalGameStrings()
FNDA:0,GetBuildInfo()
FNDA:1,GlobalGameStrings()
FNF:2
FNH:1
BRF:0
BRH:0
DA:5,1
DA:6,1
DA:7,1
DA:9,1
DA:12,0
DA:13,0
DA:14,0
LH:4
LF:7
end_of_record
SF:/Users/hamzz/Development/holoway/HoloWay/Assets/Assets/Code/Scripts/Globals/GlobalNetworkSettings.cs
FN:23,GetIPAddress()
FN:27,SetIPAddress(System.String)
FN:31,GetPort()
FN:35,SetPort(System.Int32)
FN:38,GetNetType()
FN:42,SetNetworkType(NetworkType)
FN:46,InitializeNetworkManager(Unity.Netcode.NetworkManager)
FNDA:29,GetIPAddress()
FNDA:41,SetIPAddress(System.String)
FNDA:29,GetPort()
FNDA:41,SetPort(System.Int32)
FNDA:0,GetNetType()
FNDA:6,SetNetworkType(NetworkType)
FNDA:6,InitializeNetworkManager(Unity.Netcode.NetworkManager)
FNF:7
FNH:6
BRF:0
BRH:0
DA:23,29
DA:24,29
DA:25,29
DA:27,41
DA:28,41
DA:29,41
DA:31,29
DA:32,29
DA:33,29
DA:35,41
DA:36,41
DA:37,41
DA:38,0
DA:39,0
DA:40,0
DA:42,6
DA:43,6
DA:44,6
DA:46,6
DA:47,6
DA:50,3
DA:52,3
DA:53,3
DA:56,3
DA:57,3
DA:58,3
DA:61,0
DA:62,0
DA:63,0
DA:66,6
LH:24
LF:30
end_of_record
SF:/Users/hamzz/Development/holoway/HoloWay/Assets/Assets/Code/Scripts/Globals/GlobalSessionSettings.cs
FN:15,SetSessionName(System.String)
FN:20,GetSessionName()
FN:9,GlobalSessionSettings()
FNDA:0,SetSessionName(System.String)
FNDA:20,GetSessionName()
FNDA:1,GlobalSessionSettings()
FNF:3
FNH:2
BRF:0
BRH:0
DA:9,1
DA:10,1
DA:11,1
DA:12,1
DA:15,0
DA:16,0
DA:17,0
DA:18,0
DA:20,20
DA:21,20
DA:22,20
LH:7
LF:11
end_of_record
SF:/Users/hamzz/Development/holoway/HoloWay/Assets/Assets/Code/Scripts/HolowayAPI/GetQueryCreator.cs
FN:26,Add(System.String, System.String)
FN:39,ToString()
FN:16,GetQueryCreator()
FNDA:37,Add(System.String, System.String)
FNDA:12,ToString()
FNDA:12,GetQueryCreator()
FNF:3
FNH:3
BRF:0
BRH:0
DA:16,12
DA:17,12
DA:21,12
DA:23,12
DA:26,37
DA:29,37
DA:30,37
DA:31,37
DA:32,37
DA:34,37
DA:36,37
DA:39,12
DA:42,12
DA:45,110
DA:46,37
DA:49,37
DA:50,25
DA:51,25
DA:52,25
DA:55,74
DA:58,37
DA:60,37
DA:62,0
DA:63,0
DA:66,0
DA:67,0
DA:68,0
DA:69,0
DA:72,0
DA:74,0
DA:76,0
DA:78,37
DA:80,12
DA:82,12
LH:25
LF:34
end_of_record
SF:/Users/hamzz/Development/holoway/HoloWay/Assets/Assets/Code/Scripts/HolowayAPI/HolowayAPI.cs
FN:28,id()
FN:28,id(System.String)
FN:30,type()
FN:30,type(System.String)
FN:32,name()
FN:32,name(System.String)
FN:34,ToString()
FN:22,HoloFile(System.String, System.String, System.String)
FNDA:0,id()
FNDA:0,id(System.String)
FNDA:0,type()
FNDA:0,type(System.String)
FNDA:0,name()
FNDA:0,name(System.String)
FNDA:0,ToString()
FNDA:0,HoloFile(System.String, System.String, System.String)
FNF:8
FNH:0
BRF:0
BRH:0
DA:22,0
DA:23,0
DA:24,0
DA:25,0
DA:26,0
DA:28,0
DA:30,0
DA:32,0
DA:34,0
LH:0
LF:9
end_of_record
SF:/Users/hamzz/Development/holoway/HoloWay/Assets/Assets/Code/Scripts/HolowayAPI/HolowayAPI.cs
FN:47,add_params(System.String, System.String)
FN:382,sign_message(System.String, System.String)
FN:41,HolowayAPI()
FN:53,check_credential()
FN:122,create_login()
FN:186,list_files()
FN:251,retrieve_login()
FN:311,share_file()
FNDA:11,add_params(System.String, System.String)
FNDA:12,sign_message(System.String, System.String)
FNDA:11,HolowayAPI()
FNDA:0,check_credential()
FNDA:11,create_login()
FNDA:0,list_files()
FNDA:1,retrieve_login()
FNDA:0,share_file()
FNF:8
FNH:5
BRF:0
BRH:0
DA:41,11
DA:42,11
DA:44,33
DA:47,11
DA:48,11
DA:49,11
DA:50,11
DA:53,0
DA:58,0
DA:59,0
DA:60,0
DA:63,0
DA:66,0
DA:69,0
DA:72,0
DA:73,0
DA:74,0
DA:75,0
DA:76,0
DA:79,0
DA:81,0
DA:84,0
DA:87,0
DA:90,0
DA:91,0
DA:93,0
DA:96,0
DA:97,0
DA:98,0
DA:102,0
DA:103,0
DA:104,0
DA:105,0
DA:106,0
DA:108,0
DA:110,0
DA:112,0
DA:114,0
DA:115,0
DA:117,0
DA:119,0
DA:122,11
DA:127,11
DA:128,11
DA:129,11
DA:132,11
DA:135,11
DA:138,11
DA:141,11
DA:142,11
DA:143,11
DA:144,11
DA:147,11
DA:150,11
DA:153,11
DA:156,10
DA:157,10
DA:159,10
DA:162,10
DA:163,10
DA:164,0
DA:168,10
DA:169,10
DA:170,10
DA:172,10
DA:174,10
DA:176,0
DA:178,0
DA:179,0
DA:181,0
DA:183,10
DA:186,0
DA:191,0
DA:192,0
DA:193,0
DA:196,0
DA:199,0
DA:202,0
DA:205,0
DA:206,0
DA:207,0
DA:208,0
DA:209,0
DA:210,0
DA:213,0
DA:216,0
DA:219,0
DA:222,0
DA:223,0
DA:225,0
DA:228,0
DA:231,0
DA:232,0
DA:236,0
DA:237,0
DA:238,0
DA:239,0
DA:240,0
DA:241,0
DA:244,0
DA:246,0
DA:248,0
DA:251,1
DA:256,1
DA:257,1
DA:258,1
DA:261,1
DA:264,1
DA:267,1
DA:270,1
DA:271,1
DA:272,1
DA:273,1
DA:274,1
DA:277,1
DA:280,1
DA:283,1
DA:286,1
DA:287,1
DA:289,1
DA:292,1
DA:293,1
DA:294,0
DA:298,1
DA:299,1
DA:300,1
DA:301,1
DA:302,1
DA:304,1
DA:306,1
DA:308,1
DA:311,0
DA:316,0
DA:317,0
DA:318,0
DA:321,0
DA:324,0
DA:327,0
DA:331,0
DA:332,0
DA:333,0
DA:334,0
DA:335,0
DA:337,0
DA:338,0
DA:339,0
DA:340,0
DA:341,0
DA:344,0
DA:347,0
DA:350,0
DA:353,0
DA:354,0
DA:356,0
DA:359,0
DA:362,0
DA:363,0
DA:367,0
DA:368,0
DA:369,0
DA:370,0
DA:371,0
DA:372,0
DA:375,0
DA:377,0
DA:379,0
DA:382,12
DA:385,12
DA:388,12
DA:389,12
DA:395,12
DA:396,12
DA:399,12
DA:400,12
DA:403,12
DA:404,12
DA:406,12
DA:408,12
DA:410,12
DA:412,12
LH:74
LF:180
end_of_record
SF:/Users/hamzz/Development/holoway/HoloWay/Assets/Assets/Code/Scripts/Menu/JoinRoom.cs
FN:14,joinRoom()
FNDA:3,joinRoom()
FNF:1
FNH:1
BRF:0
BRH:0
DA:14,3
DA:15,3
DA:16,3
DA:18,1
DA:19,1
DA:20,1
DA:22,1
DA:23,1
DA:24,1
DA:26,1
DA:27,1
DA:28,1
DA:30,3
LH:13
LF:13
end_of_record
SF:/Users/hamzz/Development/holoway/HoloWay/Assets/Assets/Code/Scripts/Menu/LoginManager.cs
FN:22,Start()
FN:56,GetLoginCode()
FN:71,ReplaceCode(System.String, System.String, System.String)
FN:100,RepeatCheck()
FN:116,CheckIfLoggedIn(System.String, System.String, System.String, System.String, System.String)
FN:153,CheckedLogin(System.String, System.String, System.String, System.String, System.String)
FNDA:11,Start()
FNDA:11,GetLoginCode()
FNDA:10,ReplaceCode(System.String, System.String, System.String)
FNDA:1,RepeatCheck()
FNDA:1,CheckIfLoggedIn(System.String, System.String, System.String, System.String, System.String)
FNDA:0,CheckedLogin(System.String, System.String, System.String, System.String, System.String)
FNF:6
FNH:5
BRF:0
BRH:0
DA:22,11
DA:24,11
DA:25,11
DA:27,11
DA:28,11
DA:30,11
DA:33,11
DA:35,0
DA:37,0
DA:40,0
DA:42,0
DA:46,0
DA:48,11
DA:50,11
DA:56,11
DA:58,11
DA:60,11
DA:62,11
DA:64,11
DA:71,10
DA:73,10
DA:74,0
DA:76,10
DA:78,10
DA:79,0
DA:82,10
DA:84,10
DA:85,0
DA:88,10
DA:90,10
DA:92,10
DA:94,10
DA:100,1
DA:102,1
DA:104,1
DA:106,1
DA:108,1
DA:116,1
DA:118,1
DA:120,0
DA:122,0
DA:123,0
DA:124,0
DA:126,0
DA:127,0
DA:128,0
DA:129,0
DA:130,0
DA:131,0
DA:132,0
DA:133,0
DA:134,0
DA:135,0
DA:137,0
DA:139,1
DA:140,1
DA:141,1
DA:142,1
DA:143,1
DA:145,1
DA:153,0
DA:155,0
DA:157,0
DA:159,0
DA:160,0
DA:161,0
DA:163,0
DA:164,0
DA:165,0
DA:166,0
DA:167,0
DA:168,0
DA:169,0
DA:170,0
DA:172,0
DA:174,0
DA:176,0
DA:178,0
DA:180,0
DA:182,0
DA:183,0
DA:184,0
DA:185,0
DA:186,0
DA:188,0
LH:37
LF:85
end_of_record
SF:/Users/hamzz/Development/holoway/HoloWay/Assets/Assets/Code/Scripts/Utilities/LoginSession.cs
FN:9,LoginSession()
FNDA:1,LoginSession()
FNF:1
FNH:1
BRF:0
BRH:0
DA:9,1
DA:10,1
DA:11,1
LH:3
LF:3
end_of_record
SF:/Users/hamzz/Development/holoway/HoloWay/Assets/Assets/Code/Scripts/Utilities/Logout.cs
FN:9,LogoutFunction()
FN:14,DeletePlayerTokenAndLogout()
FNDA:1,LogoutFunction()
FNDA:0,DeletePlayerTokenAndLogout()
FNF:2
FNH:1
BRF:0
BRH:0
DA:9,1
DA:10,1
DA:11,1
DA:12,1
DA:14,0
DA:15,0
DA:17,0
LH:4
LF:7
end_of_record
SF:/Users/hamzz/Development/holoway/HoloWay/Assets/Assets/Code/Scripts/Menu/MainMenuScript.cs
FN:14,Start()
FN:26,OnButtonClick()
FN:30,OnButtonHover()
FN:36,DoButtonDefaults(System.Int32)
FNDA:266,Start()
FNDA:17,OnButtonClick()
FNDA:1,OnButtonHover()
FNDA:18,DoButtonDefaults(System.Int32)
FNF:4
FNH:4
BRF:0
BRH:0
DA:14,266
DA:15,266
DA:16,266
DA:17,266
DA:18,266
DA:19,45
DA:20,45
DA:21,45
DA:22,266
DA:23,266
DA:26,17
DA:27,17
DA:28,17
DA:30,1
DA:31,1
DA:32,1
DA:36,18
DA:37,18
DA:40,17
DA:41,17
DA:42,17
DA:45,1
DA:46,1
DA:47,1
DA:50,18
LH:25
LF:25
end_of_record
SF:/Users/hamzz/Development/holoway/HoloWay/Assets/Assets/Code/Scripts/Menu/MenuSessionScript.cs
FN:11,Start()
FN:27,Update()
FNDA:20,Start()
FNDA:5299,Update()
FNF:2
FNH:2
BRF:0
BRH:0
DA:11,20
DA:12,20
DA:13,20
DA:14,20
DA:15,20
DA:16,0
DA:17,0
DA:18,0
DA:19,0
DA:20,0
DA:21,0
DA:22,20
DA:23,20
DA:27,5299
DA:29,5299
LH:9
LF:15
end_of_record
SF:/Users/hamzz/Development/holoway/HoloWay/Assets/Assets/Code/Scripts/Menu/ModCameraScript.cs
FN:17,Start()
FN:27,Update()
FN:13,ModCameraScript()
FNDA:37,Start()
FNDA:30000,Update()
FNDA:37,ModCameraScript()
FNF:3
FNH:3
BRF:0
BRH:0
DA:13,37
DA:14,37
DA:17,37
DA:18,37
DA:19,37
DA:20,37
DA:21,37
DA:23,37
DA:27,30000
DA:28,30000
DA:29,0
DA:30,0
DA:31,0
DA:32,0
DA:33,30000
DA:34,0
DA:35,0
DA:36,0
DA:37,0
DA:38,0
DA:39,0
DA:40,0
DA:41,0
DA:43,0
DA:44,0
DA:45,0
DA:46,0
DA:47,0
DA:48,0
DA:49,0
DA:50,30000
LH:12
LF:31
end_of_record
SF:/Users/hamzz/Development/holoway/HoloWay/Assets/Assets/Code/Scripts/Multiplayer/NetworkManagerInitializer.cs
FN:11,Start()
FNDA:6,Start()
FNF:1
FNH:1
BRF:0
BRH:0
DA:11,6
DA:12,6
DA:13,6
DA:14,6
DA:15,6
DA:17,6
LH:6
LF:6
end_of_record
SF:/Users/hamzz/Development/holoway/HoloWay/Assets/Assets/Code/Scripts/Menu/PauseMenuScript.cs
FN:9,Update()
FNDA:0,Update()
FNF:1
FNH:0
BRF:0
BRH:0
DA:9,0
DA:10,0
DA:12,0
DA:13,0
DA:16,0
DA:17,0
DA:18,0
DA:19,0
DA:22,0
DA:23,0
DA:24,0
DA:25,0
DA:28,0
DA:29,0
DA:30,0
LH:0
LF:15
end_of_record
SF:/Users/hamzz/Development/holoway/HoloWay/Assets/Assets/Code/Scripts/Utilities/PlatformCameraInitializer.cs
FN:12,Start()
FNDA:0,Start()
FNF:1
FNH:0
BRF:0
BRH:0
DA:12,0
DA:13,0
DA:14,0
DA:15,0
DA:16,0
DA:17,0
DA:18,0
DA:19,0
DA:21,0
DA:22,0
DA:23,0
DA:24,0
DA:25,0
LH:0
LF:13
end_of_record
SF:/Users/hamzz/Development/holoway/HoloWay/Assets/Assets/Code/Scripts/Utilities/Quit.cs
FN:9,ReturnToDescktop()
FNDA:1,ReturnToDescktop()
FNF:1
FNH:1
BRF:0
BRH:0
DA:9,1
DA:10,1
DA:11,1
DA:12,1
LH:4
LF:4
end_of_record
SF:/Users/hamzz/Development/holoway/HoloWay/Assets/Assets/Code/Scripts/Menu/RoomSelectionMenuScript.cs
FN:8,MakeHost()
FNDA:3,MakeHost()
FNF:1
FNH:1
BRF:0
BRH:0
DA:8,3
DA:9,3
DA:10,3
LH:3
LF:3
end_of_record
SF:/Users/hamzz/Development/holoway/HoloWay/Assets/Assets/Code/Scripts/Menu/SavingPanelBehaviour.cs
FN:17,Start()
FN:24,Update()
FN:40,HidePanel()
FN:44,ShowPanel()
FN:48,ShowPanel(System.Single)
FN:56,IsShown()
FN:8,SavingPanelBehaviour()
FNDA:3,Start()
FNDA:0,Update()
FNDA:3,HidePanel()
FNDA:0,ShowPanel()
FNDA:3,ShowPanel(System.Single)
FNDA:0,IsShown()
FNDA:74,SavingPanelBehaviour()
FNF:7
FNH:4
BRF:0
BRH:0
DA:8,74
DA:13,74
DA:14,74
DA:17,3
DA:18,3
DA:19,3
DA:20,3
DA:24,0
DA:25,0
DA:26,0
DA:27,0
DA:28,0
DA:29,0
DA:30,0
DA:31,0
DA:32,0
DA:33,0
DA:34,0
DA:35,0
DA:36,0
DA:37,0
DA:38,0
DA:40,3
DA:41,3
DA:42,3
DA:44,0
DA:45,0
DA:46,0
DA:48,3
DA:49,3
DA:50,3
DA:51,3
DA:52,3
DA:54,3
DA:56,0
DA:57,0
DA:58,0
LH:16
LF:37
end_of_record
SF:/Users/hamzz/Development/holoway/HoloWay/Assets/Assets/Code/Scripts/Multiplayer/ServerSideScript.cs
FN:16,Start()
FN:22,Singleton_OnClientDisconnectCallback(System.UInt64)
FN:27,Singleton_OnClientConnectedCallback(System.UInt64)
FN:44,Update()
FN:8,ServerSideScript()
FNDA:2,Start()
FNDA:0,Singleton_OnClientDisconnectCallback(System.UInt64)
FNDA:0,Singleton_OnClientConnectedCallback(System.UInt64)
FNDA:6220,Update()
FNDA:2,ServerSideScript()
FNF:5
FNH:3
BRF:0
BRH:0
DA:8,2
DA:10,2
DA:16,2
DA:17,2
DA:19,2
DA:22,0
DA:23,0
DA:27,0
DA:28,0
DA:29,0
DA:30,0
DA:31,0
DA:32,0
DA:33,0
DA:34,0
DA:35,0
DA:36,0
DA:37,0
DA:38,0
DA:39,0
DA:40,0
DA:44,6220
DA:45,6220
DA:46,6220
DA:47,6220
DA:48,0
DA:49,0
DA:50,0
DA:51,0
DA:52,0
DA:53,0
DA:54,0
DA:55,0
DA:56,0
DA:58,0
DA:59,6220
DA:60,6220
LH:11
LF:37
end_of_record
SF:/Users/hamzz/Development/holoway/HoloWay/Assets/Assets/Code/Scripts/Menu/SettingsMenuScript.cs
FN:23,Start()
FN:42,OnMouseSensitivityXChange()
FN:47,OnMouseSensitivityYChange()
FN:52,OnMicrophoneVolumeChange()
FN:57,OnUIVolumeChange()
FN:62,OnVolumeSliderChange()
FN:67,IPAddressField_OnChange()
FN:71,PortField_OnChange()
FN:75,SettingsOnSave()
FNDA:20,Start()
FNDA:20,OnMouseSensitivityXChange()
FNDA:20,OnMouseSensitivityYChange()
FNDA:20,OnMicrophoneVolumeChange()
FNDA:20,OnUIVolumeChange()
FNDA:20,OnVolumeSliderChange()
FNDA:20,IPAddressField_OnChange()
FNDA:20,PortField_OnChange()
FNDA:2,SettingsOnSave()
FNF:9
FNH:9
BRF:0
BRH:0
DA:23,20
DA:24,20
DA:25,20
DA:26,20
DA:27,20
DA:28,20
DA:29,20
DA:30,20
DA:31,20
DA:32,20
DA:33,20
DA:34,20
DA:35,20
DA:36,20
DA:37,20
DA:38,20
DA:40,20
DA:42,20
DA:43,20
DA:44,20
DA:45,20
DA:47,20
DA:48,20
DA:49,20
DA:50,20
DA:52,20
DA:53,20
DA:54,20
DA:55,20
DA:57,20
DA:58,20
DA:59,20
DA:60,20
DA:62,20
DA:63,20
DA:64,20
DA:65,20
DA:67,20
DA:68,20
DA:69,20
DA:71,20
DA:72,20
DA:73,20
DA:75,2
DA:76,2
DA:77,2
LH:46
LF:46
end_of_record
SF:/Users/hamzz/Development/holoway/HoloWay/Assets/Assets/Code/Scripts/FileSharing/ShareFile.cs
FN:16,shareFile()
FNDA:0,shareFile()
FNF:1
FNH:0
BRF:0
BRH:0
DA:16,0
DA:18,0
DA:20,0
DA:22,0
DA:23,0
DA:24,0
DA:25,0
LH:0
LF:7
end_of_record
SF:/Users/hamzz/Development/holoway/HoloWay/Assets/Assets/Code/Scripts/Splash/SplashScreen.cs
FN:16,Start()
FN:41,Update()
FN:47,FadeTransition()
FN:96,CheckIfVideoIsOver()
FN:11,SplashScreen()
FNDA:9,Start()
FNDA:8201,Update()
FNDA:119,FadeTransition()
FNDA:67,CheckIfVideoIsOver()
FNDA:9,SplashScreen()
FNF:5
FNH:5
BRF:0
BRH:0
DA:11,9
DA:12,9
DA:16,9
DA:19,9
DA:20,9
DA:21,9
DA:22,9
DA:25,9
DA:28,9
DA:31,9
DA:32,9
DA:33,9
DA:36,9
DA:37,9
DA:41,8201
DA:43,8201
DA:47,119
DA:49,119
DA:52,119
DA:57,119
DA:58,40
DA:60,40
DA:61,40
DA:64,40
DA:65,40
DA:66,2
DA:68,2
DA:71,2
DA:74,2
DA:77,2
DA:78,2
DA:81,40
DA:82,40
DA:83,40
DA:85,79
DA:86,79
DA:87,2
DA:88,2
DA:89,2
DA:90,2
DA:91,2
DA:92,79
DA:93,119
DA:96,67
DA:98,67
DA:101,67
DA:104,67
DA:105,67
DA:107,67
DA:108,1
DA:109,1
DA:110,1
DA:111,1
DA:112,67
LH:54
LF:54
end_of_record
SF:/Users/hamzz/Development/holoway/HoloWay/Assets/Assets/Code/Scripts/Voice/UserEventHandler.cs
FN:14,OnError(System.Int32, System.String)
FN:20,OnJoinChannelSuccess(Agora.Rtc.RtcConnection, System.Int32)
FN:29,OnRejoinChannelSuccess(Agora.Rtc.RtcConnection, System.Int32)
FN:35,OnLeaveChannel(Agora.Rtc.RtcConnection, Agora.Rtc.RtcStats)
FN:41,OnClientRoleChanged(Agora.Rtc.RtcConnection, Agora.Rtc.CLIENT_ROLE_TYPE, Agora.Rtc.CLIENT_ROLE_TYPE, Agora.Rtc.ClientRoleOptions)
FN:47,OnUserJoined(Agora.Rtc.RtcConnection, System.UInt32, System.Int32)
FN:53,OnUserOffline(Agora.Rtc.RtcConnection, System.UInt32, Agora.Rtc.USER_OFFLINE_REASON_TYPE)
FN:8,UserEventHandler(VoiceHandler)
FNDA:0,OnError(System.Int32, System.String)
FNDA:0,OnJoinChannelSuccess(Agora.Rtc.RtcConnection, System.Int32)
FNDA:0,OnRejoinChannelSuccess(Agora.Rtc.RtcConnection, System.Int32)
FNDA:0,OnLeaveChannel(Agora.Rtc.RtcConnection, Agora.Rtc.RtcStats)
FNDA:0,OnClientRoleChanged(Agora.Rtc.RtcConnection, Agora.Rtc.CLIENT_ROLE_TYPE, Agora.Rtc.CLIENT_ROLE_TYPE, Agora.Rtc.ClientRoleOptions)
FNDA:0,OnUserJoined(Agora.Rtc.RtcConnection, System.UInt32, System.Int32)
FNDA:0,OnUserOffline(Agora.Rtc.RtcConnection, System.UInt32, Agora.Rtc.USER_OFFLINE_REASON_TYPE)
FNDA:0,UserEventHandler(VoiceHandler)
FNF:8
FNH:0
BRF:0
BRH:0
DA:8,0
DA:9,0
DA:10,0
DA:11,0
DA:14,0
DA:16,0
DA:17,0
DA:20,0
DA:21,0
DA:24,0
DA:25,0
DA:26,0
DA:29,0
DA:31,0
DA:32,0
DA:35,0
DA:37,0
DA:38,0
DA:41,0
DA:43,0
DA:44,0
DA:47,0
DA:49,0
DA:50,0
DA:53,0
DA:55,0
DA:56,0
LH:0
LF:27
end_of_record
SF:/Users/hamzz/Development/holoway/HoloWay/Assets/Assets/Code/Scripts/Voice/VoiceHandler.cs
FN:44,Start()
FN:61,Update()
FN:74,CheckAppId()
FN:82,LoadAssetData()
FN:90,InitRtcEngine()
FN:101,SetBasicConfiguration()
FN:110,StartEchoTest()
FN:116,StopEchoTest()
FN:121,JoinChannel()
FN:126,LeaveChannel()
FN:131,StopPublishAudio()
FN:139,StartPublishAudio()
FN:147,GetAudioPlaybackDevice()
FN:165,SelectAudioPlaybackDevice()
FN:178,OnDestroy()
FN:22,VoiceHandler()
FNDA:0,Start()
FNDA:0,Update()
FNDA:0,CheckAppId()
FNDA:0,LoadAssetData()
FNDA:0,InitRtcEngine()
FNDA:0,SetBasicConfiguration()
FNDA:0,StartEchoTest()
FNDA:0,StopEchoTest()
FNDA:0,JoinChannel()
FNDA:0,LeaveChannel()
FNDA:0,StopPublishAudio()
FNDA:0,StartPublishAudio()
FNDA:0,GetAudioPlaybackDevice()
FNDA:0,SelectAudioPlaybackDevice()
FNDA:0,OnDestroy()
FNDA:1,VoiceHandler()
FNF:16
FNH:1
BRF:0
BRH:0
DA:22,1
DA:26,1
DA:30,1
DA:34,1
DA:41,1
DA:44,0
DA:45,0
DA:46,0
DA:47,0
DA:48,0
DA:49,0
DA:50,0
DA:51,0
DA:52,0
DA:53,0
DA:55,0
DA:57,0
DA:58,0
DA:61,0
DA:62,0
DA:63,0
DA:64,0
DA:65,0
DA:66,0
DA:67,0
DA:69,0
DA:70,0
DA:71,0
DA:74,0
DA:75,0
DA:76,0
DA:77,0
DA:82,0
DA:83,0
DA:84,0
DA:85,0
DA:86,0
DA:87,0
DA:90,0
DA:91,0
DA:92,0
DA:93,0
DA:96,0
DA:97,0
DA:98,0
DA:101,0
DA:102,0
DA:103,0
DA:104,0
DA:105,0
DA:110,0
DA:111,0
DA:112,0
DA:113,0
DA:116,0
DA:117,0
DA:118,0
DA:121,0
DA:122,0
DA:123,0
DA:126,0
DA:127,0
DA:128,0
DA:131,0
DA:132,0
DA:133,0
DA:134,0
DA:135,0
DA:136,0
DA:139,0
DA:140,0
DA:141,0
DA:142,0
DA:143,0
DA:144,0
DA:147,0
DA:149,0
DA:150,0
DA:151,0
DA:152,0
DA:153,0
DA:154,0
DA:156,0
DA:162,0
DA:165,0
DA:166,0
DA:167,0
DA:168,0
DA:170,0
DA:171,0
DA:172,0
DA:173,0
DA:178,0
DA:179,0
DA:180,0
DA:181,0
DA:182,0
DA:183,0
DA:184,0
LH:5
LF:99
end_of_record
